<?xml version="1.0" encoding="UTF-8"?>
<testsuites name="Mocha Tests" time="3.8660" tests="1587" failures="0">
  <testsuite name="Root Suite" timestamp="2020-10-09T18:19:45" tests="0" time="0.0000" failures="0">
  </testsuite>
  <testsuite name="AjvValidationPipe" timestamp="2020-10-09T18:19:45" tests="0" file="/Users/romainlenzotti/workspace/ts-projects/ts-express-decorators/packages/ajv/src/pipes/AjvValidationPipe.spec.ts" time="0.0000" failures="0">
  </testsuite>
  <testsuite name="With raw json schema" timestamp="2020-10-09T18:19:45" tests="2" file="/Users/romainlenzotti/workspace/ts-projects/ts-express-decorators/packages/ajv/src/pipes/AjvValidationPipe.spec.ts" time="0.0210" failures="0">
    <testcase name="AjvValidationPipe With raw json schema should validate object" time="0.0130" classname="should validate object">
    </testcase>
    <testcase name="AjvValidationPipe With raw json schema should throw an error" time="0.0080" classname="should throw an error">
    </testcase>
  </testsuite>
  <testsuite name="With String" timestamp="2020-10-09T18:19:45" tests="2" file="/Users/romainlenzotti/workspace/ts-projects/ts-express-decorators/packages/ajv/src/pipes/AjvValidationPipe.spec.ts" time="0.0120" failures="0">
    <testcase name="AjvValidationPipe With String should validate value" time="0.0050" classname="should validate value">
    </testcase>
    <testcase name="AjvValidationPipe With String should validate value (array)" time="0.0070" classname="should validate value (array)">
    </testcase>
  </testsuite>
  <testsuite name="With QueryParam with boolean" timestamp="2020-10-09T18:19:45" tests="1" file="/Users/romainlenzotti/workspace/ts-projects/ts-express-decorators/packages/ajv/src/pipes/AjvValidationPipe.spec.ts" time="0.0140" failures="0">
    <testcase name="AjvValidationPipe With QueryParam with boolean should validate value" time="0.0140" classname="should validate value">
    </testcase>
  </testsuite>
  <testsuite name="With model" timestamp="2020-10-09T18:19:45" tests="4" file="/Users/romainlenzotti/workspace/ts-projects/ts-express-decorators/packages/ajv/src/pipes/AjvValidationPipe.spec.ts" time="0.0220" failures="0">
    <testcase name="AjvValidationPipe With model should validate object" time="0.0060" classname="should validate object">
    </testcase>
    <testcase name="AjvValidationPipe With model should throw an error" time="0.0050" classname="should throw an error">
    </testcase>
    <testcase name="AjvValidationPipe With model should throw an error (deep property)" time="0.0070" classname="should throw an error (deep property)">
    </testcase>
    <testcase name="AjvValidationPipe With model should throw an error and hide password value" time="0.0040" classname="should throw an error and hide password value">
    </testcase>
  </testsuite>
  <testsuite name="With array of model" timestamp="2020-10-09T18:19:45" tests="3" file="/Users/romainlenzotti/workspace/ts-projects/ts-express-decorators/packages/ajv/src/pipes/AjvValidationPipe.spec.ts" time="0.0160" failures="0">
    <testcase name="AjvValidationPipe With array of model should validate object" time="0.0050" classname="should validate object">
    </testcase>
    <testcase name="AjvValidationPipe With array of model should throw an error" time="0.0050" classname="should throw an error">
    </testcase>
    <testcase name="AjvValidationPipe With array of model should throw an error (deep property)" time="0.0060" classname="should throw an error (deep property)">
    </testcase>
  </testsuite>
  <testsuite name="With Map of model" timestamp="2020-10-09T18:19:46" tests="3" file="/Users/romainlenzotti/workspace/ts-projects/ts-express-decorators/packages/ajv/src/pipes/AjvValidationPipe.spec.ts" time="0.0170" failures="0">
    <testcase name="AjvValidationPipe With Map of model should validate object" time="0.0050" classname="should validate object">
    </testcase>
    <testcase name="AjvValidationPipe With Map of model should throw an error" time="0.0050" classname="should throw an error">
    </testcase>
    <testcase name="AjvValidationPipe With Map of model should throw an error (deep property)" time="0.0070" classname="should throw an error (deep property)">
    </testcase>
  </testsuite>
  <testsuite name="With Set of model" timestamp="2020-10-09T18:19:46" tests="3" file="/Users/romainlenzotti/workspace/ts-projects/ts-express-decorators/packages/ajv/src/pipes/AjvValidationPipe.spec.ts" time="0.0130" failures="0">
    <testcase name="AjvValidationPipe With Set of model should validate object" time="0.0040" classname="should validate object">
    </testcase>
    <testcase name="AjvValidationPipe With Set of model should throw an error" time="0.0040" classname="should throw an error">
    </testcase>
    <testcase name="AjvValidationPipe With Set of model should throw an error (deep property)" time="0.0050" classname="should throw an error (deep property)">
    </testcase>
  </testsuite>
  <testsuite name="Ajv" timestamp="2020-10-09T18:19:46" tests="1" file="/Users/romainlenzotti/workspace/ts-projects/ts-express-decorators/packages/ajv/src/services/Ajv.spec.ts" time="0.0060" failures="0">
    <testcase name="Ajv should create a new Ajv instance" time="0.0060" classname="should create a new Ajv instance">
    </testcase>
  </testsuite>
  <testsuite name="PlatformConfiguration" timestamp="2020-10-09T18:19:46" tests="0" file="/Users/romainlenzotti/workspace/ts-projects/ts-express-decorators/packages/common/src/config/services/PlatformConfiguration.spec.ts" time="0.0000" failures="0">
  </testsuite>
  <testsuite name="Test ENV" timestamp="2020-10-09T18:19:46" tests="21" file="/Users/romainlenzotti/workspace/ts-projects/ts-express-decorators/packages/common/src/config/services/PlatformConfiguration.spec.ts" time="0.0010" failures="0">
    <testcase name="PlatformConfiguration Test ENV should return rootDir" time="0.0000" classname="should return rootDir">
    </testcase>
    <testcase name="PlatformConfiguration Test ENV should return rootDir" time="0.0000" classname="should return rootDir">
    </testcase>
    <testcase name="PlatformConfiguration Test ENV should return custom keys" time="0.0000" classname="should return custom keys">
    </testcase>
    <testcase name="PlatformConfiguration Test ENV should return env" time="0.0010" classname="should return env">
    </testcase>
    <testcase name="PlatformConfiguration Test ENV should have logging jsonIndentaion set to 2" time="0.0000" classname="should have logging jsonIndentaion set to 2">
    </testcase>
    <testcase name="PlatformConfiguration Test ENV should return httpsPort" time="0.0000" classname="should return httpsPort">
    </testcase>
    <testcase name="PlatformConfiguration Test ENV should return httpPort" time="0.0000" classname="should return httpPort">
    </testcase>
    <testcase name="PlatformConfiguration Test ENV should return httpsPort" time="0.0000" classname="should return httpsPort">
    </testcase>
    <testcase name="PlatformConfiguration Test ENV should return httpPort" time="0.0000" classname="should return httpPort">
    </testcase>
    <testcase name="PlatformConfiguration Test ENV should return componentsScan" time="0.0000" classname="should return componentsScan">
    </testcase>
    <testcase name="PlatformConfiguration Test ENV should return mount" time="0.0000" classname="should return mount">
    </testcase>
    <testcase name="PlatformConfiguration Test ENV should return httpsOptions" time="0.0000" classname="should return httpsOptions">
    </testcase>
    <testcase name="PlatformConfiguration Test ENV should return acceptMimes" time="0.0000" classname="should return acceptMimes">
    </testcase>
    <testcase name="PlatformConfiguration Test ENV should return statics" time="0.0000" classname="should return statics">
    </testcase>
    <testcase name="PlatformConfiguration Test ENV should return env" time="0.0000" classname="should return env">
    </testcase>
    <testcase name="PlatformConfiguration Test ENV should return version" time="0.0000" classname="should return version">
    </testcase>
    <testcase name="PlatformConfiguration Test ENV should return errors" time="0.0000" classname="should return errors">
    </testcase>
    <testcase name="PlatformConfiguration Test ENV should return routers" time="0.0000" classname="should return routers">
    </testcase>
    <testcase name="PlatformConfiguration Test ENV should return converter settings" time="0.0000" classname="should return converter settings">
    </testcase>
    <testcase name="PlatformConfiguration Test ENV should return controllerScope" time="0.0000" classname="should return controllerScope">
    </testcase>
    <testcase name="PlatformConfiguration Test ENV should return excluded patterns" time="0.0000" classname="should return excluded patterns">
    </testcase>
  </testsuite>
  <testsuite name="debug" timestamp="2020-10-09T18:19:46" tests="2" file="/Users/romainlenzotti/workspace/ts-projects/ts-express-decorators/packages/common/src/config/services/PlatformConfiguration.spec.ts" time="0.0000" failures="0">
    <testcase name="PlatformConfiguration Test ENV debug should expose debug as initialized" time="0.0000" classname="should expose debug as initialized">
    </testcase>
    <testcase name="PlatformConfiguration Test ENV debug debug should be equal to the last set value" time="0.0000" classname="debug should be equal to the last set value">
    </testcase>
  </testsuite>
  <testsuite name="forEach()" timestamp="2020-10-09T18:19:46" tests="1" file="/Users/romainlenzotti/workspace/ts-projects/ts-express-decorators/packages/common/src/config/services/PlatformConfiguration.spec.ts" time="0.0000" failures="0">
    <testcase name="PlatformConfiguration Test ENV forEach() should loop on items" time="0.0000" classname="should loop on items">
    </testcase>
  </testsuite>
  <testsuite name="buildAddressAndPort()" timestamp="2020-10-09T18:19:46" tests="2" file="/Users/romainlenzotti/workspace/ts-projects/ts-express-decorators/packages/common/src/config/services/PlatformConfiguration.spec.ts" time="0.0000" failures="0">
    <testcase name="PlatformConfiguration Test ENV buildAddressAndPort() should return address and port from a concatened address and port" time="0.0000" classname="should return address and port from a concatened address and port">
    </testcase>
    <testcase name="PlatformConfiguration Test ENV buildAddressAndPort() should return address and port from a port number" time="0.0000" classname="should return address and port from a port number">
    </testcase>
  </testsuite>
  <testsuite name="port" timestamp="2020-10-09T18:19:46" tests="1" file="/Users/romainlenzotti/workspace/ts-projects/ts-express-decorators/packages/common/src/config/services/PlatformConfiguration.spec.ts" time="0.0000" failures="0">
    <testcase name="PlatformConfiguration Test ENV port should set port" time="0.0000" classname="should set port">
    </testcase>
  </testsuite>
  <testsuite name="resolve()" timestamp="2020-10-09T18:19:46" tests="4" file="/Users/romainlenzotti/workspace/ts-projects/ts-express-decorators/packages/common/src/config/services/PlatformConfiguration.spec.ts" time="0.0000" failures="0">
    <testcase name="PlatformConfiguration Test ENV resolve() should replace rootDir" time="0.0000" classname="should replace rootDir">
    </testcase>
    <testcase name="PlatformConfiguration Test ENV resolve() should preserve class" time="0.0000" classname="should preserve class">
    </testcase>
    <testcase name="PlatformConfiguration Test ENV resolve() should replace rootDir" time="0.0000" classname="should replace rootDir">
    </testcase>
    <testcase name="PlatformConfiguration Test ENV resolve() should replace rootDir" time="0.0000" classname="should replace rootDir">
    </testcase>
  </testsuite>
  <testsuite name="Test PRODUCTION" timestamp="2020-10-09T18:19:46" tests="2" file="/Users/romainlenzotti/workspace/ts-projects/ts-express-decorators/packages/common/src/config/services/PlatformConfiguration.spec.ts" time="0.0000" failures="0">
    <testcase name="PlatformConfiguration Test PRODUCTION should return env PROD" time="0.0000" classname="should return env PROD">
    </testcase>
    <testcase name="PlatformConfiguration Test PRODUCTION should have logging jsonIndentaion set to 0" time="0.0000" classname="should have logging jsonIndentaion set to 0">
    </testcase>
  </testsuite>
  <testsuite name="set logger format" timestamp="2020-10-09T18:19:46" tests="1" file="/Users/romainlenzotti/workspace/ts-projects/ts-express-decorators/packages/common/src/config/services/PlatformConfiguration.spec.ts" time="0.0050" failures="0">
    <testcase name="PlatformConfiguration set logger format should call $log.appenders.set()" time="0.0050" classname="should call $log.appenders.set()">
    </testcase>
  </testsuite>
  <testsuite name="@AdditionalProperties" timestamp="2020-10-09T18:19:46" tests="1" file="/Users/romainlenzotti/workspace/ts-projects/ts-express-decorators/packages/common/src/jsonschema/decorators/additionalProperties.spec.ts" time="0.0010" failures="0">
    <testcase name="@AdditionalProperties should accept additional properties" time="0.0010" classname="should accept additional properties">
    </testcase>
  </testsuite>
  <testsuite name="Any" timestamp="2020-10-09T18:19:46" tests="4" file="/Users/romainlenzotti/workspace/ts-projects/ts-express-decorators/packages/common/src/jsonschema/decorators/any.spec.ts" time="0.0030" failures="0">
    <testcase name="Any should declare any prop" time="0.0010" classname="should declare any prop">
    </testcase>
    <testcase name="Any should declare any prop (uniq type)" time="0.0000" classname="should declare any prop (uniq type)">
    </testcase>
    <testcase name="Any should declare any prop (with list)" time="0.0010" classname="should declare any prop (with list)">
    </testcase>
    <testcase name="Any should declare any prop (with string, list)" time="0.0010" classname="should declare any prop (with string, list)">
    </testcase>
  </testsuite>
  <testsuite name="Const" timestamp="2020-10-09T18:19:46" tests="0" file="/Users/romainlenzotti/workspace/ts-projects/ts-express-decorators/packages/common/src/jsonschema/decorators/const.spec.ts" time="0.0000" failures="0">
  </testsuite>
  <testsuite name="when const is a string" timestamp="2020-10-09T18:19:46" tests="1" file="/Users/romainlenzotti/workspace/ts-projects/ts-express-decorators/packages/common/src/jsonschema/decorators/const.spec.ts" time="0.0010" failures="0">
    <testcase name="Const when const is a string should store data" time="0.0010" classname="should store data">
    </testcase>
  </testsuite>
  <testsuite name="Default" timestamp="2020-10-09T18:19:46" tests="0" file="/Users/romainlenzotti/workspace/ts-projects/ts-express-decorators/packages/common/src/jsonschema/decorators/default.spec.ts" time="0.0000" failures="0">
  </testsuite>
  <testsuite name="value (0)" timestamp="2020-10-09T18:19:46" tests="1" file="/Users/romainlenzotti/workspace/ts-projects/ts-express-decorators/packages/common/src/jsonschema/decorators/default.spec.ts" time="0.0010" failures="0">
    <testcase name="Default value (0) should store data" time="0.0010" classname="should store data">
    </testcase>
  </testsuite>
  <testsuite name="Description" timestamp="2020-10-09T18:19:46" tests="1" file="/Users/romainlenzotti/workspace/ts-projects/ts-express-decorators/packages/common/src/jsonschema/decorators/description.spec.ts" time="0.0000" failures="0">
    <testcase name="Description should return the right json schema" time="0.0000" classname="should return the right json schema">
    </testcase>
  </testsuite>
  <testsuite name="Email" timestamp="2020-10-09T18:19:46" tests="1" file="/Users/romainlenzotti/workspace/ts-projects/ts-express-decorators/packages/common/src/jsonschema/decorators/email.spec.ts" time="0.0000" failures="0">
    <testcase name="Email should store data" time="0.0000" classname="should store data">
    </testcase>
  </testsuite>
  <testsuite name="Enum" timestamp="2020-10-09T18:19:46" tests="1" file="/Users/romainlenzotti/workspace/ts-projects/ts-express-decorators/packages/common/src/jsonschema/decorators/enum.spec.ts" time="0.0000" failures="0">
    <testcase name="Enum should store data" time="0.0000" classname="should store data">
    </testcase>
  </testsuite>
  <testsuite name="@Example" timestamp="2020-10-09T18:19:46" tests="3" file="/Users/romainlenzotti/workspace/ts-projects/ts-express-decorators/packages/common/src/jsonschema/decorators/example.spec.ts" time="0.0020" failures="0">
    <testcase name="@Example should declare description on property" time="0.0000" classname="should declare description on property">
    </testcase>
    <testcase name="@Example should declare description on property (with obj)" time="0.0010" classname="should declare description on property (with obj)">
    </testcase>
    <testcase name="@Example should declare description on property (with array)" time="0.0010" classname="should declare description on property (with array)">
    </testcase>
  </testsuite>
  <testsuite name="ExclusiveMaximum" timestamp="2020-10-09T18:19:46" tests="1" file="/Users/romainlenzotti/workspace/ts-projects/ts-express-decorators/packages/common/src/jsonschema/decorators/exclusiveMaximum.spec.ts" time="0.0020" failures="0">
    <testcase name="ExclusiveMaximum should store data" time="0.0020" classname="should store data">
    </testcase>
  </testsuite>
  <testsuite name="ExclusiveMinimum" timestamp="2020-10-09T18:19:46" tests="0" file="/Users/romainlenzotti/workspace/ts-projects/ts-express-decorators/packages/common/src/jsonschema/decorators/exclusiveMinimum.spec.ts" time="0.0000" failures="0">
  </testsuite>
  <testsuite name="without explicit parameter" timestamp="2020-10-09T18:19:46" tests="1" file="/Users/romainlenzotti/workspace/ts-projects/ts-express-decorators/packages/common/src/jsonschema/decorators/exclusiveMinimum.spec.ts" time="0.0020" failures="0">
    <testcase name="ExclusiveMinimum without explicit parameter should store data" time="0.0020" classname="should store data">
    </testcase>
  </testsuite>
  <testsuite name="Format" timestamp="2020-10-09T18:19:46" tests="1" file="/Users/romainlenzotti/workspace/ts-projects/ts-express-decorators/packages/common/src/jsonschema/decorators/format.spec.ts" time="0.0010" failures="0">
    <testcase name="Format should store data" time="0.0010" classname="should store data">
    </testcase>
  </testsuite>
  <testsuite name="@Ignore" timestamp="2020-10-09T18:19:46" tests="1" file="/Users/romainlenzotti/workspace/ts-projects/ts-express-decorators/packages/common/src/jsonschema/decorators/ignoreProperty.spec.ts" time="0.0010" failures="0">
    <testcase name="@Ignore should declare prop" time="0.0010" classname="should declare prop">
    </testcase>
  </testsuite>
  <testsuite name="Integer" timestamp="2020-10-09T18:19:46" tests="1" file="/Users/romainlenzotti/workspace/ts-projects/ts-express-decorators/packages/common/src/jsonschema/decorators/integer.spec.ts" time="0.0010" failures="0">
    <testcase name="Integer should store data" time="0.0010" classname="should store data">
    </testcase>
  </testsuite>
  <testsuite name="Maximum" timestamp="2020-10-09T18:19:46" tests="1" file="/Users/romainlenzotti/workspace/ts-projects/ts-express-decorators/packages/common/src/jsonschema/decorators/maximum.spec.ts" time="0.0000" failures="0">
    <testcase name="Maximum should store data" time="0.0000" classname="should store data">
    </testcase>
  </testsuite>
  <testsuite name="@MaxItems" timestamp="2020-10-09T18:19:46" tests="1" file="/Users/romainlenzotti/workspace/ts-projects/ts-express-decorators/packages/common/src/jsonschema/decorators/maxItems.spec.ts" time="0.0010" failures="0">
    <testcase name="@MaxItems should declare a prop" time="0.0010" classname="should declare a prop">
    </testcase>
  </testsuite>
  <testsuite name="MaxLength" timestamp="2020-10-09T18:19:46" tests="1" file="/Users/romainlenzotti/workspace/ts-projects/ts-express-decorators/packages/common/src/jsonschema/decorators/maxLength.spec.ts" time="0.0000" failures="0">
    <testcase name="MaxLength should store data" time="0.0000" classname="should store data">
    </testcase>
  </testsuite>
  <testsuite name="MaxProperties" timestamp="2020-10-09T18:19:46" tests="1" file="/Users/romainlenzotti/workspace/ts-projects/ts-express-decorators/packages/common/src/jsonschema/decorators/maxProperties.spec.ts" time="0.0010" failures="0">
    <testcase name="MaxProperties should store data" time="0.0010" classname="should store data">
    </testcase>
  </testsuite>
  <testsuite name="Minimum" timestamp="2020-10-09T18:19:46" tests="0" file="/Users/romainlenzotti/workspace/ts-projects/ts-express-decorators/packages/common/src/jsonschema/decorators/minimum.spec.ts" time="0.0000" failures="0">
  </testsuite>
  <testsuite name="when it used without exclusive value" timestamp="2020-10-09T18:19:46" tests="1" file="/Users/romainlenzotti/workspace/ts-projects/ts-express-decorators/packages/common/src/jsonschema/decorators/minimum.spec.ts" time="0.0010" failures="0">
    <testcase name="Minimum when it used without exclusive value should store data" time="0.0010" classname="should store data">
    </testcase>
  </testsuite>
  <testsuite name="MinItems" timestamp="2020-10-09T18:19:46" tests="1" file="/Users/romainlenzotti/workspace/ts-projects/ts-express-decorators/packages/common/src/jsonschema/decorators/minItems.spec.ts" time="0.0010" failures="0">
    <testcase name="MinItems should store data" time="0.0010" classname="should store data">
    </testcase>
  </testsuite>
  <testsuite name="MinLength" timestamp="2020-10-09T18:19:46" tests="1" file="/Users/romainlenzotti/workspace/ts-projects/ts-express-decorators/packages/common/src/jsonschema/decorators/minLength.spec.ts" time="0.0010" failures="0">
    <testcase name="MinLength should store data" time="0.0010" classname="should store data">
    </testcase>
  </testsuite>
  <testsuite name="MinProperties" timestamp="2020-10-09T18:19:46" tests="1" file="/Users/romainlenzotti/workspace/ts-projects/ts-express-decorators/packages/common/src/jsonschema/decorators/minProperties.spec.ts" time="0.0010" failures="0">
    <testcase name="MinProperties should store data" time="0.0010" classname="should store data">
    </testcase>
  </testsuite>
  <testsuite name="MultipleOf" timestamp="2020-10-09T18:19:46" tests="1" file="/Users/romainlenzotti/workspace/ts-projects/ts-express-decorators/packages/common/src/jsonschema/decorators/multipleOf.spec.ts" time="0.0010" failures="0">
    <testcase name="MultipleOf should store data" time="0.0010" classname="should store data">
    </testcase>
  </testsuite>
  <testsuite name="Pattern" timestamp="2020-10-09T18:19:46" tests="0" file="/Users/romainlenzotti/workspace/ts-projects/ts-express-decorators/packages/common/src/jsonschema/decorators/pattern.spec.ts" time="0.0000" failures="0">
  </testsuite>
  <testsuite name="with string pattern" timestamp="2020-10-09T18:19:46" tests="1" file="/Users/romainlenzotti/workspace/ts-projects/ts-express-decorators/packages/common/src/jsonschema/decorators/pattern.spec.ts" time="0.0000" failures="0">
    <testcase name="Pattern with string pattern should store data" time="0.0000" classname="should store data">
    </testcase>
  </testsuite>
  <testsuite name="Property()" timestamp="2020-10-09T18:19:46" tests="2" file="/Users/romainlenzotti/workspace/ts-projects/ts-express-decorators/packages/common/src/jsonschema/decorators/property.spec.ts" time="0.0030" failures="0">
    <testcase name="Property() should create schema from Class" time="0.0010" classname="should create schema from Class">
    </testcase>
    <testcase name="Property() should create a schema" time="0.0020" classname="should create a schema">
    </testcase>
  </testsuite>
  <testsuite name="PropertyFn" timestamp="2020-10-09T18:19:46" tests="1" file="/Users/romainlenzotti/workspace/ts-projects/ts-express-decorators/packages/common/src/jsonschema/decorators/property.spec.ts" time="0.0010" failures="0">
    <testcase name="PropertyFn should declare property and call returned decorator" time="0.0010" classname="should declare property and call returned decorator">
    </testcase>
  </testsuite>
  <testsuite name="@OnSerialize" timestamp="2020-10-09T18:19:46" tests="1" file="/Users/romainlenzotti/workspace/ts-projects/ts-express-decorators/packages/common/src/jsonschema/decorators/propertyDeserialize.spec.ts" time="0.0260" failures="0">
    <testcase name="@OnSerialize should use function onDeserialize to Deserialize property" time="0.0260" classname="should use function onDeserialize to Deserialize property">
    </testcase>
  </testsuite>
  <testsuite name="@Name" timestamp="2020-10-09T18:19:46" tests="1" file="/Users/romainlenzotti/workspace/ts-projects/ts-express-decorators/packages/common/src/jsonschema/decorators/propertyName.spec.ts" time="0.0000" failures="0">
    <testcase name="@Name should create a propertyMetadata" time="0.0000" classname="should create a propertyMetadata">
    </testcase>
  </testsuite>
  <testsuite name="@OnSerialize" timestamp="2020-10-09T18:19:46" tests="1" file="/Users/romainlenzotti/workspace/ts-projects/ts-express-decorators/packages/common/src/jsonschema/decorators/propertySerialize.spec.ts" time="0.0010" failures="0">
    <testcase name="@OnSerialize should use function to Deserialize property" time="0.0010" classname="should use function to Deserialize property">
    </testcase>
  </testsuite>
  <testsuite name="@CollectionOf" timestamp="2020-10-09T18:19:46" tests="1" file="/Users/romainlenzotti/workspace/ts-projects/ts-express-decorators/packages/common/src/jsonschema/decorators/propertyType.spec.ts" time="0.0010" failures="0">
    <testcase name="@CollectionOf should create a propertyMetadata" time="0.0010" classname="should create a propertyMetadata">
    </testcase>
  </testsuite>
  <testsuite name="Schema()" timestamp="2020-10-09T18:19:46" tests="1" file="/Users/romainlenzotti/workspace/ts-projects/ts-express-decorators/packages/common/src/jsonschema/decorators/schema.spec.ts" time="0.0010" failures="0">
    <testcase name="Schema() should store data" time="0.0010" classname="should store data">
    </testcase>
  </testsuite>
  <testsuite name="Title()" timestamp="2020-10-09T18:19:46" tests="1" file="/Users/romainlenzotti/workspace/ts-projects/ts-express-decorators/packages/common/src/jsonschema/decorators/title.spec.ts" time="0.0010" failures="0">
    <testcase name="Title() should store data" time="0.0010" classname="should store data">
    </testcase>
  </testsuite>
  <testsuite name="UniqueItems" timestamp="2020-10-09T18:19:46" tests="1" file="/Users/romainlenzotti/workspace/ts-projects/ts-express-decorators/packages/common/src/jsonschema/decorators/uniqueItems.spec.ts" time="0.0010" failures="0">
    <testcase name="UniqueItems should store data" time="0.0010" classname="should store data">
    </testcase>
  </testsuite>
  <testsuite name="getJsonType()" timestamp="2020-10-09T18:19:46" tests="10" file="/Users/romainlenzotti/workspace/ts-projects/ts-express-decorators/packages/common/src/jsonschema/utils/getJsonType.spec.ts" time="0.0010" failures="0">
    <testcase name="getJsonType() should return number" time="0.0000" classname="should return number">
    </testcase>
    <testcase name="getJsonType() should return string" time="0.0000" classname="should return string">
    </testcase>
    <testcase name="getJsonType() should return boolean" time="0.0000" classname="should return boolean">
    </testcase>
    <testcase name="getJsonType() should return array" time="0.0000" classname="should return array">
    </testcase>
    <testcase name="getJsonType() should return string when date is given" time="0.0000" classname="should return string when date is given">
    </testcase>
    <testcase name="getJsonType() should return object" time="0.0000" classname="should return object">
    </testcase>
    <testcase name="getJsonType() should return object when class is given" time="0.0010" classname="should return object when class is given">
    </testcase>
    <testcase name="getJsonType() should return [string] when an array is given" time="0.0000" classname="should return [string] when an array is given">
    </testcase>
    <testcase name="getJsonType() should return string when an string is given" time="0.0000" classname="should return string when an string is given">
    </testcase>
    <testcase name="getJsonType() should delete a schema" time="0.0000" classname="should delete a schema">
    </testcase>
  </testsuite>
  <testsuite name="Allow" timestamp="2020-10-09T18:19:46" tests="0" file="/Users/romainlenzotti/workspace/ts-projects/ts-express-decorators/packages/common/src/mvc/decorators/allow.spec.ts" time="0.0000" failures="0">
  </testsuite>
  <testsuite name="when decorator is used as param" timestamp="2020-10-09T18:19:46" tests="1" file="/Users/romainlenzotti/workspace/ts-projects/ts-express-decorators/packages/common/src/mvc/decorators/allow.spec.ts" time="0.0020" failures="0">
    <testcase name="Allow when decorator is used as param should called with the correct parameters" time="0.0020" classname="should called with the correct parameters">
    </testcase>
  </testsuite>
  <testsuite name="when decorator is used as property" timestamp="2020-10-09T18:19:46" tests="2" file="/Users/romainlenzotti/workspace/ts-projects/ts-express-decorators/packages/common/src/mvc/decorators/allow.spec.ts" time="0.0030" failures="0">
    <testcase name="Allow when decorator is used as property should called with the correct parameters (string)" time="0.0010" classname="should called with the correct parameters (string)">
    </testcase>
    <testcase name="Allow when decorator is used as property should called with the correct parameters (class)" time="0.0020" classname="should called with the correct parameters (class)">
    </testcase>
  </testsuite>
  <testsuite name="when decorator is used in another way" timestamp="2020-10-09T18:19:46" tests="1" file="/Users/romainlenzotti/workspace/ts-projects/ts-express-decorators/packages/common/src/mvc/decorators/allow.spec.ts" time="0.0010" failures="0">
    <testcase name="Allow when decorator is used in another way should called with the correct parameters" time="0.0010" classname="should called with the correct parameters">
    </testcase>
  </testsuite>
  <testsuite name="@Controller" timestamp="2020-10-09T18:19:46" tests="2" file="/Users/romainlenzotti/workspace/ts-projects/ts-express-decorators/packages/common/src/mvc/decorators/class/controller.spec.ts" time="0.0000" failures="0">
    <testcase name="@Controller should register a controller with his path and Dependency" time="0.0000" classname="should register a controller with his path and Dependency">
    </testcase>
    <testcase name="@Controller should register a controller with customer provider options" time="0.0000" classname="should register a controller with customer provider options">
    </testcase>
  </testsuite>
  <testsuite name="Middleware" timestamp="2020-10-09T18:19:46" tests="1" file="/Users/romainlenzotti/workspace/ts-projects/ts-express-decorators/packages/common/src/mvc/decorators/class/middleware.spec.ts" time="0.0000" failures="0">
    <testcase name="Middleware should use registerMiddleware" time="0.0000" classname="should use registerMiddleware">
    </testcase>
  </testsuite>
  <testsuite name="AcceptMime" timestamp="2020-10-09T18:19:46" tests="1" file="/Users/romainlenzotti/workspace/ts-projects/ts-express-decorators/packages/common/src/mvc/decorators/method/acceptMime.spec.ts" time="0.0040" failures="0">
    <testcase name="AcceptMime should set metadata" time="0.0040" classname="should set metadata">
    </testcase>
  </testsuite>
  <testsuite name="AuthOptions()" timestamp="2020-10-09T18:19:46" tests="0" file="/Users/romainlenzotti/workspace/ts-projects/ts-express-decorators/packages/common/src/mvc/decorators/method/authOptions.spec.ts" time="0.0000" failures="0">
  </testsuite>
  <testsuite name="when the decorator is use on a method" timestamp="2020-10-09T18:19:46" tests="1" file="/Users/romainlenzotti/workspace/ts-projects/ts-express-decorators/packages/common/src/mvc/decorators/method/authOptions.spec.ts" time="0.0020" failures="0">
    <testcase name="AuthOptions() when the decorator is use on a method should add the middleware on the use stack" time="0.0020" classname="should add the middleware on the use stack">
    </testcase>
  </testsuite>
  <testsuite name="when the decorator is use on a class" timestamp="2020-10-09T18:19:46" tests="1" file="/Users/romainlenzotti/workspace/ts-projects/ts-express-decorators/packages/common/src/mvc/decorators/method/authOptions.spec.ts" time="0.0010" failures="0">
    <testcase name="AuthOptions() when the decorator is use on a class should add the middleware on the use stack" time="0.0010" classname="should add the middleware on the use stack">
    </testcase>
  </testsuite>
  <testsuite name="when the decorator is use on a class and method" timestamp="2020-10-09T18:19:46" tests="1" file="/Users/romainlenzotti/workspace/ts-projects/ts-express-decorators/packages/common/src/mvc/decorators/method/authOptions.spec.ts" time="0.0010" failures="0">
    <testcase name="AuthOptions() when the decorator is use on a class and method should add the middleware on the use stack" time="0.0010" classname="should add the middleware on the use stack">
    </testcase>
  </testsuite>
  <testsuite name="when the decorator is use in another way" timestamp="2020-10-09T18:19:46" tests="1" file="/Users/romainlenzotti/workspace/ts-projects/ts-express-decorators/packages/common/src/mvc/decorators/method/authOptions.spec.ts" time="0.0000" failures="0">
    <testcase name="AuthOptions() when the decorator is use in another way should add the middleware on the use stack" time="0.0000" classname="should add the middleware on the use stack">
    </testcase>
  </testsuite>
  <testsuite name="ContentType" timestamp="2020-10-09T18:19:46" tests="1" file="/Users/romainlenzotti/workspace/ts-projects/ts-express-decorators/packages/common/src/mvc/decorators/method/contentType.spec.ts" time="0.0000" failures="0">
    <testcase name="ContentType should create middleware" time="0.0000" classname="should create middleware">
    </testcase>
  </testsuite>
  <testsuite name="Header" timestamp="2020-10-09T18:19:46" tests="0" file="/Users/romainlenzotti/workspace/ts-projects/ts-express-decorators/packages/common/src/mvc/decorators/method/header.spec.ts" time="0.0000" failures="0">
  </testsuite>
  <testsuite name="when is used as method decorator" timestamp="2020-10-09T18:19:46" tests="0" file="/Users/romainlenzotti/workspace/ts-projects/ts-express-decorators/packages/common/src/mvc/decorators/method/header.spec.ts" time="0.0000" failures="0">
  </testsuite>
  <testsuite name="with one params has object" timestamp="2020-10-09T18:19:46" tests="1" file="/Users/romainlenzotti/workspace/ts-projects/ts-express-decorators/packages/common/src/mvc/decorators/method/header.spec.ts" time="0.0010" failures="0">
    <testcase name="Header when is used as method decorator with one params has object should set Header" time="0.0010" classname="should set Header">
    </testcase>
  </testsuite>
  <testsuite name="with two params has object" timestamp="2020-10-09T18:19:46" tests="1" file="/Users/romainlenzotti/workspace/ts-projects/ts-express-decorators/packages/common/src/mvc/decorators/method/header.spec.ts" time="0.0010" failures="0">
    <testcase name="Header when is used as method decorator with two params has object should set Header" time="0.0010" classname="should set Header">
    </testcase>
  </testsuite>
  <testsuite name="with swagger params has object" timestamp="2020-10-09T18:19:46" tests="1" file="/Users/romainlenzotti/workspace/ts-projects/ts-express-decorators/packages/common/src/mvc/decorators/method/header.spec.ts" time="0.0010" failures="0">
    <testcase name="Header when is used as method decorator with swagger params has object should set Header" time="0.0010" classname="should set Header">
    </testcase>
  </testsuite>
  <testsuite name="Location" timestamp="2020-10-09T18:19:46" tests="1" file="/Users/romainlenzotti/workspace/ts-projects/ts-express-decorators/packages/common/src/mvc/decorators/method/location.spec.ts" time="0.0000" failures="0">
    <testcase name="Location should create middleware" time="0.0000" classname="should create middleware">
    </testcase>
  </testsuite>
  <testsuite name="Redirect" timestamp="2020-10-09T18:19:46" tests="0" file="/Users/romainlenzotti/workspace/ts-projects/ts-express-decorators/packages/common/src/mvc/decorators/method/redirect.spec.ts" time="0.0000" failures="0">
  </testsuite>
  <testsuite name="with one parameter" timestamp="2020-10-09T18:19:46" tests="1" file="/Users/romainlenzotti/workspace/ts-projects/ts-express-decorators/packages/common/src/mvc/decorators/method/redirect.spec.ts" time="0.0010" failures="0">
    <testcase name="Redirect with one parameter should store redirect configuration" time="0.0010" classname="should store redirect configuration">
    </testcase>
  </testsuite>
  <testsuite name="with two parameter" timestamp="2020-10-09T18:19:46" tests="1" file="/Users/romainlenzotti/workspace/ts-projects/ts-express-decorators/packages/common/src/mvc/decorators/method/redirect.spec.ts" time="0.0000" failures="0">
    <testcase name="Redirect with two parameter should store redirect configuration" time="0.0000" classname="should store redirect configuration">
    </testcase>
  </testsuite>
  <testsuite name="ReturnType" timestamp="2020-10-09T18:19:46" tests="2" file="/Users/romainlenzotti/workspace/ts-projects/ts-express-decorators/packages/common/src/mvc/decorators/method/returnTypes.spec.ts" time="0.0020" failures="0">
    <testcase name="ReturnType should store metadata (when code is given)" time="0.0010" classname="should store metadata (when code is given)">
    </testcase>
    <testcase name="ReturnType should store metadata (when code is not given)" time="0.0010" classname="should store metadata (when code is not given)">
    </testcase>
  </testsuite>
  <testsuite name="Returns" timestamp="2020-10-09T18:19:46" tests="2" file="/Users/romainlenzotti/workspace/ts-projects/ts-express-decorators/packages/common/src/mvc/decorators/method/returnTypes.spec.ts" time="0.0030" failures="0">
    <testcase name="Returns should store metadata" time="0.0020" classname="should store metadata">
    </testcase>
    <testcase name="Returns Legacy implementation" time="0.0010" classname="Legacy implementation">
    </testcase>
  </testsuite>
  <testsuite name="ReturnArray" timestamp="2020-10-09T18:19:46" tests="1" file="/Users/romainlenzotti/workspace/ts-projects/ts-express-decorators/packages/common/src/mvc/decorators/method/returnTypes.spec.ts" time="0.0010" failures="0">
    <testcase name="ReturnArray should store metadata" time="0.0010" classname="should store metadata">
    </testcase>
  </testsuite>
  <testsuite name="Route decorators" timestamp="2020-10-09T18:19:46" tests="0" file="/Users/romainlenzotti/workspace/ts-projects/ts-express-decorators/packages/common/src/mvc/decorators/method/route.spec.ts" time="0.0000" failures="0">
  </testsuite>
  <testsuite name="All" timestamp="2020-10-09T18:19:46" tests="1" file="/Users/romainlenzotti/workspace/ts-projects/ts-express-decorators/packages/common/src/mvc/decorators/method/route.spec.ts" time="0.0000" failures="0">
    <testcase name="Route decorators All should register route and middleware (1)" time="0.0000" classname="should register route and middleware (1)">
    </testcase>
  </testsuite>
  <testsuite name="Get" timestamp="2020-10-09T18:19:46" tests="2" file="/Users/romainlenzotti/workspace/ts-projects/ts-express-decorators/packages/common/src/mvc/decorators/method/route.spec.ts" time="0.0010" failures="0">
    <testcase name="Route decorators Get should register route and middleware (1)" time="0.0000" classname="should register route and middleware (1)">
    </testcase>
    <testcase name="Route decorators Get should register route and middleware (2)" time="0.0010" classname="should register route and middleware (2)">
    </testcase>
  </testsuite>
  <testsuite name="Post" timestamp="2020-10-09T18:19:46" tests="1" file="/Users/romainlenzotti/workspace/ts-projects/ts-express-decorators/packages/common/src/mvc/decorators/method/route.spec.ts" time="0.0010" failures="0">
    <testcase name="Route decorators Post should register route and middleware" time="0.0010" classname="should register route and middleware">
    </testcase>
  </testsuite>
  <testsuite name="Put" timestamp="2020-10-09T18:19:46" tests="1" file="/Users/romainlenzotti/workspace/ts-projects/ts-express-decorators/packages/common/src/mvc/decorators/method/route.spec.ts" time="0.0010" failures="0">
    <testcase name="Route decorators Put should register route and middleware" time="0.0010" classname="should register route and middleware">
    </testcase>
  </testsuite>
  <testsuite name="Delete" timestamp="2020-10-09T18:19:46" tests="1" file="/Users/romainlenzotti/workspace/ts-projects/ts-express-decorators/packages/common/src/mvc/decorators/method/route.spec.ts" time="0.0000" failures="0">
    <testcase name="Route decorators Delete should register route and middleware" time="0.0000" classname="should register route and middleware">
    </testcase>
  </testsuite>
  <testsuite name="Head" timestamp="2020-10-09T18:19:46" tests="1" file="/Users/romainlenzotti/workspace/ts-projects/ts-express-decorators/packages/common/src/mvc/decorators/method/route.spec.ts" time="0.0010" failures="0">
    <testcase name="Route decorators Head should register route and middleware" time="0.0010" classname="should register route and middleware">
    </testcase>
  </testsuite>
  <testsuite name="Patch" timestamp="2020-10-09T18:19:46" tests="1" file="/Users/romainlenzotti/workspace/ts-projects/ts-express-decorators/packages/common/src/mvc/decorators/method/route.spec.ts" time="0.0000" failures="0">
    <testcase name="Route decorators Patch should register route and middleware" time="0.0000" classname="should register route and middleware">
    </testcase>
  </testsuite>
  <testsuite name="Options" timestamp="2020-10-09T18:19:46" tests="1" file="/Users/romainlenzotti/workspace/ts-projects/ts-express-decorators/packages/common/src/mvc/decorators/method/route.spec.ts" time="0.0010" failures="0">
    <testcase name="Route decorators Options should register route and middleware" time="0.0010" classname="should register route and middleware">
    </testcase>
  </testsuite>
  <testsuite name="Status" timestamp="2020-10-09T18:19:46" tests="4" file="/Users/romainlenzotti/workspace/ts-projects/ts-express-decorators/packages/common/src/mvc/decorators/method/status.spec.ts" time="0.0070" failures="0">
    <testcase name="Status should store metadata (200)" time="0.0020" classname="should store metadata (200)">
    </testcase>
    <testcase name="Status should store metadata (204)" time="0.0010" classname="should store metadata (204)">
    </testcase>
    <testcase name="Status should store metadata (201)" time="0.0020" classname="should store metadata (201)">
    </testcase>
    <testcase name="Status should store metadata (404)" time="0.0020" classname="should store metadata (404)">
    </testcase>
  </testsuite>
  <testsuite name="Use()" timestamp="2020-10-09T18:19:46" tests="0" file="/Users/romainlenzotti/workspace/ts-projects/ts-express-decorators/packages/common/src/mvc/decorators/method/use.spec.ts" time="0.0000" failures="0">
  </testsuite>
  <testsuite name="when the decorator is use on a method" timestamp="2020-10-09T18:19:46" tests="1" file="/Users/romainlenzotti/workspace/ts-projects/ts-express-decorators/packages/common/src/mvc/decorators/method/use.spec.ts" time="0.0000" failures="0">
    <testcase name="Use() when the decorator is use on a method should add the middleware on the use stack" time="0.0000" classname="should add the middleware on the use stack">
    </testcase>
  </testsuite>
  <testsuite name="when the decorator is use on a class" timestamp="2020-10-09T18:19:46" tests="1" file="/Users/romainlenzotti/workspace/ts-projects/ts-express-decorators/packages/common/src/mvc/decorators/method/use.spec.ts" time="0.0000" failures="0">
    <testcase name="Use() when the decorator is use on a class should add the middleware on the use stack" time="0.0000" classname="should add the middleware on the use stack">
    </testcase>
  </testsuite>
  <testsuite name="when the decorator is use on a property" timestamp="2020-10-09T18:19:46" tests="1" file="/Users/romainlenzotti/workspace/ts-projects/ts-express-decorators/packages/common/src/mvc/decorators/method/use.spec.ts" time="0.0010" failures="0">
    <testcase name="Use() when the decorator is use on a property should throw error" time="0.0010" classname="should throw error">
    </testcase>
  </testsuite>
  <testsuite name="UseAfter()" timestamp="2020-10-09T18:19:46" tests="0" file="/Users/romainlenzotti/workspace/ts-projects/ts-express-decorators/packages/common/src/mvc/decorators/method/useAfter.spec.ts" time="0.0000" failures="0">
  </testsuite>
  <testsuite name="when the decorator is use on a class" timestamp="2020-10-09T18:19:46" tests="1" file="/Users/romainlenzotti/workspace/ts-projects/ts-express-decorators/packages/common/src/mvc/decorators/method/useAfter.spec.ts" time="0.0000" failures="0">
    <testcase name="UseAfter() when the decorator is use on a class should add the middleware on the use stack" time="0.0000" classname="should add the middleware on the use stack">
    </testcase>
  </testsuite>
  <testsuite name="when the decorator is use on a method" timestamp="2020-10-09T18:19:46" tests="1" file="/Users/romainlenzotti/workspace/ts-projects/ts-express-decorators/packages/common/src/mvc/decorators/method/useAfter.spec.ts" time="0.0000" failures="0">
    <testcase name="UseAfter() when the decorator is use on a method should add the middleware on the use stack" time="0.0000" classname="should add the middleware on the use stack">
    </testcase>
  </testsuite>
  <testsuite name="when the decorator is use in another way" timestamp="2020-10-09T18:19:46" tests="1" file="/Users/romainlenzotti/workspace/ts-projects/ts-express-decorators/packages/common/src/mvc/decorators/method/useAfter.spec.ts" time="0.0000" failures="0">
    <testcase name="UseAfter() when the decorator is use in another way should add the middleware on the use stack" time="0.0000" classname="should add the middleware on the use stack">
    </testcase>
  </testsuite>
  <testsuite name="UseAuth()" timestamp="2020-10-09T18:19:46" tests="0" file="/Users/romainlenzotti/workspace/ts-projects/ts-express-decorators/packages/common/src/mvc/decorators/method/useAuth.spec.ts" time="0.0000" failures="0">
  </testsuite>
  <testsuite name="when the decorator is use on a method" timestamp="2020-10-09T18:19:46" tests="1" file="/Users/romainlenzotti/workspace/ts-projects/ts-express-decorators/packages/common/src/mvc/decorators/method/useAuth.spec.ts" time="0.0000" failures="0">
    <testcase name="UseAuth() when the decorator is use on a method should add the middleware on the use stack" time="0.0000" classname="should add the middleware on the use stack">
    </testcase>
  </testsuite>
  <testsuite name="when the decorator is use on a class" timestamp="2020-10-09T18:19:46" tests="1" file="/Users/romainlenzotti/workspace/ts-projects/ts-express-decorators/packages/common/src/mvc/decorators/method/useAuth.spec.ts" time="0.0000" failures="0">
    <testcase name="UseAuth() when the decorator is use on a class should add the middleware on the use stack" time="0.0000" classname="should add the middleware on the use stack">
    </testcase>
  </testsuite>
  <testsuite name="when the decorator is use on a class and method" timestamp="2020-10-09T18:19:46" tests="1" file="/Users/romainlenzotti/workspace/ts-projects/ts-express-decorators/packages/common/src/mvc/decorators/method/useAuth.spec.ts" time="0.0010" failures="0">
    <testcase name="UseAuth() when the decorator is use on a class and method should add the middleware on the use stack" time="0.0010" classname="should add the middleware on the use stack">
    </testcase>
  </testsuite>
  <testsuite name="when the decorator is use in another way" timestamp="2020-10-09T18:19:46" tests="1" file="/Users/romainlenzotti/workspace/ts-projects/ts-express-decorators/packages/common/src/mvc/decorators/method/useAuth.spec.ts" time="0.0010" failures="0">
    <testcase name="UseAuth() when the decorator is use in another way should add the middleware on the use stack" time="0.0010" classname="should add the middleware on the use stack">
    </testcase>
  </testsuite>
  <testsuite name="UseBefore()" timestamp="2020-10-09T18:19:46" tests="0" file="/Users/romainlenzotti/workspace/ts-projects/ts-express-decorators/packages/common/src/mvc/decorators/method/useBefore.spec.ts" time="0.0000" failures="0">
  </testsuite>
  <testsuite name="when the decorator is use on a class" timestamp="2020-10-09T18:19:46" tests="1" file="/Users/romainlenzotti/workspace/ts-projects/ts-express-decorators/packages/common/src/mvc/decorators/method/useBefore.spec.ts" time="0.0000" failures="0">
    <testcase name="UseBefore() when the decorator is use on a class should add the middleware on the use stack" time="0.0000" classname="should add the middleware on the use stack">
    </testcase>
  </testsuite>
  <testsuite name="when the decorator is use on a method" timestamp="2020-10-09T18:19:46" tests="1" file="/Users/romainlenzotti/workspace/ts-projects/ts-express-decorators/packages/common/src/mvc/decorators/method/useBefore.spec.ts" time="0.0010" failures="0">
    <testcase name="UseBefore() when the decorator is use on a method should add the middleware on the use stack" time="0.0010" classname="should add the middleware on the use stack">
    </testcase>
  </testsuite>
  <testsuite name="when the decorator is use in another way" timestamp="2020-10-09T18:19:46" tests="1" file="/Users/romainlenzotti/workspace/ts-projects/ts-express-decorators/packages/common/src/mvc/decorators/method/useBefore.spec.ts" time="0.0000" failures="0">
    <testcase name="UseBefore() when the decorator is use in another way should add the middleware on the use stack" time="0.0000" classname="should add the middleware on the use stack">
    </testcase>
  </testsuite>
  <testsuite name="UseBeforeEach()" timestamp="2020-10-09T18:19:46" tests="0" file="/Users/romainlenzotti/workspace/ts-projects/ts-express-decorators/packages/common/src/mvc/decorators/method/useBeforeEach.spec.ts" time="0.0000" failures="0">
  </testsuite>
  <testsuite name="when the decorator is use on a class" timestamp="2020-10-09T18:19:46" tests="1" file="/Users/romainlenzotti/workspace/ts-projects/ts-express-decorators/packages/common/src/mvc/decorators/method/useBeforeEach.spec.ts" time="0.0010" failures="0">
    <testcase name="UseBeforeEach() when the decorator is use on a class should add the middleware on the use stack" time="0.0010" classname="should add the middleware on the use stack">
    </testcase>
  </testsuite>
  <testsuite name="when the decorator is use on a method" timestamp="2020-10-09T18:19:46" tests="1" file="/Users/romainlenzotti/workspace/ts-projects/ts-express-decorators/packages/common/src/mvc/decorators/method/useBeforeEach.spec.ts" time="0.0000" failures="0">
    <testcase name="UseBeforeEach() when the decorator is use on a method should add the middleware on the use stack" time="0.0000" classname="should add the middleware on the use stack">
    </testcase>
  </testsuite>
  <testsuite name="when the decorator is use in another way" timestamp="2020-10-09T18:19:46" tests="1" file="/Users/romainlenzotti/workspace/ts-projects/ts-express-decorators/packages/common/src/mvc/decorators/method/useBeforeEach.spec.ts" time="0.0010" failures="0">
    <testcase name="UseBeforeEach() when the decorator is use in another way should add the middleware on the use stack" time="0.0010" classname="should add the middleware on the use stack">
    </testcase>
  </testsuite>
  <testsuite name="ResponseView" timestamp="2020-10-09T18:19:46" tests="2" file="/Users/romainlenzotti/workspace/ts-projects/ts-express-decorators/packages/common/src/mvc/decorators/method/view.spec.ts" time="0.0000" failures="0">
    <testcase name="ResponseView should set metadata" time="0.0000" classname="should set metadata">
    </testcase>
    <testcase name="ResponseView should set metadata" time="0.0000" classname="should set metadata">
    </testcase>
  </testsuite>
  <testsuite name="@BodyParams" timestamp="2020-10-09T18:19:46" tests="1" file="/Users/romainlenzotti/workspace/ts-projects/ts-express-decorators/packages/common/src/mvc/decorators/params/bodyParams.spec.ts" time="0.0000" failures="0">
    <testcase name="@BodyParams should call useParam method with the correct parameters" time="0.0000" classname="should call useParam method with the correct parameters">
    </testcase>
  </testsuite>
  <testsuite name="@Cookies" timestamp="2020-10-09T18:19:46" tests="1" file="/Users/romainlenzotti/workspace/ts-projects/ts-express-decorators/packages/common/src/mvc/decorators/params/cookies.spec.ts" time="0.0010" failures="0">
    <testcase name="@Cookies should call ParamFilter.useParam method with the correct parameters" time="0.0010" classname="should call ParamFilter.useParam method with the correct parameters">
    </testcase>
  </testsuite>
  <testsuite name="@EndpointInfo" timestamp="2020-10-09T18:19:46" tests="1" file="/Users/romainlenzotti/workspace/ts-projects/ts-express-decorators/packages/common/src/mvc/decorators/params/endpointInfo.spec.ts" time="0.0010" failures="0">
    <testcase name="@EndpointInfo should register a new ParamMetadata instance with the correct property" time="0.0010" classname="should register a new ParamMetadata instance with the correct property">
    </testcase>
  </testsuite>
  <testsuite name="@Err" timestamp="2020-10-09T18:19:46" tests="1" file="/Users/romainlenzotti/workspace/ts-projects/ts-express-decorators/packages/common/src/mvc/decorators/params/error.spec.ts" time="0.0000" failures="0">
    <testcase name="@Err should register a new ParamMetadata instance with the correct property" time="0.0000" classname="should register a new ParamMetadata instance with the correct property">
    </testcase>
  </testsuite>
  <testsuite name="@HeaderParams" timestamp="2020-10-09T18:19:46" tests="1" file="/Users/romainlenzotti/workspace/ts-projects/ts-express-decorators/packages/common/src/mvc/decorators/params/headerParams.spec.ts" time="0.0010" failures="0">
    <testcase name="@HeaderParams should call ParamFilter.useParam method with the correct parameters" time="0.0010" classname="should call ParamFilter.useParam method with the correct parameters">
    </testcase>
  </testsuite>
  <testsuite name="@Locals" timestamp="2020-10-09T18:19:46" tests="1" file="/Users/romainlenzotti/workspace/ts-projects/ts-express-decorators/packages/common/src/mvc/decorators/params/locals.spec.ts" time="0.0000" failures="0">
    <testcase name="@Locals should call ParamFilter.useParam method with the correct parameters" time="0.0000" classname="should call ParamFilter.useParam method with the correct parameters">
    </testcase>
  </testsuite>
  <testsuite name="@Next" timestamp="2020-10-09T18:19:46" tests="1" file="/Users/romainlenzotti/workspace/ts-projects/ts-express-decorators/packages/common/src/mvc/decorators/params/next.spec.ts" time="0.0010" failures="0">
    <testcase name="@Next should register a new ParamMetadata instance with the correct property" time="0.0010" classname="should register a new ParamMetadata instance with the correct property">
    </testcase>
  </testsuite>
  <testsuite name="@PathParams" timestamp="2020-10-09T18:19:46" tests="2" file="/Users/romainlenzotti/workspace/ts-projects/ts-express-decorators/packages/common/src/mvc/decorators/params/pathParams.spec.ts" time="0.0010" failures="0">
    <testcase name="@PathParams should call ParamFilter.useParam method with the correct parameters" time="0.0000" classname="should call ParamFilter.useParam method with the correct parameters">
    </testcase>
    <testcase name="@PathParams should call ParamFilter.useParam method with the correct parameters (raw)" time="0.0010" classname="should call ParamFilter.useParam method with the correct parameters (raw)">
    </testcase>
  </testsuite>
  <testsuite name="@QueryParams" timestamp="2020-10-09T18:19:46" tests="2" file="/Users/romainlenzotti/workspace/ts-projects/ts-express-decorators/packages/common/src/mvc/decorators/params/queryParams.spec.ts" time="0.0000" failures="0">
    <testcase name="@QueryParams should call ParamFilter.useParam method with the correct parameters" time="0.0000" classname="should call ParamFilter.useParam method with the correct parameters">
    </testcase>
    <testcase name="@QueryParams should call ParamFilter.useParam method with the correct parameters (rawQueryParams)" time="0.0000" classname="should call ParamFilter.useParam method with the correct parameters (rawQueryParams)">
    </testcase>
  </testsuite>
  <testsuite name="@Req" timestamp="2020-10-09T18:19:46" tests="3" file="/Users/romainlenzotti/workspace/ts-projects/ts-express-decorators/packages/common/src/mvc/decorators/params/request.spec.ts" time="0.0000" failures="0">
    <testcase name="@Req should register a new ParamMetadata instance with the correct property (RawRequest)" time="0.0000" classname="should register a new ParamMetadata instance with the correct property (RawRequest)">
    </testcase>
    <testcase name="@Req should register a new ParamMetadata instance with the correct property (PlatformRequest)" time="0.0000" classname="should register a new ParamMetadata instance with the correct property (PlatformRequest)">
    </testcase>
    <testcase name="@Req should register a new ParamMetadata instance with the correct property (IncomingMessage)" time="0.0000" classname="should register a new ParamMetadata instance with the correct property (IncomingMessage)">
    </testcase>
  </testsuite>
  <testsuite name="@Res" timestamp="2020-10-09T18:19:46" tests="3" file="/Users/romainlenzotti/workspace/ts-projects/ts-express-decorators/packages/common/src/mvc/decorators/params/response.spec.ts" time="0.0000" failures="0">
    <testcase name="@Res should register a new ParamMetadata instance with the correct property (RawRes)" time="0.0000" classname="should register a new ParamMetadata instance with the correct property (RawRes)">
    </testcase>
    <testcase name="@Res should register a new ParamMetadata instance with the correct property (PlatformResponse)" time="0.0000" classname="should register a new ParamMetadata instance with the correct property (PlatformResponse)">
    </testcase>
    <testcase name="@Res should register a new ParamMetadata instance with the correct property (ServerResponse)" time="0.0000" classname="should register a new ParamMetadata instance with the correct property (ServerResponse)">
    </testcase>
  </testsuite>
  <testsuite name="@ResponseData" timestamp="2020-10-09T18:19:46" tests="1" file="/Users/romainlenzotti/workspace/ts-projects/ts-express-decorators/packages/common/src/mvc/decorators/params/responseData.spec.ts" time="0.0000" failures="0">
    <testcase name="@ResponseData should register a new ParamMetadata instance with the correct property" time="0.0000" classname="should register a new ParamMetadata instance with the correct property">
    </testcase>
  </testsuite>
  <testsuite name="@Session" timestamp="2020-10-09T18:19:46" tests="1" file="/Users/romainlenzotti/workspace/ts-projects/ts-express-decorators/packages/common/src/mvc/decorators/params/session.spec.ts" time="0.0010" failures="0">
    <testcase name="@Session should call ParamFilter.useParam method with the correct parameters" time="0.0010" classname="should call ParamFilter.useParam method with the correct parameters">
    </testcase>
  </testsuite>
  <testsuite name="@UseParam" timestamp="2020-10-09T18:19:46" tests="0" file="/Users/romainlenzotti/workspace/ts-projects/ts-express-decorators/packages/common/src/mvc/decorators/params/useParam.spec.ts" time="0.0000" failures="0">
  </testsuite>
  <testsuite name="when use a param" timestamp="2020-10-09T18:19:46" tests="1" file="/Users/romainlenzotti/workspace/ts-projects/ts-express-decorators/packages/common/src/mvc/decorators/params/useParam.spec.ts" time="0.0000" failures="0">
    <testcase name="@UseParam when use a param should create useParam" time="0.0000" classname="should create useParam">
    </testcase>
  </testsuite>
  <testsuite name="when is a Query param with boolean" timestamp="2020-10-09T18:19:46" tests="1" file="/Users/romainlenzotti/workspace/ts-projects/ts-express-decorators/packages/common/src/mvc/decorators/params/useParam.spec.ts" time="0.0020" failures="0">
    <testcase name="@UseParam when is a Query param with boolean should return the right spec" time="0.0020" classname="should return the right spec">
    </testcase>
  </testsuite>
  <testsuite name="Required" timestamp="2020-10-09T18:19:46" tests="0" file="/Users/romainlenzotti/workspace/ts-projects/ts-express-decorators/packages/common/src/mvc/decorators/required.spec.ts" time="0.0000" failures="0">
  </testsuite>
  <testsuite name="when decorator is used as param" timestamp="2020-10-09T18:19:46" tests="1" file="/Users/romainlenzotti/workspace/ts-projects/ts-express-decorators/packages/common/src/mvc/decorators/required.spec.ts" time="0.0010" failures="0">
    <testcase name="Required when decorator is used as param should called with the correct parameters" time="0.0010" classname="should called with the correct parameters">
    </testcase>
  </testsuite>
  <testsuite name="when decorator is used as property" timestamp="2020-10-09T18:19:46" tests="1" file="/Users/romainlenzotti/workspace/ts-projects/ts-express-decorators/packages/common/src/mvc/decorators/required.spec.ts" time="0.0010" failures="0">
    <testcase name="Required when decorator is used as property should called with the correct parameters" time="0.0010" classname="should called with the correct parameters">
    </testcase>
  </testsuite>
  <testsuite name="when decorator is used in another way" timestamp="2020-10-09T18:19:46" tests="1" file="/Users/romainlenzotti/workspace/ts-projects/ts-express-decorators/packages/common/src/mvc/decorators/required.spec.ts" time="0.0000" failures="0">
    <testcase name="Required when decorator is used in another way should called with the correct parameters" time="0.0000" classname="should called with the correct parameters">
    </testcase>
  </testsuite>
  <testsuite name="RequiredValidationError" timestamp="2020-10-09T18:19:46" tests="1" file="/Users/romainlenzotti/workspace/ts-projects/ts-express-decorators/packages/common/src/mvc/errors/RequiredValidationError.spec.ts" time="0.0010" failures="0">
    <testcase name="RequiredValidationError should have a message" time="0.0010" classname="should have a message">
    </testcase>
  </testsuite>
  <testsuite name="ValidationError" timestamp="2020-10-09T18:19:46" tests="1" file="/Users/romainlenzotti/workspace/ts-projects/ts-express-decorators/packages/common/src/mvc/errors/ValidationError.spec.ts" time="0.0000" failures="0">
    <testcase name="ValidationError should return error" time="0.0000" classname="should return error">
    </testcase>
  </testsuite>
  <testsuite name="AcceptMimesMiddleware" timestamp="2020-10-09T18:19:46" tests="2" file="/Users/romainlenzotti/workspace/ts-projects/ts-express-decorators/packages/common/src/mvc/middlewares/AcceptMimesMiddleware.spec.ts" time="0.0040" failures="0">
    <testcase name="AcceptMimesMiddleware should accept type" time="0.0020" classname="should accept type">
    </testcase>
    <testcase name="AcceptMimesMiddleware should refuse type" time="0.0020" classname="should refuse type">
    </testcase>
  </testsuite>
  <testsuite name="EndpointMetadata" timestamp="2020-10-09T18:19:46" tests="0" file="/Users/romainlenzotti/workspace/ts-projects/ts-express-decorators/packages/common/src/mvc/models/EndpointMetadata.spec.ts" time="0.0000" failures="0">
  </testsuite>
  <testsuite name="view" timestamp="2020-10-09T18:19:46" tests="1" file="/Users/romainlenzotti/workspace/ts-projects/ts-express-decorators/packages/common/src/mvc/models/EndpointMetadata.spec.ts" time="0.0010" failures="0">
    <testcase name="EndpointMetadata view should return view value" time="0.0010" classname="should return view value">
    </testcase>
  </testsuite>
  <testsuite name="redirect" timestamp="2020-10-09T18:19:46" tests="1" file="/Users/romainlenzotti/workspace/ts-projects/ts-express-decorators/packages/common/src/mvc/models/EndpointMetadata.spec.ts" time="0.0010" failures="0">
    <testcase name="EndpointMetadata redirect should return redirect value" time="0.0010" classname="should return redirect value">
    </testcase>
  </testsuite>
  <testsuite name="location" timestamp="2020-10-09T18:19:46" tests="1" file="/Users/romainlenzotti/workspace/ts-projects/ts-express-decorators/packages/common/src/mvc/models/EndpointMetadata.spec.ts" time="0.0000" failures="0">
    <testcase name="EndpointMetadata location should return location value" time="0.0000" classname="should return location value">
    </testcase>
  </testsuite>
  <testsuite name="endpoint declaration" timestamp="2020-10-09T18:19:46" tests="3" file="/Users/romainlenzotti/workspace/ts-projects/ts-express-decorators/packages/common/src/mvc/models/EndpointMetadata.spec.ts" time="0.0030" failures="0">
    <testcase name="EndpointMetadata endpoint declaration should return an endpoint metadata" time="0.0020" classname="should return an endpoint metadata">
    </testcase>
    <testcase name="EndpointMetadata endpoint declaration should add endpoint with path" time="0.0000" classname="should add endpoint with path">
    </testcase>
    <testcase name="EndpointMetadata endpoint declaration should add endpoint with path and method" time="0.0010" classname="should add endpoint with path and method">
    </testcase>
  </testsuite>
  <testsuite name="get()" timestamp="2020-10-09T18:19:46" tests="1" file="/Users/romainlenzotti/workspace/ts-projects/ts-express-decorators/packages/common/src/mvc/models/EndpointMetadata.spec.ts" time="0.0000" failures="0">
    <testcase name="EndpointMetadata get() should return the endpoint metadata" time="0.0000" classname="should return the endpoint metadata">
    </testcase>
  </testsuite>
  <testsuite name="clone()" timestamp="2020-10-09T18:19:46" tests="1" file="/Users/romainlenzotti/workspace/ts-projects/ts-express-decorators/packages/common/src/mvc/models/EndpointMetadata.spec.ts" time="0.0000" failures="0">
    <testcase name="EndpointMetadata clone() should return the endpoint metadata" time="0.0000" classname="should return the endpoint metadata">
    </testcase>
  </testsuite>
  <testsuite name="getEndpoints()" timestamp="2020-10-09T18:19:46" tests="1" file="/Users/romainlenzotti/workspace/ts-projects/ts-express-decorators/packages/common/src/mvc/models/EndpointMetadata.spec.ts" time="0.0010" failures="0">
    <testcase name="EndpointMetadata getEndpoints() should return endpoints" time="0.0010" classname="should return endpoints">
    </testcase>
  </testsuite>
  <testsuite name="JsonEntityStore with EndpointMetadata" timestamp="2020-10-09T18:19:46" tests="1" file="/Users/romainlenzotti/workspace/ts-projects/ts-express-decorators/packages/common/src/mvc/models/EndpointMetadata.spec.ts" time="0.0030" failures="0">
    <testcase name="JsonEntityStore with EndpointMetadata should create JsonEntityStore" time="0.0030" classname="should create JsonEntityStore">
    </testcase>
  </testsuite>
  <testsuite name="HandlerMetadata" timestamp="2020-10-09T18:19:46" tests="0" file="/Users/romainlenzotti/workspace/ts-projects/ts-express-decorators/packages/common/src/mvc/models/HandlerMetadata.spec.ts" time="0.0000" failures="0">
  </testsuite>
  <testsuite name="from useCtxHandler" timestamp="2020-10-09T18:19:46" tests="1" file="/Users/romainlenzotti/workspace/ts-projects/ts-express-decorators/packages/common/src/mvc/models/HandlerMetadata.spec.ts" time="0.0000" failures="0">
    <testcase name="HandlerMetadata from useCtxHandler should create a new handlerMetadata with right metadata" time="0.0000" classname="should create a new handlerMetadata with right metadata">
    </testcase>
  </testsuite>
  <testsuite name="from function" timestamp="2020-10-09T18:19:46" tests="1" file="/Users/romainlenzotti/workspace/ts-projects/ts-express-decorators/packages/common/src/mvc/models/HandlerMetadata.spec.ts" time="0.0000" failures="0">
    <testcase name="HandlerMetadata from function should create a new handlerMetadata with right metadata" time="0.0000" classname="should create a new handlerMetadata with right metadata">
    </testcase>
  </testsuite>
  <testsuite name="from function err" timestamp="2020-10-09T18:19:46" tests="1" file="/Users/romainlenzotti/workspace/ts-projects/ts-express-decorators/packages/common/src/mvc/models/HandlerMetadata.spec.ts" time="0.0010" failures="0">
    <testcase name="HandlerMetadata from function err should create a new handlerMetadata with right metadata" time="0.0010" classname="should create a new handlerMetadata with right metadata">
    </testcase>
  </testsuite>
  <testsuite name="from function without nextFn" timestamp="2020-10-09T18:19:46" tests="1" file="/Users/romainlenzotti/workspace/ts-projects/ts-express-decorators/packages/common/src/mvc/models/HandlerMetadata.spec.ts" time="0.0000" failures="0">
    <testcase name="HandlerMetadata from function without nextFn should create a new handlerMetadata with right metadata" time="0.0000" classname="should create a new handlerMetadata with right metadata">
    </testcase>
  </testsuite>
  <testsuite name="from endpoint/middleware without injection" timestamp="2020-10-09T18:19:46" tests="1" file="/Users/romainlenzotti/workspace/ts-projects/ts-express-decorators/packages/common/src/mvc/models/HandlerMetadata.spec.ts" time="0.0010" failures="0">
    <testcase name="HandlerMetadata from endpoint/middleware without injection should create a new handlerMetadata with right metadata" time="0.0010" classname="should create a new handlerMetadata with right metadata">
    </testcase>
  </testsuite>
  <testsuite name="from endpoint/middleware with injection" timestamp="2020-10-09T18:19:46" tests="1" file="/Users/romainlenzotti/workspace/ts-projects/ts-express-decorators/packages/common/src/mvc/models/HandlerMetadata.spec.ts" time="0.0000" failures="0">
    <testcase name="HandlerMetadata from endpoint/middleware with injection should create a new handlerMetadata with right metadata" time="0.0000" classname="should create a new handlerMetadata with right metadata">
    </testcase>
  </testsuite>
  <testsuite name="from middleware without injection and error" timestamp="2020-10-09T18:19:46" tests="1" file="/Users/romainlenzotti/workspace/ts-projects/ts-express-decorators/packages/common/src/mvc/models/HandlerMetadata.spec.ts" time="0.0000" failures="0">
    <testcase name="HandlerMetadata from middleware without injection and error should create a new handlerMetadata with right metadata" time="0.0000" classname="should create a new handlerMetadata with right metadata">
    </testcase>
  </testsuite>
  <testsuite name="from middleware with injection and error" timestamp="2020-10-09T18:19:46" tests="1" file="/Users/romainlenzotti/workspace/ts-projects/ts-express-decorators/packages/common/src/mvc/models/HandlerMetadata.spec.ts" time="0.0000" failures="0">
    <testcase name="HandlerMetadata from middleware with injection and error should create a new handlerMetadata with right metadata" time="0.0000" classname="should create a new handlerMetadata with right metadata">
    </testcase>
  </testsuite>
  <testsuite name="ParamMetadata" timestamp="2020-10-09T18:19:46" tests="0" file="/Users/romainlenzotti/workspace/ts-projects/ts-express-decorators/packages/common/src/mvc/models/ParamMetadata.spec.ts" time="0.0000" failures="0">
  </testsuite>
  <testsuite name="props" timestamp="2020-10-09T18:19:46" tests="1" file="/Users/romainlenzotti/workspace/ts-projects/ts-express-decorators/packages/common/src/mvc/models/ParamMetadata.spec.ts" time="0.0000" failures="0">
    <testcase name="ParamMetadata props should return the required value" time="0.0000" classname="should return the required value">
    </testcase>
  </testsuite>
  <testsuite name="as a service" timestamp="2020-10-09T18:19:46" tests="1" file="/Users/romainlenzotti/workspace/ts-projects/ts-express-decorators/packages/common/src/mvc/models/ParamMetadata.spec.ts" time="0.0010" failures="0">
    <testcase name="ParamMetadata as a service should return the service" time="0.0010" classname="should return the service">
    </testcase>
  </testsuite>
  <testsuite name="getParams" timestamp="2020-10-09T18:19:46" tests="3" file="/Users/romainlenzotti/workspace/ts-projects/ts-express-decorators/packages/common/src/mvc/models/ParamMetadata.spec.ts" time="0.0020" failures="0">
    <testcase name="ParamMetadata getParams should returns params (REQ)" time="0.0000" classname="should returns params (REQ)">
    </testcase>
    <testcase name="ParamMetadata getParams should returns params (RES)" time="0.0010" classname="should returns params (RES)">
    </testcase>
    <testcase name="ParamMetadata getParams should returns params from inherited" time="0.0010" classname="should returns params from inherited">
    </testcase>
  </testsuite>
  <testsuite name="PropertyMetadata" timestamp="2020-10-09T18:19:46" tests="0" file="/Users/romainlenzotti/workspace/ts-projects/ts-express-decorators/packages/common/src/mvc/models/PropertyMetadata.spec.ts" time="0.0000" failures="0">
  </testsuite>
  <testsuite name="required() and allowRequiredValues" timestamp="2020-10-09T18:19:46" tests="1" file="/Users/romainlenzotti/workspace/ts-projects/ts-express-decorators/packages/common/src/mvc/models/PropertyMetadata.spec.ts" time="0.0010" failures="0">
    <testcase name="PropertyMetadata required() and allowRequiredValues should return the required value" time="0.0010" classname="should return the required value">
    </testcase>
  </testsuite>
  <testsuite name="isRequired" timestamp="2020-10-09T18:19:46" tests="0" file="/Users/romainlenzotti/workspace/ts-projects/ts-express-decorators/packages/common/src/mvc/models/PropertyMetadata.spec.ts" time="0.0000" failures="0">
  </testsuite>
  <testsuite name="when property is required" timestamp="2020-10-09T18:19:46" tests="4" file="/Users/romainlenzotti/workspace/ts-projects/ts-express-decorators/packages/common/src/mvc/models/PropertyMetadata.spec.ts" time="0.0010" failures="0">
    <testcase name="PropertyMetadata isRequired when property is required should return false (value 0)" time="0.0000" classname="should return false (value 0)">
    </testcase>
    <testcase name="PropertyMetadata isRequired when property is required should return true (value &apos;&apos;)" time="0.0000" classname="should return true (value &apos;&apos;)">
    </testcase>
    <testcase name="PropertyMetadata isRequired when property is required should return true (value null)" time="0.0010" classname="should return true (value null)">
    </testcase>
    <testcase name="PropertyMetadata isRequired when property is required should return true (value undefined)" time="0.0000" classname="should return true (value undefined)">
    </testcase>
  </testsuite>
  <testsuite name="when property is required and have allowed values" timestamp="2020-10-09T18:19:46" tests="3" file="/Users/romainlenzotti/workspace/ts-projects/ts-express-decorators/packages/common/src/mvc/models/PropertyMetadata.spec.ts" time="0.0030" failures="0">
    <testcase name="PropertyMetadata isRequired when property is required and have allowed values should validate the required values" time="0.0010" classname="should validate the required values">
    </testcase>
    <testcase name="PropertyMetadata isRequired when property is required and have allowed values should validate the required values (2)" time="0.0010" classname="should validate the required values (2)">
    </testcase>
    <testcase name="PropertyMetadata isRequired when property is required and have allowed values should validate the required values (3)" time="0.0010" classname="should validate the required values (3)">
    </testcase>
  </testsuite>
  <testsuite name="when property is not required" timestamp="2020-10-09T18:19:46" tests="1" file="/Users/romainlenzotti/workspace/ts-projects/ts-express-decorators/packages/common/src/mvc/models/PropertyMetadata.spec.ts" time="0.0000" failures="0">
    <testcase name="PropertyMetadata isRequired when property is not required should validate values" time="0.0000" classname="should validate values">
    </testcase>
  </testsuite>
  <testsuite name="get()" timestamp="2020-10-09T18:19:46" tests="1" file="/Users/romainlenzotti/workspace/ts-projects/ts-express-decorators/packages/common/src/mvc/models/PropertyMetadata.spec.ts" time="0.0000" failures="0">
    <testcase name="PropertyMetadata get() should return the propertyMetadata" time="0.0000" classname="should return the propertyMetadata">
    </testcase>
  </testsuite>
  <testsuite name="getProperties()" timestamp="2020-10-09T18:19:46" tests="0" file="/Users/romainlenzotti/workspace/ts-projects/ts-express-decorators/packages/common/src/mvc/models/PropertyMetadata.spec.ts" time="0.0000" failures="0">
  </testsuite>
  <testsuite name="when is the Children class" timestamp="2020-10-09T18:19:46" tests="4" file="/Users/romainlenzotti/workspace/ts-projects/ts-express-decorators/packages/common/src/mvc/models/PropertyMetadata.spec.ts" time="0.0000" failures="0">
    <testcase name="PropertyMetadata getProperties() when is the Children class should have a property id metadata from Children class" time="0.0000" classname="should have a property id metadata from Children class">
    </testcase>
    <testcase name="PropertyMetadata getProperties() when is the Children class should have a property name metadata from Parent class" time="0.0000" classname="should have a property name metadata from Parent class">
    </testcase>
    <testcase name="PropertyMetadata getProperties() when is the Children class should have a property test metadata from Parent class" time="0.0000" classname="should have a property test metadata from Parent class">
    </testcase>
    <testcase name="PropertyMetadata getProperties() when is the Children class should not have a property categoryId metadata from Parent class" time="0.0000" classname="should not have a property categoryId metadata from Parent class">
    </testcase>
  </testsuite>
  <testsuite name="when is the Children2 class" timestamp="2020-10-09T18:19:46" tests="4" file="/Users/romainlenzotti/workspace/ts-projects/ts-express-decorators/packages/common/src/mvc/models/PropertyMetadata.spec.ts" time="0.0000" failures="0">
    <testcase name="PropertyMetadata getProperties() when is the Children2 class should have a property id metadata from Children class" time="0.0000" classname="should have a property id metadata from Children class">
    </testcase>
    <testcase name="PropertyMetadata getProperties() when is the Children2 class should have a property name metadata from Parent class" time="0.0000" classname="should have a property name metadata from Parent class">
    </testcase>
[...]
    <testcase name="Nsp when it used as param decorator should set metadata" time="0.0000" classname="should set metadata">
    </testcase>
  </testsuite>
  <testsuite name="when it used as property decorator" timestamp="2020-10-09T18:19:56" tests="1" file="/Users/romainlenzotti/workspace/ts-projects/ts-express-decorators/packages/socketio/src/decorators/nsp.spec.ts" time="0.0000" failures="0">
    <testcase name="Nsp when it used as property decorator should set metadata" time="0.0000" classname="should set metadata">
    </testcase>
  </testsuite>
  <testsuite name="when it used as property decorator with parameters" timestamp="2020-10-09T18:19:56" tests="1" file="/Users/romainlenzotti/workspace/ts-projects/ts-express-decorators/packages/socketio/src/decorators/nsp.spec.ts" time="0.0000" failures="0">
    <testcase name="Nsp when it used as property decorator with parameters should set metadata" time="0.0000" classname="should set metadata">
    </testcase>
  </testsuite>
  <testsuite name="Socket" timestamp="2020-10-09T18:19:56" tests="1" file="/Users/romainlenzotti/workspace/ts-projects/ts-express-decorators/packages/socketio/src/decorators/socket.spec.ts" time="0.0000" failures="0">
    <testcase name="Socket should set metadata" time="0.0000" classname="should set metadata">
    </testcase>
  </testsuite>
  <testsuite name="@SocketErr" timestamp="2020-10-09T18:19:56" tests="1" file="/Users/romainlenzotti/workspace/ts-projects/ts-express-decorators/packages/socketio/src/decorators/socketErr.spec.ts" time="0.0000" failures="0">
    <testcase name="@SocketErr should set metadata" time="0.0000" classname="should set metadata">
    </testcase>
  </testsuite>
  <testsuite name="@SocketEventName" timestamp="2020-10-09T18:19:56" tests="1" file="/Users/romainlenzotti/workspace/ts-projects/ts-express-decorators/packages/socketio/src/decorators/socketEventName.spec.ts" time="0.0000" failures="0">
    <testcase name="@SocketEventName should set metadata" time="0.0000" classname="should set metadata">
    </testcase>
  </testsuite>
  <testsuite name="@SocketMiddleware" timestamp="2020-10-09T18:19:56" tests="1" file="/Users/romainlenzotti/workspace/ts-projects/ts-express-decorators/packages/socketio/src/decorators/socketMiddleware.spec.ts" time="0.0000" failures="0">
    <testcase name="@SocketMiddleware should register the middleware" time="0.0000" classname="should register the middleware">
    </testcase>
  </testsuite>
  <testsuite name="@SocketMiddlewareError" timestamp="2020-10-09T18:19:56" tests="1" file="/Users/romainlenzotti/workspace/ts-projects/ts-express-decorators/packages/socketio/src/decorators/socketMiddlewareError.spec.ts" time="0.0000" failures="0">
    <testcase name="@SocketMiddlewareError should register the metadata and middleware" time="0.0000" classname="should register the metadata and middleware">
    </testcase>
  </testsuite>
  <testsuite name="SocketService" timestamp="2020-10-09T18:19:56" tests="0" file="/Users/romainlenzotti/workspace/ts-projects/ts-express-decorators/packages/socketio/src/decorators/socketService.spec.ts" time="0.0000" failures="0">
  </testsuite>
  <testsuite name="case 1" timestamp="2020-10-09T18:19:56" tests="2" file="/Users/romainlenzotti/workspace/ts-projects/ts-express-decorators/packages/socketio/src/decorators/socketService.spec.ts" time="0.0000" failures="0">
    <testcase name="SocketService case 1 should set metadata" time="0.0000" classname="should set metadata">
    </testcase>
    <testcase name="SocketService case 1 should call socketServiceRegistry" time="0.0000" classname="should call socketServiceRegistry">
    </testcase>
  </testsuite>
  <testsuite name="case 2" timestamp="2020-10-09T18:19:56" tests="2" file="/Users/romainlenzotti/workspace/ts-projects/ts-express-decorators/packages/socketio/src/decorators/socketService.spec.ts" time="0.0000" failures="0">
    <testcase name="SocketService case 2 should set metadata" time="0.0000" classname="should set metadata">
    </testcase>
    <testcase name="SocketService case 2 should call socketServiceRegistry" time="0.0000" classname="should call socketServiceRegistry">
    </testcase>
  </testsuite>
  <testsuite name="SocketSession" timestamp="2020-10-09T18:19:56" tests="1" file="/Users/romainlenzotti/workspace/ts-projects/ts-express-decorators/packages/socketio/src/decorators/socketSession.spec.ts" time="0.0000" failures="0">
    <testcase name="SocketSession should set metadata" time="0.0000" classname="should set metadata">
    </testcase>
  </testsuite>
  <testsuite name="@SocketUseAfter" timestamp="2020-10-09T18:19:56" tests="0" file="/Users/romainlenzotti/workspace/ts-projects/ts-express-decorators/packages/socketio/src/decorators/socketUseAfter.spec.ts" time="0.0000" failures="0">
  </testsuite>
  <testsuite name="when the decorator is used on a class" timestamp="2020-10-09T18:19:56" tests="1" file="/Users/romainlenzotti/workspace/ts-projects/ts-express-decorators/packages/socketio/src/decorators/socketUseAfter.spec.ts" time="0.0000" failures="0">
    <testcase name="@SocketUseAfter when the decorator is used on a class should store metadata" time="0.0000" classname="should store metadata">
    </testcase>
  </testsuite>
  <testsuite name="when the decorator is used on a method" timestamp="2020-10-09T18:19:56" tests="1" file="/Users/romainlenzotti/workspace/ts-projects/ts-express-decorators/packages/socketio/src/decorators/socketUseAfter.spec.ts" time="0.0000" failures="0">
    <testcase name="@SocketUseAfter when the decorator is used on a method should store metadata" time="0.0000" classname="should store metadata">
    </testcase>
  </testsuite>
  <testsuite name="@SocketUseBefore" timestamp="2020-10-09T18:19:56" tests="0" file="/Users/romainlenzotti/workspace/ts-projects/ts-express-decorators/packages/socketio/src/decorators/socketUseBefore.spec.ts" time="0.0000" failures="0">
  </testsuite>
  <testsuite name="when the decorator is used on a class" timestamp="2020-10-09T18:19:56" tests="1" file="/Users/romainlenzotti/workspace/ts-projects/ts-express-decorators/packages/socketio/src/decorators/socketUseBefore.spec.ts" time="0.0000" failures="0">
    <testcase name="@SocketUseBefore when the decorator is used on a class should store metadata" time="0.0000" classname="should store metadata">
    </testcase>
  </testsuite>
  <testsuite name="when the decorator is used on a method" timestamp="2020-10-09T18:19:56" tests="1" file="/Users/romainlenzotti/workspace/ts-projects/ts-express-decorators/packages/socketio/src/decorators/socketUseBefore.spec.ts" time="0.0000" failures="0">
    <testcase name="@SocketUseBefore when the decorator is used on a method should store metadata" time="0.0000" classname="should store metadata">
    </testcase>
  </testsuite>
  <testsuite name="NspSessionRegistry" timestamp="2020-10-09T18:19:56" tests="1" file="/Users/romainlenzotti/workspace/ts-projects/ts-express-decorators/packages/socketio/src/registries/NspSessionRegistry.spec.ts" time="0.0000" failures="0">
    <testcase name="NspSessionRegistry should return session" time="0.0000" classname="should return session">
    </testcase>
  </testsuite>
  <testsuite name="SocketIOService" timestamp="2020-10-09T18:19:56" tests="0" file="/Users/romainlenzotti/workspace/ts-projects/ts-express-decorators/packages/socketio/src/services/SocketIOService.spec.ts" time="0.0000" failures="0">
  </testsuite>
  <testsuite name="getNsp()" timestamp="2020-10-09T18:19:56" tests="5" file="/Users/romainlenzotti/workspace/ts-projects/ts-express-decorators/packages/socketio/src/services/SocketIOService.spec.ts" time="0.0000" failures="0">
    <testcase name="SocketIOService getNsp() should call io.of and create namespace" time="0.0000" classname="should call io.of and create namespace">
    </testcase>
    <testcase name="SocketIOService getNsp() should call namespace.on" time="0.0000" classname="should call namespace.on">
    </testcase>
    <testcase name="SocketIOService getNsp() should call builder.onConnection" time="0.0000" classname="should call builder.onConnection">
    </testcase>
    <testcase name="SocketIOService getNsp() should call socket.on when socket is disconnected" time="0.0000" classname="should call socket.on when socket is disconnected">
    </testcase>
    <testcase name="SocketIOService getNsp() should call builder.onDisconnect" time="0.0000" classname="should call builder.onDisconnect">
    </testcase>
  </testsuite>
  <testsuite name="SocketIOModule" timestamp="2020-10-09T18:19:56" tests="0" file="/Users/romainlenzotti/workspace/ts-projects/ts-express-decorators/packages/socketio/src/SocketIOModule.spec.ts" time="0.0000" failures="0">
  </testsuite>
  <testsuite name="$afterListen()" timestamp="2020-10-09T18:19:56" tests="0" file="/Users/romainlenzotti/workspace/ts-projects/ts-express-decorators/packages/socketio/src/SocketIOModule.spec.ts" time="0.0000" failures="0">
  </testsuite>
  <testsuite name="with http server" timestamp="2020-10-09T18:19:56" tests="1" file="/Users/romainlenzotti/workspace/ts-projects/ts-express-decorators/packages/socketio/src/SocketIOModule.spec.ts" time="0.0020" failures="0">
    <testcase name="SocketIOModule $afterListen() with http server should call attach method" time="0.0020" classname="should call attach method">
    </testcase>
  </testsuite>
  <testsuite name="with https server" timestamp="2020-10-09T18:19:57" tests="1" file="/Users/romainlenzotti/workspace/ts-projects/ts-express-decorators/packages/socketio/src/SocketIOModule.spec.ts" time="0.0010" failures="0">
    <testcase name="SocketIOModule $afterListen() with https server should call attach method" time="0.0010" classname="should call attach method">
    </testcase>
  </testsuite>
  <testsuite name="SocketIO" timestamp="2020-10-09T18:19:57" tests="1" file="/Users/romainlenzotti/workspace/ts-projects/ts-express-decorators/packages/socketio/test/socketio.spec.ts" time="0.0080" failures="0">
    <testcase name="SocketIO should render index page" time="0.0080" classname="should render index page">
    </testcase>
  </testsuite>
  <testsuite name="cssMiddleware" timestamp="2020-10-09T18:19:57" tests="1" file="/Users/romainlenzotti/workspace/ts-projects/ts-express-decorators/packages/swagger/src/middlewares/cssMiddleware.spec.ts" time="0.0040" failures="0">
    <testcase name="cssMiddleware should create a middleware" time="0.0040" classname="should create a middleware">
    </testcase>
  </testsuite>
  <testsuite name="indexMiddleware and redirect" timestamp="2020-10-09T18:19:57" tests="1" file="/Users/romainlenzotti/workspace/ts-projects/ts-express-decorators/packages/swagger/src/middlewares/indexMiddleware.spec.ts" time="0.0050" failures="0">
    <testcase name="indexMiddleware and redirect should create a middleware" time="0.0050" classname="should create a middleware">
    </testcase>
  </testsuite>
  <testsuite name="jsMiddleware" timestamp="2020-10-09T18:19:57" tests="1" file="/Users/romainlenzotti/workspace/ts-projects/ts-express-decorators/packages/swagger/src/middlewares/jsMiddleware.spec.ts" time="0.0050" failures="0">
    <testcase name="jsMiddleware should create a middleware" time="0.0050" classname="should create a middleware">
    </testcase>
  </testsuite>
  <testsuite name="redirectMiddleware and redirect" timestamp="2020-10-09T18:19:57" tests="2" file="/Users/romainlenzotti/workspace/ts-projects/ts-express-decorators/packages/swagger/src/middlewares/redirectMiddleware.spec.ts" time="0.0070" failures="0">
    <testcase name="redirectMiddleware and redirect should create a middleware" time="0.0040" classname="should create a middleware">
    </testcase>
    <testcase name="redirectMiddleware and redirect should create a middleware and call next" time="0.0030" classname="should create a middleware and call next">
    </testcase>
  </testsuite>
  <testsuite name="SwaggerService" timestamp="2020-10-09T18:19:57" tests="0" file="/Users/romainlenzotti/workspace/ts-projects/ts-express-decorators/packages/swagger/src/services/SwaggerService.spec.ts" time="0.0000" failures="0">
  </testsuite>
  <testsuite name="getDefaultSpec()" timestamp="2020-10-09T18:19:57" tests="0" file="/Users/romainlenzotti/workspace/ts-projects/ts-express-decorators/packages/swagger/src/services/SwaggerService.spec.ts" time="0.0000" failures="0">
  </testsuite>
  <testsuite name="when specPath is given" timestamp="2020-10-09T18:19:57" tests="1" file="/Users/romainlenzotti/workspace/ts-projects/ts-express-decorators/packages/swagger/src/services/SwaggerService.spec.ts" time="0.0030" failures="0">
    <testcase name="SwaggerService getDefaultSpec() when specPath is given should return default spec" time="0.0030" classname="should return default spec">
    </testcase>
  </testsuite>
  <testsuite name="when spec is given with produces fields" timestamp="2020-10-09T18:19:57" tests="1" file="/Users/romainlenzotti/workspace/ts-projects/ts-express-decorators/packages/swagger/src/services/SwaggerService.spec.ts" time="0.0000" failures="0">
    <testcase name="SwaggerService getDefaultSpec() when spec is given with produces fields should return default spec" time="0.0000" classname="should return default spec">
    </testcase>
  </testsuite>
  <testsuite name="when nothing is given" timestamp="2020-10-09T18:19:57" tests="1" file="/Users/romainlenzotti/workspace/ts-projects/ts-express-decorators/packages/swagger/src/services/SwaggerService.spec.ts" time="0.0000" failures="0">
    <testcase name="SwaggerService getDefaultSpec() when nothing is given should return default spec" time="0.0000" classname="should return default spec">
    </testcase>
  </testsuite>
  <testsuite name="when some info is given" timestamp="2020-10-09T18:19:57" tests="1" file="/Users/romainlenzotti/workspace/ts-projects/ts-express-decorators/packages/swagger/src/services/SwaggerService.spec.ts" time="0.0000" failures="0">
    <testcase name="SwaggerService getDefaultSpec() when some info is given should return default spec" time="0.0000" classname="should return default spec">
    </testcase>
  </testsuite>
  <testsuite name="readSpecPath" timestamp="2020-10-09T18:19:57" tests="1" file="/Users/romainlenzotti/workspace/ts-projects/ts-express-decorators/packages/swagger/src/services/SwaggerService.spec.ts" time="0.0000" failures="0">
    <testcase name="SwaggerService readSpecPath should return an empty object" time="0.0000" classname="should return an empty object">
    </testcase>
  </testsuite>
  <testsuite name="SwaggerModule" timestamp="2020-10-09T18:19:57" tests="0" file="/Users/romainlenzotti/workspace/ts-projects/ts-express-decorators/packages/swagger/src/SwaggerModule.spec.ts" time="0.0000" failures="0">
  </testsuite>
  <testsuite name="$beforeRoutesInit" timestamp="2020-10-09T18:19:57" tests="1" file="/Users/romainlenzotti/workspace/ts-projects/ts-express-decorators/packages/swagger/src/SwaggerModule.spec.ts" time="0.0010" failures="0">
    <testcase name="SwaggerModule $beforeRoutesInit should add middlewares" time="0.0010" classname="should add middlewares">
    </testcase>
  </testsuite>
  <testsuite name="$onRoutesInit" timestamp="2020-10-09T18:19:57" tests="1" file="/Users/romainlenzotti/workspace/ts-projects/ts-express-decorators/packages/swagger/src/SwaggerModule.spec.ts" time="0.0010" failures="0">
    <testcase name="SwaggerModule $onRoutesInit should write file" time="0.0010" classname="should write file">
    </testcase>
  </testsuite>
  <testsuite name="$onReady" timestamp="2020-10-09T18:19:57" tests="1" file="/Users/romainlenzotti/workspace/ts-projects/ts-express-decorators/packages/swagger/src/SwaggerModule.spec.ts" time="0.0010" failures="0">
    <testcase name="SwaggerModule $onReady should display the right log" time="0.0010" classname="should display the right log">
    </testcase>
  </testsuite>
  <testsuite name="parseSwaggerPath()" timestamp="2020-10-09T18:19:57" tests="6" file="/Users/romainlenzotti/workspace/ts-projects/ts-express-decorators/packages/swagger/src/utils/getReducers.spec.ts" time="0.0010" failures="0">
    <testcase name="parseSwaggerPath() should return params and path(1)" time="0.0000" classname="should return params and path(1)">
    </testcase>
    <testcase name="parseSwaggerPath() should return params and path(2)" time="0.0010" classname="should return params and path(2)">
    </testcase>
    <testcase name="parseSwaggerPath() should return params and path(3)" time="0.0000" classname="should return params and path(3)">
    </testcase>
    <testcase name="parseSwaggerPath() should return params and path(4)" time="0.0000" classname="should return params and path(4)">
    </testcase>
    <testcase name="parseSwaggerPath() should return params and path /file/:filename.json" time="0.0000" classname="should return params and path /file/:filename.json">
    </testcase>
    <testcase name="parseSwaggerPath() should return params and path /category/:category([a-zA-Z/_-]+).json" time="0.0000" classname="should return params and path /category/:category([a-zA-Z/_-]+).json">
    </testcase>
  </testsuite>
  <testsuite name="Swagger errors params" timestamp="2020-10-09T18:19:57" tests="1" file="/Users/romainlenzotti/workspace/ts-projects/ts-express-decorators/packages/swagger/test/swagger.errors.spec.ts" time="0.0070" failures="0">
    <testcase name="Swagger errors params should generate swagger" time="0.0070" classname="should generate swagger">
    </testcase>
  </testsuite>
  <testsuite name="Swagger integration" timestamp="2020-10-09T18:19:57" tests="0" file="/Users/romainlenzotti/workspace/ts-projects/ts-express-decorators/packages/swagger/test/swagger.integration.spec.ts" time="0.0000" failures="0">
  </testsuite>
  <testsuite name="swagger 2" timestamp="2020-10-09T18:19:57" tests="1" file="/Users/romainlenzotti/workspace/ts-projects/ts-express-decorators/packages/swagger/test/swagger.integration.spec.ts" time="0.0100" failures="0">
    <testcase name="Swagger integration swagger 2 should swagger spec" time="0.0100" classname="should swagger spec">
    </testcase>
  </testsuite>
  <testsuite name="OpenSpec3" timestamp="2020-10-09T18:19:57" tests="1" file="/Users/romainlenzotti/workspace/ts-projects/ts-express-decorators/packages/swagger/test/swagger.integration.spec.ts" time="0.0080" failures="0">
    <testcase name="Swagger integration OpenSpec3 should swagger spec" time="0.0080" classname="should swagger spec">
    </testcase>
  </testsuite>
  <testsuite name="Swagger query params" timestamp="2020-10-09T18:19:57" tests="1" file="/Users/romainlenzotti/workspace/ts-projects/ts-express-decorators/packages/swagger/test/swagger.query.spec.ts" time="0.0130" failures="0">
    <testcase name="Swagger query params should generate swagger" time="0.0130" classname="should generate swagger">
    </testcase>
  </testsuite>
  <testsuite name="TypeORMService" timestamp="2020-10-09T18:19:57" tests="0" file="/Users/romainlenzotti/workspace/ts-projects/ts-express-decorators/packages/typeorm/src/services/TypeORMService.spec.ts" time="0.0000" failures="0">
  </testsuite>
  <testsuite name="createConnection()" timestamp="2020-10-09T18:19:57" tests="1" file="/Users/romainlenzotti/workspace/ts-projects/ts-express-decorators/packages/typeorm/src/services/TypeORMService.spec.ts" time="0.0010" failures="0">
    <testcase name="TypeORMService createConnection() should create connection and close connection" time="0.0010" classname="should create connection and close connection">
    </testcase>
  </testsuite>
  <testsuite name="TypeORM integration" timestamp="2020-10-09T18:19:57" tests="1" file="/Users/romainlenzotti/workspace/ts-projects/ts-express-decorators/packages/typeorm/test/integration.spec.ts" time="0.0130" failures="0">
    <testcase name="TypeORM integration should return repository" time="0.0130" classname="should return repository">
    </testcase>
  </testsuite>
</testsuites>