<?xml version="1.0" encoding="utf-8"?>
<testsuites>
<testsuite package="org.eslint" time="0" tests="1" errors="0" name="/Users/romainlenzotti/workspace/ts-projects/ts-express-decorators/packages/ajv/src/decorators/useSchema.spec.ts">
<testcase time="0" name="/Users/romainlenzotti/workspace/ts-projects/ts-express-decorators/packages/ajv/src/decorators/useSchema.spec.ts" classname="/Users/romainlenzotti/workspace/ts-projects/ts-express-decorators/packages/ajv/src/decorators/useSchema.spec" />
</testsuite>
<testsuite package="org.eslint" time="0" tests="1" errors="0" name="/Users/romainlenzotti/workspace/ts-projects/ts-express-decorators/packages/ajv/src/decorators/useSchema.ts">
<testcase time="0" name="/Users/romainlenzotti/workspace/ts-projects/ts-express-decorators/packages/ajv/src/decorators/useSchema.ts" classname="/Users/romainlenzotti/workspace/ts-projects/ts-express-decorators/packages/ajv/src/decorators/useSchema" />
</testsuite>
<testsuite package="org.eslint" time="0" tests="1" errors="0" name="/Users/romainlenzotti/workspace/ts-projects/ts-express-decorators/packages/ajv/src/errors/AjvValidationError.ts">
<testcase time="0" name="/Users/romainlenzotti/workspace/ts-projects/ts-express-decorators/packages/ajv/src/errors/AjvValidationError.ts" classname="/Users/romainlenzotti/workspace/ts-projects/ts-express-decorators/packages/ajv/src/errors/AjvValidationError" />
</testsuite>
<testsuite package="org.eslint" time="0" tests="1" errors="0" name="/Users/romainlenzotti/workspace/ts-projects/ts-express-decorators/packages/ajv/src/index.ts">
<testcase time="0" name="/Users/romainlenzotti/workspace/ts-projects/ts-express-decorators/packages/ajv/src/index.ts" classname="/Users/romainlenzotti/workspace/ts-projects/ts-express-decorators/packages/ajv/src/index" />
</testsuite>
<testsuite package="org.eslint" time="0" tests="1" errors="0" name="/Users/romainlenzotti/workspace/ts-projects/ts-express-decorators/packages/ajv/src/interfaces/IAjvSettings.ts">
<testcase time="0" name="/Users/romainlenzotti/workspace/ts-projects/ts-express-decorators/packages/ajv/src/interfaces/IAjvSettings.ts" classname="/Users/romainlenzotti/workspace/ts-projects/ts-express-decorators/packages/ajv/src/interfaces/IAjvSettings" />
</testsuite>
<testsuite package="org.eslint" time="0" tests="1" errors="0" name="/Users/romainlenzotti/workspace/ts-projects/ts-express-decorators/packages/ajv/src/pipes/AjvErrorFormatterPipe.ts">
<testcase time="0" name="/Users/romainlenzotti/workspace/ts-projects/ts-express-decorators/packages/ajv/src/pipes/AjvErrorFormatterPipe.ts" classname="/Users/romainlenzotti/workspace/ts-projects/ts-express-decorators/packages/ajv/src/pipes/AjvErrorFormatterPipe" />
</testsuite>
<testsuite package="org.eslint" time="0" tests="1" errors="0" name="/Users/romainlenzotti/workspace/ts-projects/ts-express-decorators/packages/ajv/src/pipes/AjvValidationPipe.spec.ts">
<testcase time="0" name="/Users/romainlenzotti/workspace/ts-projects/ts-express-decorators/packages/ajv/src/pipes/AjvValidationPipe.spec.ts" classname="/Users/romainlenzotti/workspace/ts-projects/ts-express-decorators/packages/ajv/src/pipes/AjvValidationPipe.spec" />
</testsuite>
<testsuite package="org.eslint" time="0" tests="1" errors="0" name="/Users/romainlenzotti/workspace/ts-projects/ts-express-decorators/packages/ajv/src/pipes/AjvValidationPipe.ts">
<testcase time="0" name="/Users/romainlenzotti/workspace/ts-projects/ts-express-decorators/packages/ajv/src/pipes/AjvValidationPipe.ts" classname="/Users/romainlenzotti/workspace/ts-projects/ts-express-decorators/packages/ajv/src/pipes/AjvValidationPipe" />
</testsuite>
<testsuite package="org.eslint" time="0" tests="1" errors="0" name="/Users/romainlenzotti/workspace/ts-projects/ts-express-decorators/packages/ajv/src/services/Ajv.spec.ts">
<testcase time="0" name="/Users/romainlenzotti/workspace/ts-projects/ts-express-decorators/packages/ajv/src/services/Ajv.spec.ts" classname="/Users/romainlenzotti/workspace/ts-projects/ts-express-decorators/packages/ajv/src/services/Ajv.spec" />
</testsuite>
<testsuite package="org.eslint" time="0" tests="1" errors="0" name="/Users/romainlenzotti/workspace/ts-projects/ts-express-decorators/packages/ajv/src/services/Ajv.ts">
<testcase time="0" name="/Users/romainlenzotti/workspace/ts-projects/ts-express-decorators/packages/ajv/src/services/Ajv.ts" classname="/Users/romainlenzotti/workspace/ts-projects/ts-express-decorators/packages/ajv/src/services/Ajv" />
</testsuite>
<testsuite package="org.eslint" time="0" tests="1" errors="0" name="/Users/romainlenzotti/workspace/ts-projects/ts-express-decorators/packages/common/src/config/index.ts">
<testcase time="0" name="/Users/romainlenzotti/workspace/ts-projects/ts-express-decorators/packages/common/src/config/index.ts" classname="/Users/romainlenzotti/workspace/ts-projects/ts-express-decorators/packages/common/src/config/index" />
</testsuite>
<testsuite package="org.eslint" time="0" tests="1" errors="0" name="/Users/romainlenzotti/workspace/ts-projects/ts-express-decorators/packages/common/src/config/interfaces/ConverterSettings.ts">
<testcase time="0" name="/Users/romainlenzotti/workspace/ts-projects/ts-express-decorators/packages/common/src/config/interfaces/ConverterSettings.ts" classname="/Users/romainlenzotti/workspace/ts-projects/ts-express-decorators/packages/common/src/config/interfaces/ConverterSettings" />
</testsuite>
<testsuite package="org.eslint" time="0" tests="1" errors="0" name="/Users/romainlenzotti/workspace/ts-projects/ts-express-decorators/packages/common/src/config/interfaces/EndpointDirectoriesSettings.ts">
<testcase time="0" name="/Users/romainlenzotti/workspace/ts-projects/ts-express-decorators/packages/common/src/config/interfaces/EndpointDirectoriesSettings.ts" classname="/Users/romainlenzotti/workspace/ts-projects/ts-express-decorators/packages/common/src/config/interfaces/EndpointDirectoriesSettings" />
</testsuite>
<testsuite package="org.eslint" time="0" tests="1" errors="0" name="/Users/romainlenzotti/workspace/ts-projects/ts-express-decorators/packages/common/src/config/interfaces/PlatformLoggerSettings.ts">
<testcase time="0" name="/Users/romainlenzotti/workspace/ts-projects/ts-express-decorators/packages/common/src/config/interfaces/PlatformLoggerSettings.ts" classname="/Users/romainlenzotti/workspace/ts-projects/ts-express-decorators/packages/common/src/config/interfaces/PlatformLoggerSettings" />
</testsuite>
<testsuite package="org.eslint" time="0" tests="1" errors="0" name="/Users/romainlenzotti/workspace/ts-projects/ts-express-decorators/packages/common/src/config/interfaces/PlatformMulterSettings.ts">
<testcase time="0" name="/Users/romainlenzotti/workspace/ts-projects/ts-express-decorators/packages/common/src/config/interfaces/PlatformMulterSettings.ts" classname="/Users/romainlenzotti/workspace/ts-projects/ts-express-decorators/packages/common/src/config/interfaces/PlatformMulterSettings" />
</testsuite>
<testsuite package="org.eslint" time="0" tests="1" errors="0" name="/Users/romainlenzotti/workspace/ts-projects/ts-express-decorators/packages/common/src/config/interfaces/PlatformStaticsSettings.ts">
<testcase time="0" name="/Users/romainlenzotti/workspace/ts-projects/ts-express-decorators/packages/common/src/config/interfaces/PlatformStaticsSettings.ts" classname="/Users/romainlenzotti/workspace/ts-projects/ts-express-decorators/packages/common/src/config/interfaces/PlatformStaticsSettings" />
</testsuite>
<testsuite package="org.eslint" time="0" tests="1" errors="0" name="/Users/romainlenzotti/workspace/ts-projects/ts-express-decorators/packages/common/src/config/interfaces/PlatformViewsSettings.ts">
<testcase time="0" name="/Users/romainlenzotti/workspace/ts-projects/ts-express-decorators/packages/common/src/config/interfaces/PlatformViewsSettings.ts" classname="/Users/romainlenzotti/workspace/ts-projects/ts-express-decorators/packages/common/src/config/interfaces/PlatformViewsSettings" />
</testsuite>
<testsuite package="org.eslint" time="0" tests="1" errors="0" name="/Users/romainlenzotti/workspace/ts-projects/ts-express-decorators/packages/common/src/config/interfaces/index.ts">
<testcase time="0" name="/Users/romainlenzotti/workspace/ts-projects/ts-express-decorators/packages/common/src/config/interfaces/index.ts" classname="/Users/romainlenzotti/workspace/ts-projects/ts-express-decorators/packages/common/src/config/interfaces/index" />
</testsuite>
<testsuite package="org.eslint" time="0" tests="1" errors="0" name="/Users/romainlenzotti/workspace/ts-projects/ts-express-decorators/packages/common/src/config/services/PlatformConfiguration.spec.ts">
<testcase time="0" name="/Users/romainlenzotti/workspace/ts-projects/ts-express-decorators/packages/common/src/config/services/PlatformConfiguration.spec.ts" classname="/Users/romainlenzotti/workspace/ts-projects/ts-express-decorators/packages/common/src/config/services/PlatformConfiguration.spec" />
</testsuite>
<testsuite package="org.eslint" time="0" tests="1" errors="0" name="/Users/romainlenzotti/workspace/ts-projects/ts-express-decorators/packages/common/src/config/services/PlatformConfiguration.ts">
<testcase time="0" name="/Users/romainlenzotti/workspace/ts-projects/ts-express-decorators/packages/common/src/config/services/PlatformConfiguration.ts" classname="/Users/romainlenzotti/workspace/ts-projects/ts-express-decorators/packages/common/src/config/services/PlatformConfiguration" />
</testsuite>
<testsuite package="org.eslint" time="0" tests="1" errors="0" name="/Users/romainlenzotti/workspace/ts-projects/ts-express-decorators/packages/common/src/index.ts">
<testcase time="0" name="/Users/romainlenzotti/workspace/ts-projects/ts-express-decorators/packages/common/src/index.ts" classname="/Users/romainlenzotti/workspace/ts-projects/ts-express-decorators/packages/common/src/index" />
</testsuite>
<testsuite package="org.eslint" time="0" tests="1" errors="0" name="/Users/romainlenzotti/workspace/ts-projects/ts-express-decorators/packages/common/src/jsonschema/decorators/additionalProperties.spec.ts">
<testcase time="0" name="/Users/romainlenzotti/workspace/ts-projects/ts-express-decorators/packages/common/src/jsonschema/decorators/additionalProperties.spec.ts" classname="/Users/romainlenzotti/workspace/ts-projects/ts-express-decorators/packages/common/src/jsonschema/decorators/additionalProperties.spec" />
</testsuite>
<testsuite package="org.eslint" time="0" tests="1" errors="0" name="/Users/romainlenzotti/workspace/ts-projects/ts-express-decorators/packages/common/src/jsonschema/decorators/additionalProperties.ts">
<testcase time="0" name="/Users/romainlenzotti/workspace/ts-projects/ts-express-decorators/packages/common/src/jsonschema/decorators/additionalProperties.ts" classname="/Users/romainlenzotti/workspace/ts-projects/ts-express-decorators/packages/common/src/jsonschema/decorators/additionalProperties" />
</testsuite>
<testsuite package="org.eslint" time="0" tests="1" errors="0" name="/Users/romainlenzotti/workspace/ts-projects/ts-express-decorators/packages/common/src/jsonschema/decorators/any.spec.ts">
<testcase time="0" name="/Users/romainlenzotti/workspace/ts-projects/ts-express-decorators/packages/common/src/jsonschema/decorators/any.spec.ts" classname="/Users/romainlenzotti/workspace/ts-projects/ts-express-decorators/packages/common/src/jsonschema/decorators/any.spec" />
</testsuite>
<testsuite package="org.eslint" time="0" tests="1" errors="0" name="/Users/romainlenzotti/workspace/ts-projects/ts-express-decorators/packages/common/src/jsonschema/decorators/any.ts">
<testcase time="0" name="/Users/romainlenzotti/workspace/ts-projects/ts-express-decorators/packages/common/src/jsonschema/decorators/any.ts" classname="/Users/romainlenzotti/workspace/ts-projects/ts-express-decorators/packages/common/src/jsonschema/decorators/any" />
</testsuite>
<testsuite package="org.eslint" time="0" tests="1" errors="0" name="/Users/romainlenzotti/workspace/ts-projects/ts-express-decorators/packages/common/src/jsonschema/decorators/const.spec.ts">
<testcase time="0" name="/Users/romainlenzotti/workspace/ts-projects/ts-express-decorators/packages/common/src/jsonschema/decorators/const.spec.ts" classname="/Users/romainlenzotti/workspace/ts-projects/ts-express-decorators/packages/common/src/jsonschema/decorators/const.spec" />
</testsuite>
<testsuite package="org.eslint" time="0" tests="1" errors="0" name="/Users/romainlenzotti/workspace/ts-projects/ts-express-decorators/packages/common/src/jsonschema/decorators/const.ts">
<testcase time="0" name="/Users/romainlenzotti/workspace/ts-projects/ts-express-decorators/packages/common/src/jsonschema/decorators/const.ts" classname="/Users/romainlenzotti/workspace/ts-projects/ts-express-decorators/packages/common/src/jsonschema/decorators/const" />
</testsuite>
<testsuite package="org.eslint" time="0" tests="1" errors="0" name="/Users/romainlenzotti/workspace/ts-projects/ts-express-decorators/packages/common/src/jsonschema/decorators/default.spec.ts">
<testcase time="0" name="/Users/romainlenzotti/workspace/ts-projects/ts-express-decorators/packages/common/src/jsonschema/decorators/default.spec.ts" classname="/Users/romainlenzotti/workspace/ts-projects/ts-express-decorators/packages/common/src/jsonschema/decorators/default.spec" />
</testsuite>
<testsuite package="org.eslint" time="0" tests="1" errors="0" name="/Users/romainlenzotti/workspace/ts-projects/ts-express-decorators/packages/common/src/jsonschema/decorators/default.ts">
<testcase time="0" name="/Users/romainlenzotti/workspace/ts-projects/ts-express-decorators/packages/common/src/jsonschema/decorators/default.ts" classname="/Users/romainlenzotti/workspace/ts-projects/ts-express-decorators/packages/common/src/jsonschema/decorators/default" />
</testsuite>
<testsuite package="org.eslint" time="0" tests="1" errors="0" name="/Users/romainlenzotti/workspace/ts-projects/ts-express-decorators/packages/common/src/jsonschema/decorators/description.spec.ts">
<testcase time="0" name="/Users/romainlenzotti/workspace/ts-projects/ts-express-decorators/packages/common/src/jsonschema/decorators/description.spec.ts" classname="/Users/romainlenzotti/workspace/ts-projects/ts-express-decorators/packages/common/src/jsonschema/decorators/description.spec" />
</testsuite>
<testsuite package="org.eslint" time="0" tests="1" errors="0" name="/Users/romainlenzotti/workspace/ts-projects/ts-express-decorators/packages/common/src/jsonschema/decorators/description.ts">
<testcase time="0" name="/Users/romainlenzotti/workspace/ts-projects/ts-express-decorators/packages/common/src/jsonschema/decorators/description.ts" classname="/Users/romainlenzotti/workspace/ts-projects/ts-express-decorators/packages/common/src/jsonschema/decorators/description" />
</testsuite>
<testsuite package="org.eslint" time="0" tests="1" errors="0" name="/Users/romainlenzotti/workspace/ts-projects/ts-express-decorators/packages/common/src/jsonschema/decorators/email.spec.ts">
<testcase time="0" name="/Users/romainlenzotti/workspace/ts-projects/ts-express-decorators/packages/common/src/jsonschema/decorators/email.spec.ts" classname="/Users/romainlenzotti/workspace/ts-projects/ts-express-decorators/packages/common/src/jsonschema/decorators/email.spec" />
</testsuite>
<testsuite package="org.eslint" time="0" tests="1" errors="0" name="/Users/romainlenzotti/workspace/ts-projects/ts-express-decorators/packages/common/src/jsonschema/decorators/email.ts">
<testcase time="0" name="/Users/romainlenzotti/workspace/ts-projects/ts-express-decorators/packages/common/src/jsonschema/decorators/email.ts" classname="/Users/romainlenzotti/workspace/ts-projects/ts-express-decorators/packages/common/src/jsonschema/decorators/email" />
</testsuite>
<testsuite package="org.eslint" time="0" tests="1" errors="0" name="/Users/romainlenzotti/workspace/ts-projects/ts-express-decorators/packages/common/src/jsonschema/decorators/enum.spec.ts">
<testcase time="0" name="/Users/romainlenzotti/workspace/ts-projects/ts-express-decorators/packages/common/src/jsonschema/decorators/enum.spec.ts" classname="/Users/romainlenzotti/workspace/ts-projects/ts-express-decorators/packages/common/src/jsonschema/decorators/enum.spec" />
</testsuite>
<testsuite package="org.eslint" time="0" tests="1" errors="0" name="/Users/romainlenzotti/workspace/ts-projects/ts-express-decorators/packages/common/src/jsonschema/decorators/enum.ts">
<testcase time="0" name="/Users/romainlenzotti/workspace/ts-projects/ts-express-decorators/packages/common/src/jsonschema/decorators/enum.ts" classname="/Users/romainlenzotti/workspace/ts-projects/ts-express-decorators/packages/common/src/jsonschema/decorators/enum" />
</testsuite>
<testsuite package="org.eslint" time="0" tests="1" errors="0" name="/Users/romainlenzotti/workspace/ts-projects/ts-express-decorators/packages/common/src/jsonschema/decorators/example.spec.ts">
<testcase time="0" name="/Users/romainlenzotti/workspace/ts-projects/ts-express-decorators/packages/common/src/jsonschema/decorators/example.spec.ts" classname="/Users/romainlenzotti/workspace/ts-projects/ts-express-decorators/packages/common/src/jsonschema/decorators/example.spec" />
</testsuite>
<testsuite package="org.eslint" time="0" tests="1" errors="0" name="/Users/romainlenzotti/workspace/ts-projects/ts-express-decorators/packages/common/src/jsonschema/decorators/example.ts">
<testcase time="0" name="/Users/romainlenzotti/workspace/ts-projects/ts-express-decorators/packages/common/src/jsonschema/decorators/example.ts" classname="/Users/romainlenzotti/workspace/ts-projects/ts-express-decorators/packages/common/src/jsonschema/decorators/example" />
</testsuite>
<testsuite package="org.eslint" time="0" tests="1" errors="0" name="/Users/romainlenzotti/workspace/ts-projects/ts-express-decorators/packages/common/src/jsonschema/decorators/exclusiveMaximum.spec.ts">
<testcase time="0" name="/Users/romainlenzotti/workspace/ts-projects/ts-express-decorators/packages/common/src/jsonschema/decorators/exclusiveMaximum.spec.ts" classname="/Users/romainlenzotti/workspace/ts-projects/ts-express-decorators/packages/common/src/jsonschema/decorators/exclusiveMaximum.spec" />
</testsuite>
<testsuite package="org.eslint" time="0" tests="1" errors="0" name="/Users/romainlenzotti/workspace/ts-projects/ts-express-decorators/packages/common/src/jsonschema/decorators/exclusiveMaximum.ts">
<testcase time="0" name="/Users/romainlenzotti/workspace/ts-projects/ts-express-decorators/packages/common/src/jsonschema/decorators/exclusiveMaximum.ts" classname="/Users/romainlenzotti/workspace/ts-projects/ts-express-decorators/packages/common/src/jsonschema/decorators/exclusiveMaximum" />
</testsuite>
<testsuite package="org.eslint" time="0" tests="1" errors="0" name="/Users/romainlenzotti/workspace/ts-projects/ts-express-decorators/packages/common/src/jsonschema/decorators/exclusiveMinimum.spec.ts">
<testcase time="0" name="/Users/romainlenzotti/workspace/ts-projects/ts-express-decorators/packages/common/src/jsonschema/decorators/exclusiveMinimum.spec.ts" classname="/Users/romainlenzotti/workspace/ts-projects/ts-express-decorators/packages/common/src/jsonschema/decorators/exclusiveMinimum.spec" />
</testsuite>
<testsuite package="org.eslint" time="0" tests="1" errors="0" name="/Users/romainlenzotti/workspace/ts-projects/ts-express-decorators/packages/common/src/jsonschema/decorators/exclusiveMinimum.ts">
<testcase time="0" name="/Users/romainlenzotti/workspace/ts-projects/ts-express-decorators/packages/common/src/jsonschema/decorators/exclusiveMinimum.ts" classname="/Users/romainlenzotti/workspace/ts-projects/ts-express-decorators/packages/common/src/jsonschema/decorators/exclusiveMinimum" />
</testsuite>
<testsuite package="org.eslint" time="0" tests="1" errors="0" name="/Users/romainlenzotti/workspace/ts-projects/ts-express-decorators/packages/common/src/jsonschema/decorators/format.spec.ts">
<testcase time="0" name="/Users/romainlenzotti/workspace/ts-projects/ts-express-decorators/packages/common/src/jsonschema/decorators/format.spec.ts" classname="/Users/romainlenzotti/workspace/ts-projects/ts-express-decorators/packages/common/src/jsonschema/decorators/format.spec" />
</testsuite>
<testsuite package="org.eslint" time="0" tests="1" errors="0" name="/Users/romainlenzotti/workspace/ts-projects/ts-express-decorators/packages/common/src/jsonschema/decorators/format.ts">
<testcase time="0" name="/Users/romainlenzotti/workspace/ts-projects/ts-express-decorators/packages/common/src/jsonschema/decorators/format.ts" classname="/Users/romainlenzotti/workspace/ts-projects/ts-express-decorators/packages/common/src/jsonschema/decorators/format" />
</testsuite>
<testsuite package="org.eslint" time="0" tests="1" errors="0" name="/Users/romainlenzotti/workspace/ts-projects/ts-express-decorators/packages/common/src/jsonschema/decorators/ignoreProperty.spec.ts">
<testcase time="0" name="/Users/romainlenzotti/workspace/ts-projects/ts-express-decorators/packages/common/src/jsonschema/decorators/ignoreProperty.spec.ts" classname="/Users/romainlenzotti/workspace/ts-projects/ts-express-decorators/packages/common/src/jsonschema/decorators/ignoreProperty.spec" />
</testsuite>
<testsuite package="org.eslint" time="0" tests="1" errors="0" name="/Users/romainlenzotti/workspace/ts-projects/ts-express-decorators/packages/common/src/jsonschema/decorators/ignoreProperty.ts">
<testcase time="0" name="/Users/romainlenzotti/workspace/ts-projects/ts-express-decorators/packages/common/src/jsonschema/decorators/ignoreProperty.ts" classname="/Users/romainlenzotti/workspace/ts-projects/ts-express-decorators/packages/common/src/jsonschema/decorators/ignoreProperty" />
</testsuite>
<testsuite package="org.eslint" time="0" tests="1" errors="0" name="/Users/romainlenzotti/workspace/ts-projects/ts-express-decorators/packages/common/src/jsonschema/decorators/index.ts">
<testcase time="0" name="/Users/romainlenzotti/workspace/ts-projects/ts-express-decorators/packages/common/src/jsonschema/decorators/index.ts" classname="/Users/romainlenzotti/workspace/ts-projects/ts-express-decorators/packages/common/src/jsonschema/decorators/index" />
</testsuite>
<testsuite package="org.eslint" time="0" tests="1" errors="0" name="/Users/romainlenzotti/workspace/ts-projects/ts-express-decorators/packages/common/src/jsonschema/decorators/integer.spec.ts">
<testcase time="0" name="/Users/romainlenzotti/workspace/ts-projects/ts-express-decorators/packages/common/src/jsonschema/decorators/integer.spec.ts" classname="/Users/romainlenzotti/workspace/ts-projects/ts-express-decorators/packages/common/src/jsonschema/decorators/integer.spec" />
</testsuite>
<testsuite package="org.eslint" time="0" tests="1" errors="0" name="/Users/romainlenzotti/workspace/ts-projects/ts-express-decorators/packages/common/src/jsonschema/decorators/integer.ts">
<testcase time="0" name="/Users/romainlenzotti/workspace/ts-projects/ts-express-decorators/packages/common/src/jsonschema/decorators/integer.ts" classname="/Users/romainlenzotti/workspace/ts-projects/ts-express-decorators/packages/common/src/jsonschema/decorators/integer" />
</testsuite>
<testsuite package="org.eslint" time="0" tests="1" errors="0" name="/Users/romainlenzotti/workspace/ts-projects/ts-express-decorators/packages/common/src/jsonschema/decorators/maxItems.spec.ts">
<testcase time="0" name="/Users/romainlenzotti/workspace/ts-projects/ts-express-decorators/packages/common/src/jsonschema/decorators/maxItems.spec.ts" classname="/Users/romainlenzotti/workspace/ts-projects/ts-express-decorators/packages/common/src/jsonschema/decorators/maxItems.spec" />
</testsuite>
<testsuite package="org.eslint" time="0" tests="1" errors="0" name="/Users/romainlenzotti/workspace/ts-projects/ts-express-decorators/packages/common/src/jsonschema/decorators/maxItems.ts">
<testcase time="0" name="/Users/romainlenzotti/workspace/ts-projects/ts-express-decorators/packages/common/src/jsonschema/decorators/maxItems.ts" classname="/Users/romainlenzotti/workspace/ts-projects/ts-express-decorators/packages/common/src/jsonschema/decorators/maxItems" />
</testsuite>
<testsuite package="org.eslint" time="0" tests="1" errors="0" name="/Users/romainlenzotti/workspace/ts-projects/ts-express-decorators/packages/common/src/jsonschema/decorators/maxLength.spec.ts">
<testcase time="0" name="/Users/romainlenzotti/workspace/ts-projects/ts-express-decorators/packages/common/src/jsonschema/decorators/maxLength.spec.ts" classname="/Users/romainlenzotti/workspace/ts-projects/ts-express-decorators/packages/common/src/jsonschema/decorators/maxLength.spec" />
</testsuite>
<testsuite package="org.eslint" time="0" tests="1" errors="0" name="/Users/romainlenzotti/workspace/ts-projects/ts-express-decorators/packages/common/src/jsonschema/decorators/maxLength.ts">
<testcase time="0" name="/Users/romainlenzotti/workspace/ts-projects/ts-express-decorators/packages/common/src/jsonschema/decorators/maxLength.ts" classname="/Users/romainlenzotti/workspace/ts-projects/ts-express-decorators/packages/common/src/jsonschema/decorators/maxLength" />
</testsuite>
<testsuite package="org.eslint" time="0" tests="1" errors="0" name="/Users/romainlenzotti/workspace/ts-projects/ts-express-decorators/packages/common/src/jsonschema/decorators/maxProperties.spec.ts">
<testcase time="0" name="/Users/romainlenzotti/workspace/ts-projects/ts-express-decorators/packages/common/src/jsonschema/decorators/maxProperties.spec.ts" classname="/Users/romainlenzotti/workspace/ts-projects/ts-express-decorators/packages/common/src/jsonschema/decorators/maxProperties.spec" />
</testsuite>
<testsuite package="org.eslint" time="0" tests="1" errors="0" name="/Users/romainlenzotti/workspace/ts-projects/ts-express-decorators/packages/common/src/jsonschema/decorators/maxProperties.ts">
<testcase time="0" name="/Users/romainlenzotti/workspace/ts-projects/ts-express-decorators/packages/common/src/jsonschema/decorators/maxProperties.ts" classname="/Users/romainlenzotti/workspace/ts-projects/ts-express-decorators/packages/common/src/jsonschema/decorators/maxProperties" />
</testsuite>
<testsuite package="org.eslint" time="0" tests="1" errors="0" name="/Users/romainlenzotti/workspace/ts-projects/ts-express-decorators/packages/common/src/jsonschema/decorators/maximum.spec.ts">
<testcase time="0" name="/Users/romainlenzotti/workspace/ts-projects/ts-express-decorators/packages/common/src/jsonschema/decorators/maximum.spec.ts" classname="/Users/romainlenzotti/workspace/ts-projects/ts-express-decorators/packages/common/src/jsonschema/decorators/maximum.spec" />
</testsuite>
<testsuite package="org.eslint" time="0" tests="1" errors="0" name="/Users/romainlenzotti/workspace/ts-projects/ts-express-decorators/packages/common/src/jsonschema/decorators/maximum.ts">
<testcase time="0" name="/Users/romainlenzotti/workspace/ts-projects/ts-express-decorators/packages/common/src/jsonschema/decorators/maximum.ts" classname="/Users/romainlenzotti/workspace/ts-projects/ts-express-decorators/packages/common/src/jsonschema/decorators/maximum" />
</testsuite>
<testsuite package="org.eslint" time="0" tests="1" errors="0" name="/Users/romainlenzotti/workspace/ts-projects/ts-express-decorators/packages/common/src/jsonschema/decorators/minItems.spec.ts">
<testcase time="0" name="/Users/romainlenzotti/workspace/ts-projects/ts-express-decorators/packages/common/src/jsonschema/decorators/minItems.spec.ts" classname="/Users/romainlenzotti/workspace/ts-projects/ts-express-decorators/packages/common/src/jsonschema/decorators/minItems.spec" />
</testsuite>
<testsuite package="org.eslint" time="0" tests="1" errors="0" name="/Users/romainlenzotti/workspace/ts-projects/ts-express-decorators/packages/common/src/jsonschema/decorators/minItems.ts">
<testcase time="0" name="/Users/romainlenzotti/workspace/ts-projects/ts-express-decorators/packages/common/src/jsonschema/decorators/minItems.ts" classname="/Users/romainlenzotti/workspace/ts-projects/ts-express-decorators/packages/common/src/jsonschema/decorators/minItems" />
</testsuite>
<testsuite package="org.eslint" time="0" tests="1" errors="0" name="/Users/romainlenzotti/workspace/ts-projects/ts-express-decorators/packages/common/src/jsonschema/decorators/minLength.spec.ts">
<testcase time="0" name="/Users/romainlenzotti/workspace/ts-projects/ts-express-decorators/packages/common/src/jsonschema/decorators/minLength.spec.ts" classname="/Users/romainlenzotti/workspace/ts-projects/ts-express-decorators/packages/common/src/jsonschema/decorators/minLength.spec" />
</testsuite>
<testsuite package="org.eslint" time="0" tests="1" errors="0" name="/Users/romainlenzotti/workspace/ts-projects/ts-express-decorators/packages/common/src/jsonschema/decorators/minLength.ts">
<testcase time="0" name="/Users/romainlenzotti/workspace/ts-projects/ts-express-decorators/packages/common/src/jsonschema/decorators/minLength.ts" classname="/Users/romainlenzotti/workspace/ts-projects/ts-express-decorators/packages/common/src/jsonschema/decorators/minLength" />
</testsuite>
<testsuite package="org.eslint" time="0" tests="1" errors="0" name="/Users/romainlenzotti/workspace/ts-projects/ts-express-decorators/packages/common/src/jsonschema/decorators/minProperties.spec.ts">
<testcase time="0" name="/Users/romainlenzotti/workspace/ts-projects/ts-express-decorators/packages/common/src/jsonschema/decorators/minProperties.spec.ts" classname="/Users/romainlenzotti/workspace/ts-projects/ts-express-decorators/packages/common/src/jsonschema/decorators/minProperties.spec" />
</testsuite>
<testsuite package="org.eslint" time="0" tests="1" errors="0" name="/Users/romainlenzotti/workspace/ts-projects/ts-express-decorators/packages/common/src/jsonschema/decorators/minProperties.ts">
<testcase time="0" name="/Users/romainlenzotti/workspace/ts-projects/ts-express-decorators/packages/common/src/jsonschema/decorators/minProperties.ts" classname="/Users/romainlenzotti/workspace/ts-projects/ts-express-decorators/packages/common/src/jsonschema/decorators/minProperties" />
</testsuite>
<testsuite package="org.eslint" time="0" tests="1" errors="0" name="/Users/romainlenzotti/workspace/ts-projects/ts-express-decorators/packages/common/src/jsonschema/decorators/minimum.spec.ts">
<testcase time="0" name="/Users/romainlenzotti/workspace/ts-projects/ts-express-decorators/packages/common/src/jsonschema/decorators/minimum.spec.ts" classname="/Users/romainlenzotti/workspace/ts-projects/ts-express-decorators/packages/common/src/jsonschema/decorators/minimum.spec" />
</testsuite>
<testsuite package="org.eslint" time="0" tests="1" errors="0" name="/Users/romainlenzotti/workspace/ts-projects/ts-express-decorators/packages/common/src/jsonschema/decorators/minimum.ts">
<testcase time="0" name="/Users/romainlenzotti/workspace/ts-projects/ts-express-decorators/packages/common/src/jsonschema/decorators/minimum.ts" classname="/Users/romainlenzotti/workspace/ts-projects/ts-express-decorators/packages/common/src/jsonschema/decorators/minimum" />
</testsuite>
<testsuite package="org.eslint" time="0" tests="1" errors="0" name="/Users/romainlenzotti/workspace/ts-projects/ts-express-decorators/packages/common/src/jsonschema/decorators/multipleOf.spec.ts">
<testcase time="0" name="/Users/romainlenzotti/workspace/ts-projects/ts-express-decorators/packages/common/src/jsonschema/decorators/multipleOf.spec.ts" classname="/Users/romainlenzotti/workspace/ts-projects/ts-express-decorators/packages/common/src/jsonschema/decorators/multipleOf.spec" />
</testsuite>
<testsuite package="org.eslint" time="0" tests="1" errors="0" name="/Users/romainlenzotti/workspace/ts-projects/ts-express-decorators/packages/common/src/jsonschema/decorators/multipleOf.ts">
<testcase time="0" name="/Users/romainlenzotti/workspace/ts-projects/ts-express-decorators/packages/common/src/jsonschema/decorators/multipleOf.ts" classname="/Users/romainlenzotti/workspace/ts-projects/ts-express-decorators/packages/common/src/jsonschema/decorators/multipleOf" />
</testsuite>
<testsuite package="org.eslint" time="0" tests="1" errors="0" name="/Users/romainlenzotti/workspace/ts-projects/ts-express-decorators/packages/common/src/jsonschema/decorators/pattern.spec.ts">
<testcase time="0" name="/Users/romainlenzotti/workspace/ts-projects/ts-express-decorators/packages/common/src/jsonschema/decorators/pattern.spec.ts" classname="/Users/romainlenzotti/workspace/ts-projects/ts-express-decorators/packages/common/src/jsonschema/decorators/pattern.spec" />
</testsuite>
<testsuite package="org.eslint" time="0" tests="1" errors="0" name="/Users/romainlenzotti/workspace/ts-projects/ts-express-decorators/packages/common/src/jsonschema/decorators/pattern.ts">
<testcase time="0" name="/Users/romainlenzotti/workspace/ts-projects/ts-express-decorators/packages/common/src/jsonschema/decorators/pattern.ts" classname="/Users/romainlenzotti/workspace/ts-projects/ts-express-decorators/packages/common/src/jsonschema/decorators/pattern" />
</testsuite>
<testsuite package="org.eslint" time="0" tests="1" errors="0" name="/Users/romainlenzotti/workspace/ts-projects/ts-express-decorators/packages/common/src/jsonschema/decorators/property.spec.ts">
<testcase time="0" name="/Users/romainlenzotti/workspace/ts-projects/ts-express-decorators/packages/common/src/jsonschema/decorators/property.spec.ts" classname="/Users/romainlenzotti/workspace/ts-projects/ts-express-decorators/packages/common/src/jsonschema/decorators/property.spec" />
</testsuite>
<testsuite package="org.eslint" time="0" tests="1" errors="0" name="/Users/romainlenzotti/workspace/ts-projects/ts-express-decorators/packages/common/src/jsonschema/decorators/property.ts">
<testcase time="0" name="/Users/romainlenzotti/workspace/ts-projects/ts-express-decorators/packages/common/src/jsonschema/decorators/property.ts" classname="/Users/romainlenzotti/workspace/ts-projects/ts-express-decorators/packages/common/src/jsonschema/decorators/property" />
</testsuite>
<testsuite package="org.eslint" time="0" tests="1" errors="0" name="/Users/romainlenzotti/workspace/ts-projects/ts-express-decorators/packages/common/src/jsonschema/decorators/propertyDeserialize.spec.ts">
<testcase time="0" name="/Users/romainlenzotti/workspace/ts-projects/ts-express-decorators/packages/common/src/jsonschema/decorators/propertyDeserialize.spec.ts" classname="/Users/romainlenzotti/workspace/ts-projects/ts-express-decorators/packages/common/src/jsonschema/decorators/propertyDeserialize.spec" />
</testsuite>
<testsuite package="org.eslint" time="0" tests="1" errors="0" name="/Users/romainlenzotti/workspace/ts-projects/ts-express-decorators/packages/common/src/jsonschema/decorators/propertyDeserialize.ts">
<testcase time="0" name="/Users/romainlenzotti/workspace/ts-projects/ts-express-decorators/packages/common/src/jsonschema/decorators/propertyDeserialize.ts" classname="/Users/romainlenzotti/workspace/ts-projects/ts-express-decorators/packages/common/src/jsonschema/decorators/propertyDeserialize" />
</testsuite>
<testsuite package="org.eslint" time="0" tests="1" errors="0" name="/Users/romainlenzotti/workspace/ts-projects/ts-express-decorators/packages/common/src/jsonschema/decorators/propertyFn.ts">
<testcase time="0" name="/Users/romainlenzotti/workspace/ts-projects/ts-express-decorators/packages/common/src/jsonschema/decorators/propertyFn.ts" classname="/Users/romainlenzotti/workspace/ts-projects/ts-express-decorators/packages/common/src/jsonschema/decorators/propertyFn" />
</testsuite>
<testsuite package="org.eslint" time="0" tests="1" errors="0" name="/Users/romainlenzotti/workspace/ts-projects/ts-express-decorators/packages/common/src/jsonschema/decorators/propertyName.spec.ts">
<testcase time="0" name="/Users/romainlenzotti/workspace/ts-projects/ts-express-decorators/packages/common/src/jsonschema/decorators/propertyName.spec.ts" classname="/Users/romainlenzotti/workspace/ts-projects/ts-express-decorators/packages/common/src/jsonschema/decorators/propertyName.spec" />
</testsuite>
<testsuite package="org.eslint" time="0" tests="1" errors="0" name="/Users/romainlenzotti/workspace/ts-projects/ts-express-decorators/packages/common/src/jsonschema/decorators/propertyName.ts">
<testcase time="0" name="/Users/romainlenzotti/workspace/ts-projects/ts-express-decorators/packages/common/src/jsonschema/decorators/propertyName.ts" classname="/Users/romainlenzotti/workspace/ts-projects/ts-express-decorators/packages/common/src/jsonschema/decorators/propertyName" />
</testsuite>
<testsuite package="org.eslint" time="0" tests="1" errors="0" name="/Users/romainlenzotti/workspace/ts-projects/ts-express-decorators/packages/common/src/jsonschema/decorators/propertySerialize.spec.ts">
<testcase time="0" name="/Users/romainlenzotti/workspace/ts-projects/ts-express-decorators/packages/common/src/jsonschema/decorators/propertySerialize.spec.ts" classname="/Users/romainlenzotti/workspace/ts-projects/ts-express-decorators/packages/common/src/jsonschema/decorators/propertySerialize.spec" />
</testsuite>
<testsuite package="org.eslint" time="0" tests="1" errors="0" name="/Users/romainlenzotti/workspace/ts-projects/ts-express-decorators/packages/common/src/jsonschema/decorators/propertySerialize.ts">
<testcase time="0" name="/Users/romainlenzotti/workspace/ts-projects/ts-express-decorators/packages/common/src/jsonschema/decorators/propertySerialize.ts" classname="/Users/romainlenzotti/workspace/ts-projects/ts-express-decorators/packages/common/src/jsonschema/decorators/propertySerialize" />
</testsuite>
<testsuite package="org.eslint" time="0" tests="1" errors="0" name="/Users/romainlenzotti/workspace/ts-projects/ts-express-decorators/packages/common/src/jsonschema/decorators/propertyType.spec.ts">
<testcase time="0" name="/Users/romainlenzotti/workspace/ts-projects/ts-express-decorators/packages/common/src/jsonschema/decorators/propertyType.spec.ts" classname="/Users/romainlenzotti/workspace/ts-projects/ts-express-decorators/packages/common/src/jsonschema/decorators/propertyType.spec" />
</testsuite>
<testsuite package="org.eslint" time="0" tests="1" errors="0" name="/Users/romainlenzotti/workspace/ts-projects/ts-express-decorators/packages/common/src/jsonschema/decorators/propertyType.ts">
<testcase time="0" name="/Users/romainlenzotti/workspace/ts-projects/ts-express-decorators/packages/common/src/jsonschema/decorators/propertyType.ts" classname="/Users/romainlenzotti/workspace/ts-projects/ts-express-decorators/packages/common/src/jsonschema/decorators/propertyType" />
</testsuite>
<testsuite package="org.eslint" time="0" tests="1" errors="0" name="/Users/romainlenzotti/workspace/ts-projects/ts-express-decorators/packages/common/src/jsonschema/decorators/schema.spec.ts">
<testcase time="0" name="/Users/romainlenzotti/workspace/ts-projects/ts-express-decorators/packages/common/src/jsonschema/decorators/schema.spec.ts" classname="/Users/romainlenzotti/workspace/ts-projects/ts-express-decorators/packages/common/src/jsonschema/decorators/schema.spec" />
</testsuite>
<testsuite package="org.eslint" time="0" tests="1" errors="0" name="/Users/romainlenzotti/workspace/ts-projects/ts-express-decorators/packages/common/src/jsonschema/decorators/schema.ts">
<testcase time="0" name="/Users/romainlenzotti/workspace/ts-projects/ts-express-decorators/packages/common/src/jsonschema/decorators/schema.ts" classname="/Users/romainlenzotti/workspace/ts-projects/ts-express-decorators/packages/common/src/jsonschema/decorators/schema" />
</testsuite>
<testsuite package="org.eslint" time="0" tests="1" errors="0" name="/Users/romainlenzotti/workspace/ts-projects/ts-express-decorators/packages/common/src/jsonschema/decorators/title.spec.ts">
<testcase time="0" name="/Users/romainlenzotti/workspace/ts-projects/ts-express-decorators/packages/common/src/jsonschema/decorators/title.spec.ts" classname="/Users/romainlenzotti/workspace/ts-projects/ts-express-decorators/packages/common/src/jsonschema/decorators/title.spec" />
</testsuite>
<testsuite package="org.eslint" time="0" tests="1" errors="0" name="/Users/romainlenzotti/workspace/ts-projects/ts-express-decorators/packages/common/src/jsonschema/decorators/title.ts">
<testcase time="0" name="/Users/romainlenzotti/workspace/ts-projects/ts-express-decorators/packages/common/src/jsonschema/decorators/title.ts" classname="/Users/romainlenzotti/workspace/ts-projects/ts-express-decorators/packages/common/src/jsonschema/decorators/title" />
</testsuite>
<testsuite package="org.eslint" time="0" tests="1" errors="0" name="/Users/romainlenzotti/workspace/ts-projects/ts-express-decorators/packages/common/src/jsonschema/decorators/uniqueItems.spec.ts">
<testcase time="0" name="/Users/romainlenzotti/workspace/ts-projects/ts-express-decorators/packages/common/src/jsonschema/decorators/uniqueItems.spec.ts" classname="/Users/romainlenzotti/workspace/ts-projects/ts-express-decorators/packages/common/src/jsonschema/decorators/uniqueItems.spec" />
</testsuite>
<testsuite package="org.eslint" time="0" tests="1" errors="0" name="/Users/romainlenzotti/workspace/ts-projects/ts-express-decorators/packages/common/src/jsonschema/decorators/uniqueItems.ts">
<testcase time="0" name="/Users/romainlenzotti/workspace/ts-projects/ts-express-decorators/packages/common/src/jsonschema/decorators/uniqueItems.ts" classname="/Users/romainlenzotti/workspace/ts-projects/ts-express-decorators/packages/common/src/jsonschema/decorators/uniqueItems" />
</testsuite>
<testsuite package="org.eslint" time="0" tests="1" errors="0" name="/Users/romainlenzotti/workspace/ts-projects/ts-express-decorators/packages/common/src/jsonschema/index.ts">
<testcase time="0" name="/Users/romainlenzotti/workspace/ts-projects/ts-express-decorators/packages/common/src/jsonschema/index.ts" classname="/Users/romainlenzotti/workspace/ts-projects/ts-express-decorators/packages/common/src/jsonschema/index" />
</testsuite>
<testsuite package="org.eslint" time="0" tests="1" errors="0" name="/Users/romainlenzotti/workspace/ts-projects/ts-express-decorators/packages/common/src/jsonschema/utils/getJsonSchema.ts">
<testcase time="0" name="/Users/romainlenzotti/workspace/ts-projects/ts-express-decorators/packages/common/src/jsonschema/utils/getJsonSchema.ts" classname="/Users/romainlenzotti/workspace/ts-projects/ts-express-decorators/packages/common/src/jsonschema/utils/getJsonSchema" />
</testsuite>
<testsuite package="org.eslint" time="0" tests="1" errors="0" name="/Users/romainlenzotti/workspace/ts-projects/ts-express-decorators/packages/common/src/jsonschema/utils/getJsonType.spec.ts">
<testcase time="0" name="/Users/romainlenzotti/workspace/ts-projects/ts-express-decorators/packages/common/src/jsonschema/utils/getJsonType.spec.ts" classname="/Users/romainlenzotti/workspace/ts-projects/ts-express-decorators/packages/common/src/jsonschema/utils/getJsonType.spec" />
</testsuite>
<testsuite package="org.eslint" time="0" tests="1" errors="0" name="/Users/romainlenzotti/workspace/ts-projects/ts-express-decorators/packages/common/src/jsonschema/utils/getJsonType.ts">
<testcase time="0" name="/Users/romainlenzotti/workspace/ts-projects/ts-express-decorators/packages/common/src/jsonschema/utils/getJsonType.ts" classname="/Users/romainlenzotti/workspace/ts-projects/ts-express-decorators/packages/common/src/jsonschema/utils/getJsonType" />
</testsuite>
<testsuite package="org.eslint" time="0" tests="1" errors="0" name="/Users/romainlenzotti/workspace/ts-projects/ts-express-decorators/packages/common/src/mvc/constants/index.ts">
<testcase time="0" name="/Users/romainlenzotti/workspace/ts-projects/ts-express-decorators/packages/common/src/mvc/constants/index.ts" classname="/Users/romainlenzotti/workspace/ts-projects/ts-express-decorators/packages/common/src/mvc/constants/index" />
</testsuite>
<testsuite package="org.eslint" time="0" tests="1" errors="0" name="/Users/romainlenzotti/workspace/ts-projects/ts-express-decorators/packages/common/src/mvc/decorators/allow.spec.ts">
<testcase time="0" name="/Users/romainlenzotti/workspace/ts-projects/ts-express-decorators/packages/common/src/mvc/decorators/allow.spec.ts" classname="/Users/romainlenzotti/workspace/ts-projects/ts-express-decorators/packages/common/src/mvc/decorators/allow.spec" />
</testsuite>
<testsuite package="org.eslint" time="0" tests="1" errors="0" name="/Users/romainlenzotti/workspace/ts-projects/ts-express-decorators/packages/common/src/mvc/decorators/allow.ts">
<testcase time="0" name="/Users/romainlenzotti/workspace/ts-projects/ts-express-decorators/packages/common/src/mvc/decorators/allow.ts" classname="/Users/romainlenzotti/workspace/ts-projects/ts-express-decorators/packages/common/src/mvc/decorators/allow" />
</testsuite>
<testsuite package="org.eslint" time="0" tests="1" errors="0" name="/Users/romainlenzotti/workspace/ts-projects/ts-express-decorators/packages/common/src/mvc/decorators/class/controller.spec.ts">
<testcase time="0" name="/Users/romainlenzotti/workspace/ts-projects/ts-express-decorators/packages/common/src/mvc/decorators/class/controller.spec.ts" classname="/Users/romainlenzotti/workspace/ts-projects/ts-express-decorators/packages/common/src/mvc/decorators/class/controller.spec" />
</testsuite>
<testsuite package="org.eslint" time="0" tests="1" errors="0" name="/Users/romainlenzotti/workspace/ts-projects/ts-express-decorators/packages/common/src/mvc/decorators/class/controller.ts">
<testcase time="0" name="/Users/romainlenzotti/workspace/ts-projects/ts-express-decorators/packages/common/src/mvc/decorators/class/controller.ts" classname="/Users/romainlenzotti/workspace/ts-projects/ts-express-decorators/packages/common/src/mvc/decorators/class/controller" />
</testsuite>
<testsuite package="org.eslint" time="0" tests="1" errors="0" name="/Users/romainlenzotti/workspace/ts-projects/ts-express-decorators/packages/common/src/mvc/decorators/class/middleware.spec.ts">
<testcase time="0" name="/Users/romainlenzotti/workspace/ts-projects/ts-express-decorators/packages/common/src/mvc/decorators/class/middleware.spec.ts" classname="/Users/romainlenzotti/workspace/ts-projects/ts-express-decorators/packages/common/src/mvc/decorators/class/middleware.spec" />
</testsuite>
<testsuite package="org.eslint" time="0" tests="1" errors="0" name="/Users/romainlenzotti/workspace/ts-projects/ts-express-decorators/packages/common/src/mvc/decorators/class/middleware.ts">
<testcase time="0" name="/Users/romainlenzotti/workspace/ts-projects/ts-express-decorators/packages/common/src/mvc/decorators/class/middleware.ts" classname="/Users/romainlenzotti/workspace/ts-projects/ts-express-decorators/packages/common/src/mvc/decorators/class/middleware" />
</testsuite>
<testsuite package="org.eslint" time="0" tests="1" errors="0" name="/Users/romainlenzotti/workspace/ts-projects/ts-express-decorators/packages/common/src/mvc/decorators/index.ts">
<testcase time="0" name="/Users/romainlenzotti/workspace/ts-projects/ts-express-decorators/packages/common/src/mvc/decorators/index.ts" classname="/Users/romainlenzotti/workspace/ts-projects/ts-express-decorators/packages/common/src/mvc/decorators/index" />
</testsuite>
<testsuite package="org.eslint" time="0" tests="1" errors="0" name="/Users/romainlenzotti/workspace/ts-projects/ts-express-decorators/packages/common/src/mvc/decorators/method/acceptMime.spec.ts">
<testcase time="0" name="/Users/romainlenzotti/workspace/ts-projects/ts-express-decorators/packages/common/src/mvc/decorators/method/acceptMime.spec.ts" classname="/Users/romainlenzotti/workspace/ts-projects/ts-express-decorators/packages/common/src/mvc/decorators/method/acceptMime.spec" />
</testsuite>
<testsuite package="org.eslint" time="0" tests="1" errors="0" name="/Users/romainlenzotti/workspace/ts-projects/ts-express-decorators/packages/common/src/mvc/decorators/method/acceptMime.ts">
<testcase time="0" name="/Users/romainlenzotti/workspace/ts-projects/ts-express-decorators/packages/common/src/mvc/decorators/method/acceptMime.ts" classname="/Users/romainlenzotti/workspace/ts-projects/ts-express-decorators/packages/common/src/mvc/decorators/method/acceptMime" />
</testsuite>
<testsuite package="org.eslint" time="0" tests="1" errors="0" name="/Users/romainlenzotti/workspace/ts-projects/ts-express-decorators/packages/common/src/mvc/decorators/method/authOptions.spec.ts">
<testcase time="0" name="/Users/romainlenzotti/workspace/ts-projects/ts-express-decorators/packages/common/src/mvc/decorators/method/authOptions.spec.ts" classname="/Users/romainlenzotti/workspace/ts-projects/ts-express-decorators/packages/common/src/mvc/decorators/method/authOptions.spec" />
</testsuite>
<testsuite package="org.eslint" time="0" tests="1" errors="0" name="/Users/romainlenzotti/workspace/ts-projects/ts-express-decorators/packages/common/src/mvc/decorators/method/authOptions.ts">
<testcase time="0" name="/Users/romainlenzotti/workspace/ts-projects/ts-express-decorators/packages/common/src/mvc/decorators/method/authOptions.ts" classname="/Users/romainlenzotti/workspace/ts-projects/ts-express-decorators/packages/common/src/mvc/decorators/method/authOptions" />
</testsuite>
<testsuite package="org.eslint" time="0" tests="1" errors="0" name="/Users/romainlenzotti/workspace/ts-projects/ts-express-decorators/packages/common/src/mvc/decorators/method/contentType.spec.ts">
<testcase time="0" name="/Users/romainlenzotti/workspace/ts-projects/ts-express-decorators/packages/common/src/mvc/decorators/method/contentType.spec.ts" classname="/Users/romainlenzotti/workspace/ts-projects/ts-express-decorators/packages/common/src/mvc/decorators/method/contentType.spec" />
</testsuite>
<testsuite package="org.eslint" time="0" tests="1" errors="0" name="/Users/romainlenzotti/workspace/ts-projects/ts-express-decorators/packages/common/src/mvc/decorators/method/contentType.ts">
<testcase time="0" name="/Users/romainlenzotti/workspace/ts-projects/ts-express-decorators/packages/common/src/mvc/decorators/method/contentType.ts" classname="/Users/romainlenzotti/workspace/ts-projects/ts-express-decorators/packages/common/src/mvc/decorators/method/contentType" />
</testsuite>
<testsuite package="org.eslint" time="0" tests="1" errors="0" name="/Users/romainlenzotti/workspace/ts-projects/ts-express-decorators/packages/common/src/mvc/decorators/method/endpointFn.ts">
<testcase time="0" name="/Users/romainlenzotti/workspace/ts-projects/ts-express-decorators/packages/common/src/mvc/decorators/method/endpointFn.ts" classname="/Users/romainlenzotti/workspace/ts-projects/ts-express-decorators/packages/common/src/mvc/decorators/method/endpointFn" />
</testsuite>
<testsuite package="org.eslint" time="0" tests="1" errors="0" name="/Users/romainlenzotti/workspace/ts-projects/ts-express-decorators/packages/common/src/mvc/decorators/method/header.spec.ts">
<testcase time="0" name="/Users/romainlenzotti/workspace/ts-projects/ts-express-decorators/packages/common/src/mvc/decorators/method/header.spec.ts" classname="/Users/romainlenzotti/workspace/ts-projects/ts-express-decorators/packages/common/src/mvc/decorators/method/header.spec" />
</testsuite>
<testsuite package="org.eslint" time="0" tests="1" errors="0" name="/Users/romainlenzotti/workspace/ts-projects/ts-express-decorators/packages/common/src/mvc/decorators/method/header.ts">
<testcase time="0" name="/Users/romainlenzotti/workspace/ts-projects/ts-express-decorators/packages/common/src/mvc/decorators/method/header.ts" classname="/Users/romainlenzotti/workspace/ts-projects/ts-express-decorators/packages/common/src/mvc/decorators/method/header" />
</testsuite>
<testsuite package="org.eslint" time="0" tests="1" errors="0" name="/Users/romainlenzotti/workspace/ts-projects/ts-express-decorators/packages/common/src/mvc/decorators/method/location.spec.ts">
<testcase time="0" name="/Users/romainlenzotti/workspace/ts-projects/ts-express-decorators/packages/common/src/mvc/decorators/method/location.spec.ts" classname="/Users/romainlenzotti/workspace/ts-projects/ts-express-decorators/packages/common/src/mvc/decorators/method/location.spec" />
</testsuite>
<testsuite package="org.eslint" time="0" tests="1" errors="0" name="/Users/romainlenzotti/workspace/ts-projects/ts-express-decorators/packages/common/src/mvc/decorators/method/location.ts">
<testcase time="0" name="/Users/romainlenzotti/workspace/ts-projects/ts-express-decorators/packages/common/src/mvc/decorators/method/location.ts" classname="/Users/romainlenzotti/workspace/ts-projects/ts-express-decorators/packages/common/src/mvc/decorators/method/location" />
</testsuite>
<testsuite package="org.eslint" time="0" tests="1" errors="0" name="/Users/romainlenzotti/workspace/ts-projects/ts-express-decorators/packages/common/src/mvc/decorators/method/redirect.spec.ts">
<testcase time="0" name="/Users/romainlenzotti/workspace/ts-projects/ts-express-decorators/packages/common/src/mvc/decorators/method/redirect.spec.ts" classname="/Users/romainlenzotti/workspace/ts-projects/ts-express-decorators/packages/common/src/mvc/decorators/method/redirect.spec" />
</testsuite>
<testsuite package="org.eslint" time="0" tests="1" errors="0" name="/Users/romainlenzotti/workspace/ts-projects/ts-express-decorators/packages/common/src/mvc/decorators/method/redirect.ts">
<testcase time="0" name="/Users/romainlenzotti/workspace/ts-projects/ts-express-decorators/packages/common/src/mvc/decorators/method/redirect.ts" classname="/Users/romainlenzotti/workspace/ts-projects/ts-express-decorators/packages/common/src/mvc/decorators/method/redirect" />
</testsuite>
<testsuite package="org.eslint" time="0" tests="1" errors="0" name="/Users/romainlenzotti/workspace/ts-projects/ts-express-decorators/packages/common/src/mvc/decorators/method/returnType.ts">
<testcase time="0" name="/Users/romainlenzotti/workspace/ts-projects/ts-express-decorators/packages/common/src/mvc/decorators/method/returnType.ts" classname="/Users/romainlenzotti/workspace/ts-projects/ts-express-decorators/packages/common/src/mvc/decorators/method/returnType" />
</testsuite>
<testsuite package="org.eslint" time="0" tests="1" errors="0" name="/Users/romainlenzotti/workspace/ts-projects/ts-express-decorators/packages/common/src/mvc/decorators/method/returnTypes.spec.ts">
<testcase time="0" name="/Users/romainlenzotti/workspace/ts-projects/ts-express-decorators/packages/common/src/mvc/decorators/method/returnTypes.spec.ts" classname="/Users/romainlenzotti/workspace/ts-projects/ts-express-decorators/packages/common/src/mvc/decorators/method/returnTypes.spec" />
</testsuite>
<testsuite package="org.eslint" time="0" tests="1" errors="0" name="/Users/romainlenzotti/workspace/ts-projects/ts-express-decorators/packages/common/src/mvc/decorators/method/route.spec.ts">
<testcase time="0" name="/Users/romainlenzotti/workspace/ts-projects/ts-express-decorators/packages/common/src/mvc/decorators/method/route.spec.ts" classname="/Users/romainlenzotti/workspace/ts-projects/ts-express-decorators/packages/common/src/mvc/decorators/method/route.spec" />
</testsuite>
<testsuite package="org.eslint" time="0" tests="1" errors="0" name="/Users/romainlenzotti/workspace/ts-projects/ts-express-decorators/packages/common/src/mvc/decorators/method/route.ts">
<testcase time="0" name="/Users/romainlenzotti/workspace/ts-projects/ts-express-decorators/packages/common/src/mvc/decorators/method/route.ts" classname="/Users/romainlenzotti/workspace/ts-projects/ts-express-decorators/packages/common/src/mvc/decorators/method/route" />
</testsuite>
<testsuite package="org.eslint" time="0" tests="1" errors="0" name="/Users/romainlenzotti/workspace/ts-projects/ts-express-decorators/packages/common/src/mvc/decorators/method/status.spec.ts">
<testcase time="0" name="/Users/romainlenzotti/workspace/ts-projects/ts-express-decorators/packages/common/src/mvc/decorators/method/status.spec.ts" classname="/Users/romainlenzotti/workspace/ts-projects/ts-express-decorators/packages/common/src/mvc/decorators/method/status.spec" />
</testsuite>
<testsuite package="org.eslint" time="0" tests="1" errors="0" name="/Users/romainlenzotti/workspace/ts-projects/ts-express-decorators/packages/common/src/mvc/decorators/method/status.ts">
<testcase time="0" name="/Users/romainlenzotti/workspace/ts-projects/ts-express-decorators/packages/common/src/mvc/decorators/method/status.ts" classname="/Users/romainlenzotti/workspace/ts-projects/ts-express-decorators/packages/common/src/mvc/decorators/method/status" />
</testsuite>
<testsuite package="org.eslint" time="0" tests="1" errors="0" name="/Users/romainlenzotti/workspace/ts-projects/ts-express-decorators/packages/common/src/mvc/decorators/method/use.spec.ts">
<testcase time="0" name="/Users/romainlenzotti/workspace/ts-projects/ts-express-decorators/packages/common/src/mvc/decorators/method/use.spec.ts" classname="/Users/romainlenzotti/workspace/ts-projects/ts-express-decorators/packages/common/src/mvc/decorators/method/use.spec" />
</testsuite>
<testsuite package="org.eslint" time="0" tests="1" errors="0" name="/Users/romainlenzotti/workspace/ts-projects/ts-express-decorators/packages/common/src/mvc/decorators/method/use.ts">
<testcase time="0" name="/Users/romainlenzotti/workspace/ts-projects/ts-express-decorators/packages/common/src/mvc/decorators/method/use.ts" classname="/Users/romainlenzotti/workspace/ts-projects/ts-express-decorators/packages/common/src/mvc/decorators/method/use" />
</testsuite>
<testsuite package="org.eslint" time="0" tests="1" errors="0" name="/Users/romainlenzotti/workspace/ts-projects/ts-express-decorators/packages/common/src/mvc/decorators/method/useAfter.spec.ts">
<testcase time="0" name="/Users/romainlenzotti/workspace/ts-projects/ts-express-decorators/packages/common/src/mvc/decorators/method/useAfter.spec.ts" classname="/Users/romainlenzotti/workspace/ts-projects/ts-express-decorators/packages/common/src/mvc/decorators/method/useAfter.spec" />
</testsuite>
<testsuite package="org.eslint" time="0" tests="1" errors="0" name="/Users/romainlenzotti/workspace/ts-projects/ts-express-decorators/packages/common/src/mvc/decorators/method/useAfter.ts">
<testcase time="0" name="/Users/romainlenzotti/workspace/ts-projects/ts-express-decorators/packages/common/src/mvc/decorators/method/useAfter.ts" classname="/Users/romainlenzotti/workspace/ts-projects/ts-express-decorators/packages/common/src/mvc/decorators/method/useAfter" />
</testsuite>
<testsuite package="org.eslint" time="0" tests="1" errors="0" name="/Users/romainlenzotti/workspace/ts-projects/ts-express-decorators/packages/common/src/mvc/decorators/method/useAuth.spec.ts">
<testcase time="0" name="/Users/romainlenzotti/workspace/ts-projects/ts-express-decorators/packages/common/src/mvc/decorators/method/useAuth.spec.ts" classname="/Users/romainlenzotti/workspace/ts-projects/ts-express-decorators/packages/common/src/mvc/decorators/method/useAuth.spec" />
</testsuite>
<testsuite package="org.eslint" time="0" tests="1" errors="0" name="/Users/romainlenzotti/workspace/ts-projects/ts-express-decorators/packages/common/src/mvc/decorators/method/useAuth.ts">
<testcase time="0" name="/Users/romainlenzotti/workspace/ts-projects/ts-express-decorators/packages/common/src/mvc/decorators/method/useAuth.ts" classname="/Users/romainlenzotti/workspace/ts-projects/ts-express-decorators/packages/common/src/mvc/decorators/method/useAuth" />
</testsuite>
<testsuite package="org.eslint" time="0" tests="1" errors="0" name="/Users/romainlenzotti/workspace/ts-projects/ts-express-decorators/packages/common/src/mvc/decorators/method/useBefore.spec.ts">
<testcase time="0" name="/Users/romainlenzotti/workspace/ts-projects/ts-express-decorators/packages/common/src/mvc/decorators/method/useBefore.spec.ts" classname="/Users/romainlenzotti/workspace/ts-projects/ts-express-decorators/packages/common/src/mvc/decorators/method/useBefore.spec" />
</testsuite>
<testsuite package="org.eslint" time="0" tests="1" errors="0" name="/Users/romainlenzotti/workspace/ts-projects/ts-express-decorators/packages/common/src/mvc/decorators/method/useBefore.ts">
<testcase time="0" name="/Users/romainlenzotti/workspace/ts-projects/ts-express-decorators/packages/common/src/mvc/decorators/method/useBefore.ts" classname="/Users/romainlenzotti/workspace/ts-projects/ts-express-decorators/packages/common/src/mvc/decorators/method/useBefore" />
</testsuite>
<testsuite package="org.eslint" time="0" tests="1" errors="0" name="/Users/romainlenzotti/workspace/ts-projects/ts-express-decorators/packages/common/src/mvc/decorators/method/useBeforeEach.spec.ts">
<testcase time="0" name="/Users/romainlenzotti/workspace/ts-projects/ts-express-decorators/packages/common/src/mvc/decorators/method/useBeforeEach.spec.ts" classname="/Users/romainlenzotti/workspace/ts-projects/ts-express-decorators/packages/common/src/mvc/decorators/method/useBeforeEach.spec" />
</testsuite>
<testsuite package="org.eslint" time="0" tests="1" errors="0" name="/Users/romainlenzotti/workspace/ts-projects/ts-express-decorators/packages/common/src/mvc/decorators/method/useBeforeEach.ts">
<testcase time="0" name="/Users/romainlenzotti/workspace/ts-projects/ts-express-decorators/packages/common/src/mvc/decorators/method/useBeforeEach.ts" classname="/Users/romainlenzotti/workspace/ts-projects/ts-express-decorators/packages/common/src/mvc/decorators/method/useBeforeEach" />
</testsuite>
<testsuite package="org.eslint" time="0" tests="1" errors="0" name="/Users/romainlenzotti/workspace/ts-projects/ts-express-decorators/packages/common/src/mvc/decorators/method/view.spec.ts">
<testcase time="0" name="/Users/romainlenzotti/workspace/ts-projects/ts-express-decorators/packages/common/src/mvc/decorators/method/view.spec.ts" classname="/Users/romainlenzotti/workspace/ts-projects/ts-express-decorators/packages/common/src/mvc/decorators/method/view.spec" />
</testsuite>
<testsuite package="org.eslint" time="0" tests="1" errors="0" name="/Users/romainlenzotti/workspace/ts-projects/ts-express-decorators/packages/common/src/mvc/decorators/method/view.ts">
<testcase time="0" name="/Users/romainlenzotti/workspace/ts-projects/ts-express-decorators/packages/common/src/mvc/decorators/method/view.ts" classname="/Users/romainlenzotti/workspace/ts-projects/ts-express-decorators/packages/common/src/mvc/decorators/method/view" />
</testsuite>
<testsuite package="org.eslint" time="0" tests="1" errors="0" name="/Users/romainlenzotti/workspace/ts-projects/ts-express-decorators/packages/common/src/mvc/decorators/params/bodyParams.spec.ts">
<testcase time="0" name="/Users/romainlenzotti/workspace/ts-projects/ts-express-decorators/packages/common/src/mvc/decorators/params/bodyParams.spec.ts" classname="/Users/romainlenzotti/workspace/ts-projects/ts-express-decorators/packages/common/src/mvc/decorators/params/bodyParams.spec" />
</testsuite>
<testsuite package="org.eslint" time="0" tests="1" errors="0" name="/Users/romainlenzotti/workspace/ts-projects/ts-express-decorators/packages/common/src/mvc/decorators/params/bodyParams.ts">
<testcase time="0" name="/Users/romainlenzotti/workspace/ts-projects/ts-express-decorators/packages/common/src/mvc/decorators/params/bodyParams.ts" classname="/Users/romainlenzotti/workspace/ts-projects/ts-express-decorators/packages/common/src/mvc/decorators/params/bodyParams" />
</testsuite>
<testsuite package="org.eslint" time="0" tests="1" errors="0" name="/Users/romainlenzotti/workspace/ts-projects/ts-express-decorators/packages/common/src/mvc/decorators/params/cookies.spec.ts">
<testcase time="0" name="/Users/romainlenzotti/workspace/ts-projects/ts-express-decorators/packages/common/src/mvc/decorators/params/cookies.spec.ts" classname="/Users/romainlenzotti/workspace/ts-projects/ts-express-decorators/packages/common/src/mvc/decorators/params/cookies.spec" />
</testsuite>
<testsuite package="org.eslint" time="0" tests="1" errors="0" name="/Users/romainlenzotti/workspace/ts-projects/ts-express-decorators/packages/common/src/mvc/decorators/params/cookies.ts">
<testcase time="0" name="/Users/romainlenzotti/workspace/ts-projects/ts-express-decorators/packages/common/src/mvc/decorators/params/cookies.ts" classname="/Users/romainlenzotti/workspace/ts-projects/ts-express-decorators/packages/common/src/mvc/decorators/params/cookies" />
</testsuite>
<testsuite package="org.eslint" time="0" tests="1" errors="0" name="/Users/romainlenzotti/workspace/ts-projects/ts-express-decorators/packages/common/src/mvc/decorators/params/endpointInfo.spec.ts">
<testcase time="0" name="/Users/romainlenzotti/workspace/ts-projects/ts-express-decorators/packages/common/src/mvc/decorators/params/endpointInfo.spec.ts" classname="/Users/romainlenzotti/workspace/ts-projects/ts-express-decorators/packages/common/src/mvc/decorators/params/endpointInfo.spec" />
</testsuite>
<testsuite package="org.eslint" time="0" tests="1" errors="0" name="/Users/romainlenzotti/workspace/ts-projects/ts-express-decorators/packages/common/src/mvc/decorators/params/endpointInfo.ts">
<testcase time="0" name="/Users/romainlenzotti/workspace/ts-projects/ts-express-decorators/packages/common/src/mvc/decorators/params/endpointInfo.ts" classname="/Users/romainlenzotti/workspace/ts-projects/ts-express-decorators/packages/common/src/mvc/decorators/params/endpointInfo" />
</testsuite>
<testsuite package="org.eslint" time="0" tests="1" errors="0" name="/Users/romainlenzotti/workspace/ts-projects/ts-express-decorators/packages/common/src/mvc/decorators/params/error.spec.ts">
<testcase time="0" name="/Users/romainlenzotti/workspace/ts-projects/ts-express-decorators/packages/common/src/mvc/decorators/params/error.spec.ts" classname="/Users/romainlenzotti/workspace/ts-projects/ts-express-decorators/packages/common/src/mvc/decorators/params/error.spec" />
</testsuite>
<testsuite package="org.eslint" time="0" tests="1" errors="0" name="/Users/romainlenzotti/workspace/ts-projects/ts-express-decorators/packages/common/src/mvc/decorators/params/error.ts">
<testcase time="0" name="/Users/romainlenzotti/workspace/ts-projects/ts-express-decorators/packages/common/src/mvc/decorators/params/error.ts" classname="/Users/romainlenzotti/workspace/ts-projects/ts-express-decorators/packages/common/src/mvc/decorators/params/error" />
</testsuite>
<testsuite package="org.eslint" time="0" tests="1" errors="0" name="/Users/romainlenzotti/workspace/ts-projects/ts-express-decorators/packages/common/src/mvc/decorators/params/headerParams.spec.ts">
<testcase time="0" name="/Users/romainlenzotti/workspace/ts-projects/ts-express-decorators/packages/common/src/mvc/decorators/params/headerParams.spec.ts" classname="/Users/romainlenzotti/workspace/ts-projects/ts-express-decorators/packages/common/src/mvc/decorators/params/headerParams.spec" />
</testsuite>
<testsuite package="org.eslint" time="0" tests="1" errors="0" name="/Users/romainlenzotti/workspace/ts-projects/ts-express-decorators/packages/common/src/mvc/decorators/params/headerParams.ts">
<testcase time="0" name="/Users/romainlenzotti/workspace/ts-projects/ts-express-decorators/packages/common/src/mvc/decorators/params/headerParams.ts" classname="/Users/romainlenzotti/workspace/ts-projects/ts-express-decorators/packages/common/src/mvc/decorators/params/headerParams" />
</testsuite>
<testsuite package="org.eslint" time="0" tests="1" errors="0" name="/Users/romainlenzotti/workspace/ts-projects/ts-express-decorators/packages/common/src/mvc/decorators/params/locals.spec.ts">
<testcase time="0" name="/Users/romainlenzotti/workspace/ts-projects/ts-express-decorators/packages/common/src/mvc/decorators/params/locals.spec.ts" classname="/Users/romainlenzotti/workspace/ts-projects/ts-express-decorators/packages/common/src/mvc/decorators/params/locals.spec" />
</testsuite>
<testsuite package="org.eslint" time="0" tests="1" errors="0" name="/Users/romainlenzotti/workspace/ts-projects/ts-express-decorators/packages/common/src/mvc/decorators/params/locals.ts">
<testcase time="0" name="/Users/romainlenzotti/workspace/ts-projects/ts-express-decorators/packages/common/src/mvc/decorators/params/locals.ts" classname="/Users/romainlenzotti/workspace/ts-projects/ts-express-decorators/packages/common/src/mvc/decorators/params/locals" />
</testsuite>
<testsuite package="org.eslint" time="0" tests="1" errors="0" name="/Users/romainlenzotti/workspace/ts-projects/ts-express-decorators/packages/common/src/mvc/decorators/params/next.spec.ts">
<testcase time="0" name="/Users/romainlenzotti/workspace/ts-projects/ts-express-decorators/packages/common/src/mvc/decorators/params/next.spec.ts" classname="/Users/romainlenzotti/workspace/ts-projects/ts-express-decorators/packages/common/src/mvc/decorators/params/next.spec" />
</testsuite>
<testsuite package="org.eslint" time="0" tests="1" errors="0" name="/Users/romainlenzotti/workspace/ts-projects/ts-express-decorators/packages/common/src/mvc/decorators/params/next.ts">
<testcase time="0" name="/Users/romainlenzotti/workspace/ts-projects/ts-express-decorators/packages/common/src/mvc/decorators/params/next.ts" classname="/Users/romainlenzotti/workspace/ts-projects/ts-express-decorators/packages/common/src/mvc/decorators/params/next" />
</testsuite>
<testsuite package="org.eslint" time="0" tests="1" errors="0" name="/Users/romainlenzotti/workspace/ts-projects/ts-express-decorators/packages/common/src/mvc/decorators/params/paramFn.ts">
<testcase time="0" name="/Users/romainlenzotti/workspace/ts-projects/ts-express-decorators/packages/common/src/mvc/decorators/params/paramFn.ts" classname="/Users/romainlenzotti/workspace/ts-projects/ts-express-decorators/packages/common/src/mvc/decorators/params/paramFn" />
</testsuite>
<testsuite package="org.eslint" time="0" tests="1" errors="0" name="/Users/romainlenzotti/workspace/ts-projects/ts-express-decorators/packages/common/src/mvc/decorators/params/pathParams.spec.ts">
<testcase time="0" name="/Users/romainlenzotti/workspace/ts-projects/ts-express-decorators/packages/common/src/mvc/decorators/params/pathParams.spec.ts" classname="/Users/romainlenzotti/workspace/ts-projects/ts-express-decorators/packages/common/src/mvc/decorators/params/pathParams.spec" />
</testsuite>
<testsuite package="org.eslint" time="0" tests="1" errors="0" name="/Users/romainlenzotti/workspace/ts-projects/ts-express-decorators/packages/common/src/mvc/decorators/params/pathParams.ts">
<testcase time="0" name="/Users/romainlenzotti/workspace/ts-projects/ts-express-decorators/packages/common/src/mvc/decorators/params/pathParams.ts" classname="/Users/romainlenzotti/workspace/ts-projects/ts-express-decorators/packages/common/src/mvc/decorators/params/pathParams" />
</testsuite>
<testsuite package="org.eslint" time="0" tests="1" errors="0" name="/Users/romainlenzotti/workspace/ts-projects/ts-express-decorators/packages/common/src/mvc/decorators/params/queryParams.spec.ts">
<testcase time="0" name="/Users/romainlenzotti/workspace/ts-projects/ts-express-decorators/packages/common/src/mvc/decorators/params/queryParams.spec.ts" classname="/Users/romainlenzotti/workspace/ts-projects/ts-express-decorators/packages/common/src/mvc/decorators/params/queryParams.spec" />
</testsuite>
<testsuite package="org.eslint" time="0" tests="1" errors="0" name="/Users/romainlenzotti/workspace/ts-projects/ts-express-decorators/packages/common/src/mvc/decorators/params/queryParams.ts">
<testcase time="0" name="/Users/romainlenzotti/workspace/ts-projects/ts-express-decorators/packages/common/src/mvc/decorators/params/queryParams.ts" classname="/Users/romainlenzotti/workspace/ts-projects/ts-express-decorators/packages/common/src/mvc/decorators/params/queryParams" />
</testsuite>
<testsuite package="org.eslint" time="0" tests="1" errors="0" name="/Users/romainlenzotti/workspace/ts-projects/ts-express-decorators/packages/common/src/mvc/decorators/params/request.spec.ts">
<testcase time="0" name="/Users/romainlenzotti/workspace/ts-projects/ts-express-decorators/packages/common/src/mvc/decorators/params/request.spec.ts" classname="/Users/romainlenzotti/workspace/ts-projects/ts-express-decorators/packages/common/src/mvc/decorators/params/request.spec" />
</testsuite>
<testsuite package="org.eslint" time="0" tests="1" errors="0" name="/Users/romainlenzotti/workspace/ts-projects/ts-express-decorators/packages/common/src/mvc/decorators/params/request.ts">
<testcase time="0" name="/Users/romainlenzotti/workspace/ts-projects/ts-express-decorators/packages/common/src/mvc/decorators/params/request.ts" classname="/Users/romainlenzotti/workspace/ts-projects/ts-express-decorators/packages/common/src/mvc/decorators/params/request" />
</testsuite>
<testsuite package="org.eslint" time="0" tests="1" errors="0" name="/Users/romainlenzotti/workspace/ts-projects/ts-express-decorators/packages/common/src/mvc/decorators/params/response.spec.ts">
<testcase time="0" name="/Users/romainlenzotti/workspace/ts-projects/ts-express-decorators/packages/common/src/mvc/decorators/params/response.spec.ts" classname="/Users/romainlenzotti/workspace/ts-projects/ts-express-decorators/packages/common/src/mvc/decorators/params/response.spec" />
</testsuite>
<testsuite package="org.eslint" time="0" tests="1" errors="0" name="/Users/romainlenzotti/workspace/ts-projects/ts-express-decorators/packages/common/src/mvc/decorators/params/response.ts">
<testcase time="0" name="/Users/romainlenzotti/workspace/ts-projects/ts-express-decorators/packages/common/src/mvc/decorators/params/response.ts" classname="/Users/romainlenzotti/workspace/ts-projects/ts-express-decorators/packages/common/src/mvc/decorators/params/response" />
</testsuite>
<testsuite package="org.eslint" time="0" tests="1" errors="0" name="/Users/romainlenzotti/workspace/ts-projects/ts-express-decorators/packages/common/src/mvc/decorators/params/responseData.spec.ts">
<testcase time="0" name="/Users/romainlenzotti/workspace/ts-projects/ts-express-decorators/packages/common/src/mvc/decorators/params/responseData.spec.ts" classname="/Users/romainlenzotti/workspace/ts-projects/ts-express-decorators/packages/common/src/mvc/decorators/params/responseData.spec" />
</testsuite>
<testsuite package="org.eslint" time="0" tests="1" errors="0" name="/Users/romainlenzotti/workspace/ts-projects/ts-express-decorators/packages/common/src/mvc/decorators/params/responseData.ts">
<testcase time="0" name="/Users/romainlenzotti/workspace/ts-projects/ts-express-decorators/packages/common/src/mvc/decorators/params/responseData.ts" classname="/Users/romainlenzotti/workspace/ts-projects/ts-express-decorators/packages/common/src/mvc/decorators/params/responseData" />
</testsuite>
<testsuite package="org.eslint" time="0" tests="1" errors="0" name="/Users/romainlenzotti/workspace/ts-projects/ts-express-decorators/packages/common/src/mvc/decorators/params/session.spec.ts">
<testcase time="0" name="/Users/romainlenzotti/workspace/ts-projects/ts-express-decorators/packages/common/src/mvc/decorators/params/session.spec.ts" classname="/Users/romainlenzotti/workspace/ts-projects/ts-express-decorators/packages/common/src/mvc/decorators/params/session.spec" />
</testsuite>
<testsuite package="org.eslint" time="0" tests="1" errors="0" name="/Users/romainlenzotti/workspace/ts-projects/ts-express-decorators/packages/common/src/mvc/decorators/params/session.ts">
<testcase time="0" name="/Users/romainlenzotti/workspace/ts-projects/ts-express-decorators/packages/common/src/mvc/decorators/params/session.ts" classname="/Users/romainlenzotti/workspace/ts-projects/ts-express-decorators/packages/common/src/mvc/decorators/params/session" />
</testsuite>
<testsuite package="org.eslint" time="0" tests="1" errors="0" name="/Users/romainlenzotti/workspace/ts-projects/ts-express-decorators/packages/common/src/mvc/decorators/params/useDeserialization.ts">
<testcase time="0" name="/Users/romainlenzotti/workspace/ts-projects/ts-express-decorators/packages/common/src/mvc/decorators/params/useDeserialization.ts" classname="/Users/romainlenzotti/workspace/ts-projects/ts-express-decorators/packages/common/src/mvc/decorators/params/useDeserialization" />
</testsuite>
<testsuite package="org.eslint" time="0" tests="1" errors="0" name="/Users/romainlenzotti/workspace/ts-projects/ts-express-decorators/packages/common/src/mvc/decorators/params/useParam.spec.ts">
<testcase time="0" name="/Users/romainlenzotti/workspace/ts-projects/ts-express-decorators/packages/common/src/mvc/decorators/params/useParam.spec.ts" classname="/Users/romainlenzotti/workspace/ts-projects/ts-express-decorators/packages/common/src/mvc/decorators/params/useParam.spec" />
</testsuite>
<testsuite package="org.eslint" time="0" tests="1" errors="0" name="/Users/romainlenzotti/workspace/ts-projects/ts-express-decorators/packages/common/src/mvc/decorators/params/useParam.ts">
<testcase time="0" name="/Users/romainlenzotti/workspace/ts-projects/ts-express-decorators/packages/common/src/mvc/decorators/params/useParam.ts" classname="/Users/romainlenzotti/workspace/ts-projects/ts-express-decorators/packages/common/src/mvc/decorators/params/useParam" />
</testsuite>
<testsuite package="org.eslint" time="0" tests="1" errors="0" name="/Users/romainlenzotti/workspace/ts-projects/ts-express-decorators/packages/common/src/mvc/decorators/params/useParamExpression.ts">
<testcase time="0" name="/Users/romainlenzotti/workspace/ts-projects/ts-express-decorators/packages/common/src/mvc/decorators/params/useParamExpression.ts" classname="/Users/romainlenzotti/workspace/ts-projects/ts-express-decorators/packages/common/src/mvc/decorators/params/useParamExpression" />
</testsuite>
<testsuite package="org.eslint" time="0" tests="1" errors="0" name="/Users/romainlenzotti/workspace/ts-projects/ts-express-decorators/packages/common/src/mvc/decorators/params/useParamType.ts">
<testcase time="0" name="/Users/romainlenzotti/workspace/ts-projects/ts-express-decorators/packages/common/src/mvc/decorators/params/useParamType.ts" classname="/Users/romainlenzotti/workspace/ts-projects/ts-express-decorators/packages/common/src/mvc/decorators/params/useParamType" />
</testsuite>
<testsuite package="org.eslint" time="0" tests="1" errors="0" name="/Users/romainlenzotti/workspace/ts-projects/ts-express-decorators/packages/common/src/mvc/decorators/params/usePipe.ts">
<testcase time="0" name="/Users/romainlenzotti/workspace/ts-projects/ts-express-decorators/packages/common/src/mvc/decorators/params/usePipe.ts" classname="/Users/romainlenzotti/workspace/ts-projects/ts-express-decorators/packages/common/src/mvc/decorators/params/usePipe" />
</testsuite>
<testsuite package="org.eslint" time="0" tests="1" errors="0" name="/Users/romainlenzotti/workspace/ts-projects/ts-express-decorators/packages/common/src/mvc/decorators/params/useType.ts">
<testcase time="0" name="/Users/romainlenzotti/workspace/ts-projects/ts-express-decorators/packages/common/src/mvc/decorators/params/useType.ts" classname="/Users/romainlenzotti/workspace/ts-projects/ts-express-decorators/packages/common/src/mvc/decorators/params/useType" />
</testsuite>
<testsuite package="org.eslint" time="0" tests="1" errors="0" name="/Users/romainlenzotti/workspace/ts-projects/ts-express-decorators/packages/common/src/mvc/decorators/params/useValidation.ts">
<testcase time="0" name="/Users/romainlenzotti/workspace/ts-projects/ts-express-decorators/packages/common/src/mvc/decorators/params/useValidation.ts" classname="/Users/romainlenzotti/workspace/ts-projects/ts-express-decorators/packages/common/src/mvc/decorators/params/useValidation" />
</testsuite>
<testsuite package="org.eslint" time="0" tests="1" errors="0" name="/Users/romainlenzotti/workspace/ts-projects/ts-express-decorators/packages/common/src/mvc/decorators/required.spec.ts">
<testcase time="0" name="/Users/romainlenzotti/workspace/ts-projects/ts-express-decorators/packages/common/src/mvc/decorators/required.spec.ts" classname="/Users/romainlenzotti/workspace/ts-projects/ts-express-decorators/packages/common/src/mvc/decorators/required.spec" />
</testsuite>
[...]
<testcase time="0" name="/Users/romainlenzotti/workspace/ts-projects/ts-express-decorators/packages/socketio/src/index.ts" classname="/Users/romainlenzotti/workspace/ts-projects/ts-express-decorators/packages/socketio/src/index" />
</testsuite>
<testsuite package="org.eslint" time="0" tests="1" errors="0" name="/Users/romainlenzotti/workspace/ts-projects/ts-express-decorators/packages/socketio/src/interfaces/ISocketHandlerMetadata.ts">
<testcase time="0" name="/Users/romainlenzotti/workspace/ts-projects/ts-express-decorators/packages/socketio/src/interfaces/ISocketHandlerMetadata.ts" classname="/Users/romainlenzotti/workspace/ts-projects/ts-express-decorators/packages/socketio/src/interfaces/ISocketHandlerMetadata" />
</testsuite>
<testsuite package="org.eslint" time="0" tests="1" errors="0" name="/Users/romainlenzotti/workspace/ts-projects/ts-express-decorators/packages/socketio/src/interfaces/ISocketMiddlewareHandlerMetadata.ts">
<testcase time="0" name="/Users/romainlenzotti/workspace/ts-projects/ts-express-decorators/packages/socketio/src/interfaces/ISocketMiddlewareHandlerMetadata.ts" classname="/Users/romainlenzotti/workspace/ts-projects/ts-express-decorators/packages/socketio/src/interfaces/ISocketMiddlewareHandlerMetadata" />
</testsuite>
<testsuite package="org.eslint" time="0" tests="1" errors="0" name="/Users/romainlenzotti/workspace/ts-projects/ts-express-decorators/packages/socketio/src/interfaces/ISocketParamMetadata.ts">
<testcase time="0" name="/Users/romainlenzotti/workspace/ts-projects/ts-express-decorators/packages/socketio/src/interfaces/ISocketParamMetadata.ts" classname="/Users/romainlenzotti/workspace/ts-projects/ts-express-decorators/packages/socketio/src/interfaces/ISocketParamMetadata" />
</testsuite>
<testsuite package="org.eslint" time="0" tests="1" errors="0" name="/Users/romainlenzotti/workspace/ts-projects/ts-express-decorators/packages/socketio/src/interfaces/ISocketProviderMetadata.ts">
<testcase time="0" name="/Users/romainlenzotti/workspace/ts-projects/ts-express-decorators/packages/socketio/src/interfaces/ISocketProviderMetadata.ts" classname="/Users/romainlenzotti/workspace/ts-projects/ts-express-decorators/packages/socketio/src/interfaces/ISocketProviderMetadata" />
</testsuite>
<testsuite package="org.eslint" time="0" tests="1" errors="0" name="/Users/romainlenzotti/workspace/ts-projects/ts-express-decorators/packages/socketio/src/interfaces/OnNamespaceInit.ts">
<testcase time="0" name="/Users/romainlenzotti/workspace/ts-projects/ts-express-decorators/packages/socketio/src/interfaces/OnNamespaceInit.ts" classname="/Users/romainlenzotti/workspace/ts-projects/ts-express-decorators/packages/socketio/src/interfaces/OnNamespaceInit" />
</testsuite>
<testsuite package="org.eslint" time="0" tests="1" errors="0" name="/Users/romainlenzotti/workspace/ts-projects/ts-express-decorators/packages/socketio/src/interfaces/SocketFilters.ts">
<testcase time="0" name="/Users/romainlenzotti/workspace/ts-projects/ts-express-decorators/packages/socketio/src/interfaces/SocketFilters.ts" classname="/Users/romainlenzotti/workspace/ts-projects/ts-express-decorators/packages/socketio/src/interfaces/SocketFilters" />
</testsuite>
<testsuite package="org.eslint" time="0" tests="1" errors="0" name="/Users/romainlenzotti/workspace/ts-projects/ts-express-decorators/packages/socketio/src/interfaces/SocketReturnsTypes.ts">
<testcase time="0" name="/Users/romainlenzotti/workspace/ts-projects/ts-express-decorators/packages/socketio/src/interfaces/SocketReturnsTypes.ts" classname="/Users/romainlenzotti/workspace/ts-projects/ts-express-decorators/packages/socketio/src/interfaces/SocketReturnsTypes" />
</testsuite>
<testsuite package="org.eslint" time="0" tests="1" errors="0" name="/Users/romainlenzotti/workspace/ts-projects/ts-express-decorators/packages/socketio/src/interfaces/index.ts">
<testcase time="0" name="/Users/romainlenzotti/workspace/ts-projects/ts-express-decorators/packages/socketio/src/interfaces/index.ts" classname="/Users/romainlenzotti/workspace/ts-projects/ts-express-decorators/packages/socketio/src/interfaces/index" />
</testsuite>
<testsuite package="org.eslint" time="0" tests="1" errors="0" name="/Users/romainlenzotti/workspace/ts-projects/ts-express-decorators/packages/socketio/src/registries/NspSessionRegistry.spec.ts">
<testcase time="0" name="/Users/romainlenzotti/workspace/ts-projects/ts-express-decorators/packages/socketio/src/registries/NspSessionRegistry.spec.ts" classname="/Users/romainlenzotti/workspace/ts-projects/ts-express-decorators/packages/socketio/src/registries/NspSessionRegistry.spec" />
</testsuite>
<testsuite package="org.eslint" time="0" tests="1" errors="0" name="/Users/romainlenzotti/workspace/ts-projects/ts-express-decorators/packages/socketio/src/registries/NspSessionRegistry.ts">
<testcase time="0" name="/Users/romainlenzotti/workspace/ts-projects/ts-express-decorators/packages/socketio/src/registries/NspSessionRegistry.ts" classname="/Users/romainlenzotti/workspace/ts-projects/ts-express-decorators/packages/socketio/src/registries/NspSessionRegistry" />
</testsuite>
<testsuite package="org.eslint" time="0" tests="1" errors="0" name="/Users/romainlenzotti/workspace/ts-projects/ts-express-decorators/packages/socketio/src/registries/SocketServiceRegistry.ts">
<testcase time="0" name="/Users/romainlenzotti/workspace/ts-projects/ts-express-decorators/packages/socketio/src/registries/SocketServiceRegistry.ts" classname="/Users/romainlenzotti/workspace/ts-projects/ts-express-decorators/packages/socketio/src/registries/SocketServiceRegistry" />
</testsuite>
<testsuite package="org.eslint" time="0" tests="1" errors="0" name="/Users/romainlenzotti/workspace/ts-projects/ts-express-decorators/packages/socketio/src/services/SocketIOServer.ts">
<testcase time="0" name="/Users/romainlenzotti/workspace/ts-projects/ts-express-decorators/packages/socketio/src/services/SocketIOServer.ts" classname="/Users/romainlenzotti/workspace/ts-projects/ts-express-decorators/packages/socketio/src/services/SocketIOServer" />
</testsuite>
<testsuite package="org.eslint" time="0" tests="1" errors="0" name="/Users/romainlenzotti/workspace/ts-projects/ts-express-decorators/packages/socketio/src/services/SocketIOService.spec.ts">
<testcase time="0" name="/Users/romainlenzotti/workspace/ts-projects/ts-express-decorators/packages/socketio/src/services/SocketIOService.spec.ts" classname="/Users/romainlenzotti/workspace/ts-projects/ts-express-decorators/packages/socketio/src/services/SocketIOService.spec" />
</testsuite>
<testsuite package="org.eslint" time="0" tests="1" errors="0" name="/Users/romainlenzotti/workspace/ts-projects/ts-express-decorators/packages/socketio/src/services/SocketIOService.ts">
<testcase time="0" name="/Users/romainlenzotti/workspace/ts-projects/ts-express-decorators/packages/socketio/src/services/SocketIOService.ts" classname="/Users/romainlenzotti/workspace/ts-projects/ts-express-decorators/packages/socketio/src/services/SocketIOService" />
</testsuite>
<testsuite package="org.eslint" time="0" tests="1" errors="0" name="/Users/romainlenzotti/workspace/ts-projects/ts-express-decorators/packages/swagger/src/SwaggerModule.spec.ts">
<testcase time="0" name="/Users/romainlenzotti/workspace/ts-projects/ts-express-decorators/packages/swagger/src/SwaggerModule.spec.ts" classname="/Users/romainlenzotti/workspace/ts-projects/ts-express-decorators/packages/swagger/src/SwaggerModule.spec" />
</testsuite>
<testsuite package="org.eslint" time="0" tests="1" errors="0" name="/Users/romainlenzotti/workspace/ts-projects/ts-express-decorators/packages/swagger/src/SwaggerModule.ts">
<testcase time="0" name="/Users/romainlenzotti/workspace/ts-projects/ts-express-decorators/packages/swagger/src/SwaggerModule.ts" classname="/Users/romainlenzotti/workspace/ts-projects/ts-express-decorators/packages/swagger/src/SwaggerModule" />
</testsuite>
<testsuite package="org.eslint" time="0" tests="1" errors="0" name="/Users/romainlenzotti/workspace/ts-projects/ts-express-decorators/packages/swagger/src/decorators/docs.ts">
<testcase time="0" name="/Users/romainlenzotti/workspace/ts-projects/ts-express-decorators/packages/swagger/src/decorators/docs.ts" classname="/Users/romainlenzotti/workspace/ts-projects/ts-express-decorators/packages/swagger/src/decorators/docs" />
</testsuite>
<testsuite package="org.eslint" time="0" tests="1" errors="0" name="/Users/romainlenzotti/workspace/ts-projects/ts-express-decorators/packages/swagger/src/decorators/hidden.ts">
<testcase time="0" name="/Users/romainlenzotti/workspace/ts-projects/ts-express-decorators/packages/swagger/src/decorators/hidden.ts" classname="/Users/romainlenzotti/workspace/ts-projects/ts-express-decorators/packages/swagger/src/decorators/hidden" />
</testsuite>
<testsuite package="org.eslint" time="0" tests="1" errors="0" name="/Users/romainlenzotti/workspace/ts-projects/ts-express-decorators/packages/swagger/src/index.ts">
<testcase time="0" name="/Users/romainlenzotti/workspace/ts-projects/ts-express-decorators/packages/swagger/src/index.ts" classname="/Users/romainlenzotti/workspace/ts-projects/ts-express-decorators/packages/swagger/src/index" />
</testsuite>
<testsuite package="org.eslint" time="0" tests="1" errors="0" name="/Users/romainlenzotti/workspace/ts-projects/ts-express-decorators/packages/swagger/src/interfaces/SwaggerSettings.ts">
<testcase time="0" name="/Users/romainlenzotti/workspace/ts-projects/ts-express-decorators/packages/swagger/src/interfaces/SwaggerSettings.ts" classname="/Users/romainlenzotti/workspace/ts-projects/ts-express-decorators/packages/swagger/src/interfaces/SwaggerSettings" />
</testsuite>
<testsuite package="org.eslint" time="0" tests="1" errors="0" name="/Users/romainlenzotti/workspace/ts-projects/ts-express-decorators/packages/swagger/src/interfaces/index.ts">
<testcase time="0" name="/Users/romainlenzotti/workspace/ts-projects/ts-express-decorators/packages/swagger/src/interfaces/index.ts" classname="/Users/romainlenzotti/workspace/ts-projects/ts-express-decorators/packages/swagger/src/interfaces/index" />
</testsuite>
<testsuite package="org.eslint" time="0" tests="1" errors="0" name="/Users/romainlenzotti/workspace/ts-projects/ts-express-decorators/packages/swagger/src/middlewares/cssMiddleware.spec.ts">
<testcase time="0" name="/Users/romainlenzotti/workspace/ts-projects/ts-express-decorators/packages/swagger/src/middlewares/cssMiddleware.spec.ts" classname="/Users/romainlenzotti/workspace/ts-projects/ts-express-decorators/packages/swagger/src/middlewares/cssMiddleware.spec" />
</testsuite>
<testsuite package="org.eslint" time="0" tests="1" errors="0" name="/Users/romainlenzotti/workspace/ts-projects/ts-express-decorators/packages/swagger/src/middlewares/cssMiddleware.ts">
<testcase time="0" name="/Users/romainlenzotti/workspace/ts-projects/ts-express-decorators/packages/swagger/src/middlewares/cssMiddleware.ts" classname="/Users/romainlenzotti/workspace/ts-projects/ts-express-decorators/packages/swagger/src/middlewares/cssMiddleware" />
</testsuite>
<testsuite package="org.eslint" time="0" tests="1" errors="0" name="/Users/romainlenzotti/workspace/ts-projects/ts-express-decorators/packages/swagger/src/middlewares/indexMiddleware.spec.ts">
<testcase time="0" name="/Users/romainlenzotti/workspace/ts-projects/ts-express-decorators/packages/swagger/src/middlewares/indexMiddleware.spec.ts" classname="/Users/romainlenzotti/workspace/ts-projects/ts-express-decorators/packages/swagger/src/middlewares/indexMiddleware.spec" />
</testsuite>
<testsuite package="org.eslint" time="0" tests="1" errors="0" name="/Users/romainlenzotti/workspace/ts-projects/ts-express-decorators/packages/swagger/src/middlewares/indexMiddleware.ts">
<testcase time="0" name="/Users/romainlenzotti/workspace/ts-projects/ts-express-decorators/packages/swagger/src/middlewares/indexMiddleware.ts" classname="/Users/romainlenzotti/workspace/ts-projects/ts-express-decorators/packages/swagger/src/middlewares/indexMiddleware" />
</testsuite>
<testsuite package="org.eslint" time="0" tests="1" errors="0" name="/Users/romainlenzotti/workspace/ts-projects/ts-express-decorators/packages/swagger/src/middlewares/jsMiddleware.spec.ts">
<testcase time="0" name="/Users/romainlenzotti/workspace/ts-projects/ts-express-decorators/packages/swagger/src/middlewares/jsMiddleware.spec.ts" classname="/Users/romainlenzotti/workspace/ts-projects/ts-express-decorators/packages/swagger/src/middlewares/jsMiddleware.spec" />
</testsuite>
<testsuite package="org.eslint" time="0" tests="1" errors="0" name="/Users/romainlenzotti/workspace/ts-projects/ts-express-decorators/packages/swagger/src/middlewares/jsMiddleware.ts">
<testcase time="0" name="/Users/romainlenzotti/workspace/ts-projects/ts-express-decorators/packages/swagger/src/middlewares/jsMiddleware.ts" classname="/Users/romainlenzotti/workspace/ts-projects/ts-express-decorators/packages/swagger/src/middlewares/jsMiddleware" />
</testsuite>
<testsuite package="org.eslint" time="0" tests="1" errors="0" name="/Users/romainlenzotti/workspace/ts-projects/ts-express-decorators/packages/swagger/src/middlewares/redirectMiddleware.spec.ts">
<testcase time="0" name="/Users/romainlenzotti/workspace/ts-projects/ts-express-decorators/packages/swagger/src/middlewares/redirectMiddleware.spec.ts" classname="/Users/romainlenzotti/workspace/ts-projects/ts-express-decorators/packages/swagger/src/middlewares/redirectMiddleware.spec" />
</testsuite>
<testsuite package="org.eslint" time="0" tests="1" errors="0" name="/Users/romainlenzotti/workspace/ts-projects/ts-express-decorators/packages/swagger/src/middlewares/redirectMiddleware.ts">
<testcase time="0" name="/Users/romainlenzotti/workspace/ts-projects/ts-express-decorators/packages/swagger/src/middlewares/redirectMiddleware.ts" classname="/Users/romainlenzotti/workspace/ts-projects/ts-express-decorators/packages/swagger/src/middlewares/redirectMiddleware" />
</testsuite>
<testsuite package="org.eslint" time="0" tests="1" errors="0" name="/Users/romainlenzotti/workspace/ts-projects/ts-express-decorators/packages/swagger/src/services/SwaggerService.spec.ts">
<testcase time="0" name="/Users/romainlenzotti/workspace/ts-projects/ts-express-decorators/packages/swagger/src/services/SwaggerService.spec.ts" classname="/Users/romainlenzotti/workspace/ts-projects/ts-express-decorators/packages/swagger/src/services/SwaggerService.spec" />
</testsuite>
<testsuite package="org.eslint" time="0" tests="1" errors="0" name="/Users/romainlenzotti/workspace/ts-projects/ts-express-decorators/packages/swagger/src/services/SwaggerService.ts">
<testcase time="0" name="/Users/romainlenzotti/workspace/ts-projects/ts-express-decorators/packages/swagger/src/services/SwaggerService.ts" classname="/Users/romainlenzotti/workspace/ts-projects/ts-express-decorators/packages/swagger/src/services/SwaggerService" />
</testsuite>
<testsuite package="org.eslint" time="0" tests="1" errors="0" name="/Users/romainlenzotti/workspace/ts-projects/ts-express-decorators/packages/swagger/src/utils/getReducers.spec.ts">
<testcase time="0" name="/Users/romainlenzotti/workspace/ts-projects/ts-express-decorators/packages/swagger/src/utils/getReducers.spec.ts" classname="/Users/romainlenzotti/workspace/ts-projects/ts-express-decorators/packages/swagger/src/utils/index.spec" />
</testsuite>
<testsuite package="org.eslint" time="0" tests="1" errors="0" name="/Users/romainlenzotti/workspace/ts-projects/ts-express-decorators/packages/swagger/src/utils/index.ts">
<testcase time="0" name="/Users/romainlenzotti/workspace/ts-projects/ts-express-decorators/packages/swagger/src/utils/index.ts" classname="/Users/romainlenzotti/workspace/ts-projects/ts-express-decorators/packages/swagger/src/utils/index" />
</testsuite>
<testsuite package="org.eslint" time="0" tests="1" errors="0" name="/Users/romainlenzotti/workspace/ts-projects/ts-express-decorators/packages/testing-mongoose/src/TestMongooseContext.ts">
<testcase time="0" name="/Users/romainlenzotti/workspace/ts-projects/ts-express-decorators/packages/testing-mongoose/src/TestMongooseContext.ts" classname="/Users/romainlenzotti/workspace/ts-projects/ts-express-decorators/packages/testing-mongoose/src/TestMongooseContext" />
</testsuite>
<testsuite package="org.eslint" time="0" tests="1" errors="0" name="/Users/romainlenzotti/workspace/ts-projects/ts-express-decorators/packages/testing-mongoose/src/index.ts">
<testcase time="0" name="/Users/romainlenzotti/workspace/ts-projects/ts-express-decorators/packages/testing-mongoose/src/index.ts" classname="/Users/romainlenzotti/workspace/ts-projects/ts-express-decorators/packages/testing-mongoose/src/index" />
</testsuite>
<testsuite package="org.eslint" time="0" tests="1" errors="0" name="/Users/romainlenzotti/workspace/ts-projects/ts-express-decorators/packages/typeorm/src/TypeORMModule.ts">
<testcase time="0" name="/Users/romainlenzotti/workspace/ts-projects/ts-express-decorators/packages/typeorm/src/TypeORMModule.ts" classname="/Users/romainlenzotti/workspace/ts-projects/ts-express-decorators/packages/typeorm/src/TypeORMModule" />
</testsuite>
<testsuite package="org.eslint" time="0" tests="1" errors="0" name="/Users/romainlenzotti/workspace/ts-projects/ts-express-decorators/packages/typeorm/src/decorators/useConnection.ts">
<testcase time="0" name="/Users/romainlenzotti/workspace/ts-projects/ts-express-decorators/packages/typeorm/src/decorators/useConnection.ts" classname="/Users/romainlenzotti/workspace/ts-projects/ts-express-decorators/packages/typeorm/src/decorators/useConnection" />
</testsuite>
<testsuite package="org.eslint" time="0" tests="1" errors="0" name="/Users/romainlenzotti/workspace/ts-projects/ts-express-decorators/packages/typeorm/src/index.ts">
<testcase time="0" name="/Users/romainlenzotti/workspace/ts-projects/ts-express-decorators/packages/typeorm/src/index.ts" classname="/Users/romainlenzotti/workspace/ts-projects/ts-express-decorators/packages/typeorm/src/index" />
</testsuite>
<testsuite package="org.eslint" time="0" tests="1" errors="0" name="/Users/romainlenzotti/workspace/ts-projects/ts-express-decorators/packages/typeorm/src/services/TypeORMService.spec.ts">
<testcase time="0" name="/Users/romainlenzotti/workspace/ts-projects/ts-express-decorators/packages/typeorm/src/services/TypeORMService.spec.ts" classname="/Users/romainlenzotti/workspace/ts-projects/ts-express-decorators/packages/typeorm/src/services/TypeORMService.spec" />
</testsuite>
<testsuite package="org.eslint" time="0" tests="1" errors="0" name="/Users/romainlenzotti/workspace/ts-projects/ts-express-decorators/packages/typeorm/src/services/TypeORMService.ts">
<testcase time="0" name="/Users/romainlenzotti/workspace/ts-projects/ts-express-decorators/packages/typeorm/src/services/TypeORMService.ts" classname="/Users/romainlenzotti/workspace/ts-projects/ts-express-decorators/packages/typeorm/src/services/TypeORMService" />
</testsuite>
<testsuite package="org.eslint" time="0" tests="1" errors="0" name="/Users/romainlenzotti/workspace/ts-projects/ts-express-decorators/packages/typeorm/src/utils/createConnection.spec.ts">
<testcase time="0" name="/Users/romainlenzotti/workspace/ts-projects/ts-express-decorators/packages/typeorm/src/utils/createConnection.spec.ts" classname="/Users/romainlenzotti/workspace/ts-projects/ts-express-decorators/packages/typeorm/src/utils/createConnection.spec" />
</testsuite>
<testsuite package="org.eslint" time="0" tests="1" errors="0" name="/Users/romainlenzotti/workspace/ts-projects/ts-express-decorators/packages/typeorm/src/utils/createConnection.ts">
<testcase time="0" name="/Users/romainlenzotti/workspace/ts-projects/ts-express-decorators/packages/typeorm/src/utils/createConnection.ts" classname="/Users/romainlenzotti/workspace/ts-projects/ts-express-decorators/packages/typeorm/src/utils/createConnection" />
</testsuite>
</testsuites>
